{"__type":"$$EventMessageAudit","id":"27a34b0d-7f7f-4d42-b26a-a6f6b1019822","ts":"2026-07-06T09:46:47.876+00:00","eventName":"n8n.audit.workflow.executed","message":"n8n.audit.workflow.executed","payload":{"userId":"7b3e0480-85d1-4351-8a64-bff74bd5f199","_email":"kusumpakira1@gmail.com","_firstName":"Kusum","_lastName":"Pakira","globalRole":"global:owner","workflowId":"0dwCXsJWNwp5eEzO","workflowName":"Custom Reminders and Nagging Scheduler","executionId":"271","source":"user-manual"}}
{"__type":"$$EventMessageConfirm","confirm":"27a34b0d-7f7f-4d42-b26a-a6f6b1019822","ts":"2026-07-06T09:46:47.878+00:00","source":{"id":"0","name":"eventBus"}}
{"__type":"$$EventMessageWorkflow","id":"991ab26f-9675-4bd2-a618-42b3ddb7a69c","ts":"2026-07-06T09:46:47.885+00:00","eventName":"n8n.workflow.started","message":"n8n.workflow.started","payload":{"executionId":"271","workflowId":"0dwCXsJWNwp5eEzO","isManual":false,"mode":"manual","workflowName":"Custom Reminders and Nagging Scheduler","projectId":"0hun36oYEh2yNKAD","projectName":"Kusum Pakira <kusumpakira1@gmail.com>"}}
{"__type":"$$EventMessageConfirm","confirm":"991ab26f-9675-4bd2-a618-42b3ddb7a69c","ts":"2026-07-06T09:46:47.885+00:00","source":{"id":"0","name":"eventBus"}}
{"__type":"$$EventMessageNode","id":"824d2f76-fdbc-463d-a15e-87570dc430f5","ts":"2026-07-06T09:46:47.907+00:00","eventName":"n8n.node.started","message":"n8n.node.started","payload":{"workflowId":"0dwCXsJWNwp5eEzO","workflowName":"Custom Reminders and Nagging Scheduler","executionId":"271","nodeType":"n8n-nodes-base.scheduleTrigger","nodeName":"Schedule Trigger (Every 5 Mins)","nodeId":"34fc9c6a-d6bf-4aed-bb20-e9af6d430b32"}}
{"__type":"$$EventMessageConfirm","confirm":"824d2f76-fdbc-463d-a15e-87570dc430f5","ts":"2026-07-06T09:46:47.907+00:00","source":{"id":"0","name":"eventBus"}}
{"__type":"$$EventMessageNode","id":"414ac786-f92b-4e57-abd6-6cca1c24e810","ts":"2026-07-06T09:46:47.929+00:00","eventName":"n8n.node.finished","message":"n8n.node.finished","payload":{"workflowId":"0dwCXsJWNwp5eEzO","workflowName":"Custom Reminders and Nagging Scheduler","executionId":"271","nodeType":"n8n-nodes-base.scheduleTrigger","nodeName":"Schedule Trigger (Every 5 Mins)","nodeId":"34fc9c6a-d6bf-4aed-bb20-e9af6d430b32"}}
{"__type":"$$EventMessageConfirm","confirm":"414ac786-f92b-4e57-abd6-6cca1c24e810","ts":"2026-07-06T09:46:47.929+00:00","source":{"id":"0","name":"eventBus"}}
{"__type":"$$EventMessageNode","id":"50fb6855-cc55-447d-8f72-6d8589320e6b","ts":"2026-07-06T09:46:47.932+00:00","eventName":"n8n.node.started","message":"n8n.node.started","payload":{"workflowId":"0dwCXsJWNwp5eEzO","workflowName":"Custom Reminders and Nagging Scheduler","executionId":"271","nodeType":"n8n-nodes-base.mySql","nodeName":"Fetch Triggered Alarms","nodeId":"600e263b-f6a2-46a0-b779-693b20ea3a8f"}}
{"__type":"$$EventMessageConfirm","confirm":"50fb6855-cc55-447d-8f72-6d8589320e6b","ts":"2026-07-06T09:46:47.932+00:00","source":{"id":"0","name":"eventBus"}}
{"__type":"$$EventMessageNode","id":"31e47688-70a4-4bc6-9b5d-38cdfb15af81","ts":"2026-07-06T09:46:48.119+00:00","eventName":"n8n.node.finished","message":"n8n.node.finished","payload":{"workflowId":"0dwCXsJWNwp5eEzO","workflowName":"Custom Reminders and Nagging Scheduler","executionId":"271","nodeType":"n8n-nodes-base.mySql","nodeName":"Fetch Triggered Alarms","nodeId":"600e263b-f6a2-46a0-b779-693b20ea3a8f"}}
{"__type":"$$EventMessageConfirm","confirm":"31e47688-70a4-4bc6-9b5d-38cdfb15af81","ts":"2026-07-06T09:46:48.119+00:00","source":{"id":"0","name":"eventBus"}}
{"__type":"$$EventMessageNode","id":"d22a8ece-0aae-43bc-b7d4-4612d802586c","ts":"2026-07-06T09:46:48.120+00:00","eventName":"n8n.node.started","message":"n8n.node.started","payload":{"workflowId":"0dwCXsJWNwp5eEzO","workflowName":"Custom Reminders and Nagging Scheduler","executionId":"271","nodeType":"n8n-nodes-base.splitInBatches","nodeName":"Loop Alarms","nodeId":"1eb9c55d-c2d3-4cb1-b753-a6c31d614216"}}
{"__type":"$$EventMessageConfirm","confirm":"d22a8ece-0aae-43bc-b7d4-4612d802586c","ts":"2026-07-06T09:46:48.120+00:00","source":{"id":"0","name":"eventBus"}}
{"__type":"$$EventMessageNode","id":"cfa9ef82-de1c-4a31-97dd-97e58d2aff82","ts":"2026-07-06T09:46:48.124+00:00","eventName":"n8n.node.finished","message":"n8n.node.finished","payload":{"workflowId":"0dwCXsJWNwp5eEzO","workflowName":"Custom Reminders and Nagging Scheduler","executionId":"271","nodeType":"n8n-nodes-base.splitInBatches","nodeName":"Loop Alarms","nodeId":"1eb9c55d-c2d3-4cb1-b753-a6c31d614216"}}
{"__type":"$$EventMessageConfirm","confirm":"cfa9ef82-de1c-4a31-97dd-97e58d2aff82","ts":"2026-07-06T09:46:48.124+00:00","source":{"id":"0","name":"eventBus"}}
{"__type":"$$EventMessageNode","id":"bbfce268-dc9a-4a7e-a124-a56655f6ee53","ts":"2026-07-06T09:46:48.128+00:00","eventName":"n8n.node.started","message":"n8n.node.started","payload":{"workflowId":"0dwCXsJWNwp5eEzO","workflowName":"Custom Reminders and Nagging Scheduler","executionId":"271","nodeType":"n8n-nodes-base.httpRequest","nodeName":"Send WhatsApp via WAHA","nodeId":"b9b44784-25f5-4e38-9003-0fdbae608547"}}
{"__type":"$$EventMessageConfirm","confirm":"bbfce268-dc9a-4a7e-a124-a56655f6ee53","ts":"2026-07-06T09:46:48.129+00:00","source":{"id":"0","name":"eventBus"}}
{"__type":"$$EventMessageNode","id":"6f184cd0-e268-447a-ad4b-c1905944cf71","ts":"2026-07-06T05:46:50.394-04:00","eventName":"n8n.node.finished","message":"n8n.node.finished","payload":{"workflowId":"0dwCXsJWNwp5eEzO","workflowName":"Custom Reminders and Nagging Scheduler","executionId":"271","nodeType":"n8n-nodes-base.httpRequest","nodeName":"Send WhatsApp via WAHA","nodeId":"b9b44784-25f5-4e38-9003-0fdbae608547"}}
{"__type":"$$EventMessageConfirm","confirm":"6f184cd0-e268-447a-ad4b-c1905944cf71","ts":"2026-07-06T05:46:50.394-04:00","source":{"id":"0","name":"eventBus"}}
{"__type":"$$EventMessageNode","id":"52357d68-6502-45a0-9a9f-7faf9192c642","ts":"2026-07-06T05:46:50.396-04:00","eventName":"n8n.node.started","message":"n8n.node.started","payload":{"workflowId":"0dwCXsJWNwp5eEzO","workflowName":"Custom Reminders and Nagging Scheduler","executionId":"271","nodeType":"n8n-nodes-base.mySql","nodeName":"Update Alarm Status","nodeId":"28a403b0-dc51-44e2-ac09-34205e588fcd"}}
{"__type":"$$EventMessageConfirm","confirm":"52357d68-6502-45a0-9a9f-7faf9192c642","ts":"2026-07-06T05:46:50.396-04:00","source":{"id":"0","name":"eventBus"}}
{"__type":"$$EventMessageNode","id":"82806d66-cb92-42f1-94e7-b44a2a198008","ts":"2026-07-06T05:46:50.549-04:00","eventName":"n8n.node.finished","message":"n8n.node.finished","payload":{"workflowId":"0dwCXsJWNwp5eEzO","workflowName":"Custom Reminders and Nagging Scheduler","executionId":"271","nodeType":"n8n-nodes-base.mySql","nodeName":"Update Alarm Status","nodeId":"28a403b0-dc51-44e2-ac09-34205e588fcd"}}
{"__type":"$$EventMessageConfirm","confirm":"82806d66-cb92-42f1-94e7-b44a2a198008","ts":"2026-07-06T05:46:50.549-04:00","source":{"id":"0","name":"eventBus"}}
{"__type":"$$EventMessageWorkflow","id":"6503e35c-f084-4d97-960f-d77a96d738d8","ts":"2026-07-06T05:46:50.558-04:00","eventName":"n8n.workflow.failed","message":"n8n.workflow.failed","payload":{"userId":"7b3e0480-85d1-4351-8a64-bff74bd5f199","executionId":"271","success":false,"isManual":true,"mode":"manual","workflowId":"0dwCXsJWNwp5eEzO","workflowName":"Custom Reminders and Nagging Scheduler","projectId":"0hun36oYEh2yNKAD","projectName":"Kusum Pakira <kusumpakira1@gmail.com>","lastNodeExecuted":"Update Alarm Status","errorNodeType":"n8n-nodes-base.mySql","errorMessage":"Unknown column 'undefined' in 'WHERE'"}}
{"__type":"$$EventMessageConfirm","confirm":"6503e35c-f084-4d97-960f-d77a96d738d8","ts":"2026-07-06T05:46:50.558-04:00","source":{"id":"0","name":"eventBus"}}
{"__type":"$$EventMessageAudit","id":"1211fa05-4761-45e0-843c-89687dc19a1e","ts":"2026-07-06T05:46:55.764-04:00","eventName":"n8n.audit.workflow.executed","message":"n8n.audit.workflow.executed","payload":{"userId":"7b3e0480-85d1-4351-8a64-bff74bd5f199","_email":"kusumpakira1@gmail.com","_firstName":"Kusum","_lastName":"Pakira","globalRole":"global:owner","workflowId":"0dwCXsJWNwp5eEzO","workflowName":"Custom Reminders and Nagging Scheduler","executionId":"272","source":"user-manual"}}
{"__type":"$$EventMessageConfirm","confirm":"1211fa05-4761-45e0-843c-89687dc19a1e","ts":"2026-07-06T05:46:55.764-04:00","source":{"id":"0","name":"eventBus"}}
{"__type":"$$EventMessageWorkflow","id":"241c3287-fa52-4eed-9e8a-edcd2f45e371","ts":"2026-07-06T05:46:55.765-04:00","eventName":"n8n.workflow.started","message":"n8n.workflow.started","payload":{"executionId":"272","workflowId":"0dwCXsJWNwp5eEzO","isManual":false,"mode":"manual","workflowName":"Custom Reminders and Nagging Scheduler","projectId":"0hun36oYEh2yNKAD","projectName":"Kusum Pakira <kusumpakira1@gmail.com>"}}
{"__type":"$$EventMessageConfirm","confirm":"241c3287-fa52-4eed-9e8a-edcd2f45e371","ts":"2026-07-06T05:46:55.765-04:00","source":{"id":"0","name":"eventBus"}}
{"__type":"$$EventMessageNode","id":"a9b0f5b2-3b52-4703-a559-8124ec76c417","ts":"2026-07-06T05:46:55.784-04:00","eventName":"n8n.node.started","message":"n8n.node.started","payload":{"workflowId":"0dwCXsJWNwp5eEzO","workflowName":"Custom Reminders and Nagging Scheduler","executionId":"272","nodeType":"n8n-nodes-base.mySql","nodeName":"Update Alarm Status","nodeId":"28a403b0-dc51-44e2-ac09-34205e588fcd"}}
{"__type":"$$EventMessageConfirm","confirm":"a9b0f5b2-3b52-4703-a559-8124ec76c417","ts":"2026-07-06T05:46:55.784-04:00","source":{"id":"0","name":"eventBus"}}
{"__type":"$$EventMessageNode","id":"41b900f0-4021-4599-bfca-812549e3e9ec","ts":"2026-07-06T05:46:55.901-04:00","eventName":"n8n.node.finished","message":"n8n.node.finished","payload":{"workflowId":"0dwCXsJWNwp5eEzO","workflowName":"Custom Reminders and Nagging Scheduler","executionId":"272","nodeType":"n8n-nodes-base.mySql","nodeName":"Update Alarm Status","nodeId":"28a403b0-dc51-44e2-ac09-34205e588fcd"}}
{"__type":"$$EventMessageConfirm","confirm":"41b900f0-4021-4599-bfca-812549e3e9ec","ts":"2026-07-06T05:46:55.902-04:00","source":{"id":"0","name":"eventBus"}}
{"__type":"$$EventMessageWorkflow","id":"71ded1b7-1c2a-4ef9-80b0-e7c735d74546","ts":"2026-07-06T05:46:55.905-04:00","eventName":"n8n.workflow.failed","message":"n8n.workflow.failed","payload":{"userId":"7b3e0480-85d1-4351-8a64-bff74bd5f199","executionId":"272","success":false,"isManual":true,"mode":"manual","workflowId":"0dwCXsJWNwp5eEzO","workflowName":"Custom Reminders and Nagging Scheduler","projectId":"0hun36oYEh2yNKAD","projectName":"Kusum Pakira <kusumpakira1@gmail.com>","lastNodeExecuted":"Update Alarm Status","errorNodeType":"n8n-nodes-base.mySql","errorMessage":"Unknown column 'undefined' in 'WHERE'"}}
{"__type":"$$EventMessageConfirm","confirm":"71ded1b7-1c2a-4ef9-80b0-e7c735d74546","ts":"2026-07-06T05:46:55.905-04:00","source":{"id":"0","name":"eventBus"}}
{"__type":"$$EventMessageAudit","id":"d6a22ecc-aeb8-49f2-a220-f2a61ad0dd1c","ts":"2026-07-06T05:47:32.683-04:00","eventName":"n8n.audit.workflow.updated","message":"n8n.audit.workflow.updated","payload":{"userId":"7b3e0480-85d1-4351-8a64-bff74bd5f199","_email":"kusumpakira1@gmail.com","_firstName":"Kusum","_lastName":"Pakira","globalRole":"global:owner","workflowId":"0dwCXsJWNwp5eEzO","workflowName":"Custom Reminders and Nagging Scheduler"}}
{"__type":"$$EventMessageConfirm","confirm":"d6a22ecc-aeb8-49f2-a220-f2a61ad0dd1c","ts":"2026-07-06T05:47:32.695-04:00","source":{"id":"0","name":"eventBus"}}
{"__type":"$$EventMessageAudit","id":"279a7863-2833-45b9-96c3-e810a1b3a5fe","ts":"2026-07-06T05:47:33.547-04:00","eventName":"n8n.audit.workflow.updated","message":"n8n.audit.workflow.updated","payload":{"userId":"7b3e0480-85d1-4351-8a64-bff74bd5f199","_email":"kusumpakira1@gmail.com","_firstName":"Kusum","_lastName":"Pakira","globalRole":"global:owner","workflowId":"0dwCXsJWNwp5eEzO","workflowName":"Custom Reminders and Nagging Scheduler"}}
{"__type":"$$EventMessageConfirm","confirm":"279a7863-2833-45b9-96c3-e810a1b3a5fe","ts":"2026-07-06T05:47:33.547-04:00","source":{"id":"0","name":"eventBus"}}
{"__type":"$$EventMessageAudit","id":"e87ec714-01a0-4f4c-8d23-d28cb33d0b66","ts":"2026-07-06T05:47:33.640-04:00","eventName":"n8n.audit.workflow.updated","message":"n8n.audit.workflow.updated","payload":{"userId":"7b3e0480-85d1-4351-8a64-bff74bd5f199","_email":"kusumpakira1@gmail.com","_firstName":"Kusum","_lastName":"Pakira","globalRole":"global:owner","workflowId":"0dwCXsJWNwp5eEzO","workflowName":"Custom Reminders and Nagging Scheduler"}}
{"__type":"$$EventMessageConfirm","confirm":"e87ec714-01a0-4f4c-8d23-d28cb33d0b66","ts":"2026-07-06T05:47:33.641-04:00","source":{"id":"0","name":"eventBus"}}
{"__type":"$$EventMessageAudit","id":"7f22d39a-5af3-410b-84dd-44866f36ced0","ts":"2026-07-06T05:47:35.228-04:00","eventName":"n8n.audit.workflow.executed","message":"n8n.audit.workflow.executed","payload":{"userId":"7b3e0480-85d1-4351-8a64-bff74bd5f199","_email":"kusumpakira1@gmail.com","_firstName":"Kusum","_lastName":"Pakira","globalRole":"global:owner","workflowId":"0dwCXsJWNwp5eEzO","workflowName":"Custom Reminders and Nagging Scheduler","executionId":"273","source":"user-manual"}}
{"__type":"$$EventMessageConfirm","confirm":"7f22d39a-5af3-410b-84dd-44866f36ced0","ts":"2026-07-06T05:47:35.228-04:00","source":{"id":"0","name":"eventBus"}}
{"__type":"$$EventMessageWorkflow","id":"367a1706-51e1-458a-b9c3-43d31b8e93f5","ts":"2026-07-06T05:47:35.236-04:00","eventName":"n8n.workflow.started","message":"n8n.workflow.started","payload":{"executionId":"273","workflowId":"0dwCXsJWNwp5eEzO","isManual":false,"mode":"manual","workflowName":"Custom Reminders and Nagging Scheduler","projectId":"0hun36oYEh2yNKAD","projectName":"Kusum Pakira <kusumpakira1@gmail.com>"}}
{"__type":"$$EventMessageConfirm","confirm":"367a1706-51e1-458a-b9c3-43d31b8e93f5","ts":"2026-07-06T05:47:35.237-04:00","source":{"id":"0","name":"eventBus"}}
{"__type":"$$EventMessageNode","id":"cbc5b07d-cf04-4b5b-969f-96e859db6b70","ts":"2026-07-06T05:47:35.265-04:00","eventName":"n8n.node.started","message":"n8n.node.started","payload":{"workflowId":"0dwCXsJWNwp5eEzO","workflowName":"Custom Reminders and Nagging Scheduler","executionId":"273","nodeType":"n8n-nodes-base.splitInBatches","nodeName":"Loop Alarms","nodeId":"1eb9c55d-c2d3-4cb1-b753-a6c31d614216"}}
{"__type":"$$EventMessageConfirm","confirm":"cbc5b07d-cf04-4b5b-969f-96e859db6b70","ts":"2026-07-06T05:47:35.265-04:00","source":{"id":"0","name":"eventBus"}}
{"__type":"$$EventMessageNode","id":"f4a71b26-bd6e-4d93-ad52-c106fd1084ce","ts":"2026-07-06T05:47:35.284-04:00","eventName":"n8n.node.finished","message":"n8n.node.finished","payload":{"workflowId":"0dwCXsJWNwp5eEzO","workflowName":"Custom Reminders and Nagging Scheduler","executionId":"273","nodeType":"n8n-nodes-base.splitInBatches","nodeName":"Loop Alarms","nodeId":"1eb9c55d-c2d3-4cb1-b753-a6c31d614216"}}
{"__type":"$$EventMessageConfirm","confirm":"f4a71b26-bd6e-4d93-ad52-c106fd1084ce","ts":"2026-07-06T05:47:35.448-04:00","source":{"id":"0","name":"eventBus"}}
{"__type":"$$EventMessageNode","id":"4765ec1a-f2f8-4dc2-b334-83f043f55adf","ts":"2026-07-06T05:47:35.450-04:00","eventName":"n8n.node.started","message":"n8n.node.started","payload":{"workflowId":"0dwCXsJWNwp5eEzO","workflowName":"Custom Reminders and Nagging Scheduler","executionId":"273","nodeType":"n8n-nodes-base.httpRequest","nodeName":"Send WhatsApp via WAHA","nodeId":"b9b44784-25f5-4e38-9003-0fdbae608547"}}
{"__type":"$$EventMessageConfirm","confirm":"4765ec1a-f2f8-4dc2-b334-83f043f55adf","ts":"2026-07-06T05:47:35.450-04:00","source":{"id":"0","name":"eventBus"}}
{"__type":"$$EventMessageAudit","id":"ef3ac533-16ce-4c1c-8a31-1e24b00dedd1","ts":"2026-07-06T05:47:39.588-04:00","eventName":"n8n.audit.workflow.executed","message":"n8n.audit.workflow.executed","payload":{"userId":"7b3e0480-85d1-4351-8a64-bff74bd5f199","_email":"kusumpakira1@gmail.com","_firstName":"Kusum","_lastName":"Pakira","globalRole":"global:owner","workflowId":"0dwCXsJWNwp5eEzO","workflowName":"Custom Reminders and Nagging Scheduler","executionId":"274","source":"user-manual"}}
{"__type":"$$EventMessageConfirm","confirm":"ef3ac533-16ce-4c1c-8a31-1e24b00dedd1","ts":"2026-07-06T05:47:39.594-04:00","source":{"id":"0","name":"eventBus"}}
{"__type":"$$EventMessageWorkflow","id":"77be9387-78c0-4406-8921-e39d8dda0395","ts":"2026-07-06T05:47:39.605-04:00","eventName":"n8n.workflow.started","message":"n8n.workflow.started","payload":{"executionId":"274","workflowId":"0dwCXsJWNwp5eEzO","isManual":false,"mode":"manual","workflowName":"Custom Reminders and Nagging Scheduler","projectId":"0hun36oYEh2yNKAD","projectName":"Kusum Pakira <kusumpakira1@gmail.com>"}}
{"__type":"$$EventMessageConfirm","confirm":"77be9387-78c0-4406-8921-e39d8dda0395","ts":"2026-07-06T05:47:39.605-04:00","source":{"id":"0","name":"eventBus"}}
{"__type":"$$EventMessageNode","id":"f5e83276-47c5-4cd7-8f7e-b1fb841bf24c","ts":"2026-07-06T05:47:41.389-04:00","eventName":"n8n.node.started","message":"n8n.node.started","payload":{"workflowId":"0dwCXsJWNwp5eEzO","workflowName":"Custom Reminders and Nagging Scheduler","executionId":"274","nodeType":"n8n-nodes-base.splitInBatches","nodeName":"Loop Alarms","nodeId":"1eb9c55d-c2d3-4cb1-b753-a6c31d614216"}}
{"__type":"$$EventMessageConfirm","confirm":"f5e83276-47c5-4cd7-8f7e-b1fb841bf24c","ts":"2026-07-06T05:47:41.390-04:00","source":{"id":"0","name":"eventBus"}}
{"__type":"$$EventMessageNode","id":"bc8d891f-7321-4a76-a112-d0b59a6f80d7","ts":"2026-07-06T05:47:41.539-04:00","eventName":"n8n.node.finished","message":"n8n.node.finished","payload":{"workflowId":"0dwCXsJWNwp5eEzO","workflowName":"Custom Reminders and Nagging Scheduler","executionId":"274","nodeType":"n8n-nodes-base.splitInBatches","nodeName":"Loop Alarms","nodeId":"1eb9c55d-c2d3-4cb1-b753-a6c31d614216"}}
{"__type":"$$EventMessageConfirm","confirm":"bc8d891f-7321-4a76-a112-d0b59a6f80d7","ts":"2026-07-06T05:47:41.541-04:00","source":{"id":"0","name":"eventBus"}}
{"__type":"$$EventMessageNode","id":"04d03520-d5aa-47c0-be12-3d9ffefc13ee","ts":"2026-07-06T05:47:41.695-04:00","eventName":"n8n.node.started","message":"n8n.node.started","payload":{"workflowId":"0dwCXsJWNwp5eEzO","workflowName":"Custom Reminders and Nagging Scheduler","executionId":"274","nodeType":"n8n-nodes-base.httpRequest","nodeName":"Send WhatsApp via WAHA","nodeId":"b9b44784-25f5-4e38-9003-0fdbae608547"}}
{"__type":"$$EventMessageConfirm","confirm":"04d03520-d5aa-47c0-be12-3d9ffefc13ee","ts":"2026-07-06T05:47:41.696-04:00","source":{"id":"0","name":"eventBus"}}
{"__type":"$$EventMessageNode","id":"0e4b77c6-a8a9-47ef-939e-9bcd2f68ce6b","ts":"2026-07-06T05:48:02.267-04:00","eventName":"n8n.node.finished","message":"n8n.node.finished","payload":{"workflowId":"0dwCXsJWNwp5eEzO","workflowName":"Custom Reminders and Nagging Scheduler","executionId":"273","nodeType":"n8n-nodes-base.httpRequest","nodeName":"Send WhatsApp via WAHA","nodeId":"b9b44784-25f5-4e38-9003-0fdbae608547"}}
{"__type":"$$EventMessageConfirm","confirm":"0e4b77c6-a8a9-47ef-939e-9bcd2f68ce6b","ts":"2026-07-06T05:48:02.268-04:00","source":{"id":"0","name":"eventBus"}}
{"__type":"$$EventMessageNode","id":"33ec4f34-c3b4-413a-bc98-6ffed1672bf4","ts":"2026-07-06T05:48:02.269-04:00","eventName":"n8n.node.started","message":"n8n.node.started","payload":{"workflowId":"0dwCXsJWNwp5eEzO","workflowName":"Custom Reminders and Nagging Scheduler","executionId":"273","nodeType":"n8n-nodes-base.mySql","nodeName":"Update Alarm Status","nodeId":"28a403b0-dc51-44e2-ac09-34205e588fcd"}}
{"__type":"$$EventMessageConfirm","confirm":"33ec4f34-c3b4-413a-bc98-6ffed1672bf4","ts":"2026-07-06T05:48:02.269-04:00","source":{"id":"0","name":"eventBus"}}
{"__type":"$$EventMessageNode","id":"d280f3b5-31da-481f-9260-c060d4ea064d","ts":"2026-07-06T05:48:09.124-04:00","eventName":"n8n.node.finished","message":"n8n.node.finished","payload":{"workflowId":"0dwCXsJWNwp5eEzO","workflowName":"Custom Reminders and Nagging Scheduler","executionId":"273","nodeType":"n8n-nodes-base.mySql","nodeName":"Update Alarm Status","nodeId":"28a403b0-dc51-44e2-ac09-34205e588fcd"}}
{"__type":"$$EventMessageConfirm","confirm":"d280f3b5-31da-481f-9260-c060d4ea064d","ts":"2026-07-06T05:48:09.125-04:00","source":{"id":"0","name":"eventBus"}}
{"__type":"$$EventMessageWorkflow","id":"e70b5e6c-1bbd-4da9-9ec4-eb8ec451aa37","ts":"2026-07-06T05:48:09.199-04:00","eventName":"n8n.workflow.failed","message":"n8n.workflow.failed","payload":{"userId":"7b3e0480-85d1-4351-8a64-bff74bd5f199","executionId":"273","success":false,"isManual":true,"mode":"manual","workflowId":"0dwCXsJWNwp5eEzO","workflowName":"Custom Reminders and Nagging Scheduler","projectId":"0hun36oYEh2yNKAD","projectName":"Kusum Pakira <kusumpakira1@gmail.com>","lastNodeExecuted":"Update Alarm Status","errorNodeType":"n8n-nodes-base.mySql","errorMessage":"Unknown column 'undefined' in 'WHERE'"}}
{"__type":"$$EventMessageConfirm","confirm":"e70b5e6c-1bbd-4da9-9ec4-eb8ec451aa37","ts":"2026-07-06T05:48:09.600-04:00","source":{"id":"0","name":"eventBus"}}
{"__type":"$$EventMessageNode","id":"f52f4292-0c8b-47bd-834d-bfaf8fb1afb7","ts":"2026-07-06T05:48:15.426-04:00","eventName":"n8n.node.finished","message":"n8n.node.finished","payload":{"workflowId":"0dwCXsJWNwp5eEzO","workflowName":"Custom Reminders and Nagging Scheduler","executionId":"274","nodeType":"n8n-nodes-base.httpRequest","nodeName":"Send WhatsApp via WAHA","nodeId":"b9b44784-25f5-4e38-9003-0fdbae608547"}}
{"__type":"$$EventMessageConfirm","confirm":"f52f4292-0c8b-47bd-834d-bfaf8fb1afb7","ts":"2026-07-06T05:48:15.427-04:00","source":{"id":"0","name":"eventBus"}}
{"__type":"$$EventMessageNode","id":"98f6cc74-d501-43a5-9c1d-246e3116a8d6","ts":"2026-07-06T05:48:15.428-04:00","eventName":"n8n.node.started","message":"n8n.node.started","payload":{"workflowId":"0dwCXsJWNwp5eEzO","workflowName":"Custom Reminders and Nagging Scheduler","executionId":"274","nodeType":"n8n-nodes-base.mySql","nodeName":"Update Alarm Status","nodeId":"28a403b0-dc51-44e2-ac09-34205e588fcd"}}
{"__type":"$$EventMessageConfirm","confirm":"98f6cc74-d501-43a5-9c1d-246e3116a8d6","ts":"2026-07-06T05:48:15.428-04:00","source":{"id":"0","name":"eventBus"}}
{"__type":"$$EventMessageNode","id":"1f0ab858-b851-4b24-817b-73d25b680fa4","ts":"2026-07-06T05:48:15.618-04:00","eventName":"n8n.node.finished","message":"n8n.node.finished","payload":{"workflowId":"0dwCXsJWNwp5eEzO","workflowName":"Custom Reminders and Nagging Scheduler","executionId":"274","nodeType":"n8n-nodes-base.mySql","nodeName":"Update Alarm Status","nodeId":"28a403b0-dc51-44e2-ac09-34205e588fcd"}}
{"__type":"$$EventMessageConfirm","confirm":"1f0ab858-b851-4b24-817b-73d25b680fa4","ts":"2026-07-06T05:48:15.619-04:00","source":{"id":"0","name":"eventBus"}}
{"__type":"$$EventMessageWorkflow","id":"0ab37bfd-1fb1-49a9-9774-88d7f9fe9a9c","ts":"2026-07-06T05:48:15.624-04:00","eventName":"n8n.workflow.failed","message":"n8n.workflow.failed","payload":{"userId":"7b3e0480-85d1-4351-8a64-bff74bd5f199","executionId":"274","success":false,"isManual":true,"mode":"manual","workflowId":"0dwCXsJWNwp5eEzO","workflowName":"Custom Reminders and Nagging Scheduler","projectId":"0hun36oYEh2yNKAD","projectName":"Kusum Pakira <kusumpakira1@gmail.com>","lastNodeExecuted":"Update Alarm Status","errorNodeType":"n8n-nodes-base.mySql","errorMessage":"Unknown column 'undefined' in 'WHERE'"}}
{"__type":"$$EventMessageConfirm","confirm":"0ab37bfd-1fb1-49a9-9774-88d7f9fe9a9c","ts":"2026-07-06T05:48:15.624-04:00","source":{"id":"0","name":"eventBus"}}
{"__type":"$$EventMessageAudit","id":"bab4d5f4-4fb4-409c-ac46-37a953e0eada","ts":"2026-07-06T05:49:16.890-04:00","eventName":"n8n.audit.workflow.updated","message":"n8n.audit.workflow.updated","payload":{"userId":"7b3e0480-85d1-4351-8a64-bff74bd5f199","_email":"kusumpakira1@gmail.com","_firstName":"Kusum","_lastName":"Pakira","globalRole":"global:owner","workflowId":"0dwCXsJWNwp5eEzO","workflowName":"Custom Reminders and Nagging Scheduler"}}
{"__type":"$$EventMessageConfirm","confirm":"bab4d5f4-4fb4-409c-ac46-37a953e0eada","ts":"2026-07-06T05:49:16.907-04:00","source":{"id":"0","name":"eventBus"}}
{"__type":"$$EventMessageAudit","id":"8e0aea10-6414-4518-8054-d282f785dd83","ts":"2026-07-06T05:49:17.459-04:00","eventName":"n8n.audit.workflow.executed","message":"n8n.audit.workflow.executed","payload":{"userId":"7b3e0480-85d1-4351-8a64-bff74bd5f199","_email":"kusumpakira1@gmail.com","_firstName":"Kusum","_lastName":"Pakira","globalRole":"global:owner","workflowId":"0dwCXsJWNwp5eEzO","workflowName":"Custom Reminders and Nagging Scheduler","executionId":"275","source":"user-manual"}}
{"__type":"$$EventMessageConfirm","confirm":"8e0aea10-6414-4518-8054-d282f785dd83","ts":"2026-07-06T05:49:17.459-04:00","source":{"id":"0","name":"eventBus"}}
{"__type":"$$EventMessageWorkflow","id":"b86e408b-ff68-4071-b365-add95f07cf32","ts":"2026-07-06T05:49:17.462-04:00","eventName":"n8n.workflow.started","message":"n8n.workflow.started","payload":{"executionId":"275","workflowId":"0dwCXsJWNwp5eEzO","isManual":false,"mode":"manual","workflowName":"Custom Reminders and Nagging Scheduler","projectId":"0hun36oYEh2yNKAD","projectName":"Kusum Pakira <kusumpakira1@gmail.com>"}}
{"__type":"$$EventMessageConfirm","confirm":"b86e408b-ff68-4071-b365-add95f07cf32","ts":"2026-07-06T05:49:17.463-04:00","source":{"id":"0","name":"eventBus"}}
{"__type":"$$EventMessageNode","id":"d1848a99-e322-4d57-8cf9-4892d2cd6983","ts":"2026-07-06T05:49:17.544-04:00","eventName":"n8n.node.started","message":"n8n.node.started","payload":{"workflowId":"0dwCXsJWNwp5eEzO","workflowName":"Custom Reminders and Nagging Scheduler","executionId":"275","nodeType":"n8n-nodes-base.splitInBatches","nodeName":"Loop Alarms","nodeId":"1eb9c55d-c2d3-4cb1-b753-a6c31d614216"}}
{"__type":"$$EventMessageConfirm","confirm":"d1848a99-e322-4d57-8cf9-4892d2cd6983","ts":"2026-07-06T05:49:17.545-04:00","source":{"id":"0","name":"eventBus"}}
{"__type":"$$EventMessageNode","id":"b5f155b8-5034-43cd-838d-56d74e079b26","ts":"2026-07-06T05:49:17.567-04:00","eventName":"n8n.node.finished","message":"n8n.node.finished","payload":{"workflowId":"0dwCXsJWNwp5eEzO","workflowName":"Custom Reminders and Nagging Scheduler","executionId":"275","nodeType":"n8n-nodes-base.splitInBatches","nodeName":"Loop Alarms","nodeId":"1eb9c55d-c2d3-4cb1-b753-a6c31d614216"}}
{"__type":"$$EventMessageConfirm","confirm":"b5f155b8-5034-43cd-838d-56d74e079b26","ts":"2026-07-06T05:49:17.567-04:00","source":{"id":"0","name":"eventBus"}}
{"__type":"$$EventMessageNode","id":"9b02bed7-88f7-45b2-8423-f1f23f4a37c0","ts":"2026-07-06T05:49:17.573-04:00","eventName":"n8n.node.started","message":"n8n.node.started","payload":{"workflowId":"0dwCXsJWNwp5eEzO","workflowName":"Custom Reminders and Nagging Scheduler","executionId":"275","nodeType":"n8n-nodes-base.httpRequest","nodeName":"Send WhatsApp via WAHA","nodeId":"b9b44784-25f5-4e38-9003-0fdbae608547"}}
{"__type":"$$EventMessageConfirm","confirm":"9b02bed7-88f7-45b2-8423-f1f23f4a37c0","ts":"2026-07-06T05:49:17.573-04:00","source":{"id":"0","name":"eventBus"}}
{"__type":"$$EventMessageNode","id":"029b728b-6365-45e4-aa58-f3d40a338fb8","ts":"2026-07-06T05:49:19.233-04:00","eventName":"n8n.node.finished","message":"n8n.node.finished","payload":{"workflowId":"0dwCXsJWNwp5eEzO","workflowName":"Custom Reminders and Nagging Scheduler","executionId":"275","nodeType":"n8n-nodes-base.httpRequest","nodeName":"Send WhatsApp via WAHA","nodeId":"b9b44784-25f5-4e38-9003-0fdbae608547"}}
{"__type":"$$EventMessageConfirm","confirm":"029b728b-6365-45e4-aa58-f3d40a338fb8","ts":"2026-07-06T05:49:19.233-04:00","source":{"id":"0","name":"eventBus"}}
{"__type":"$$EventMessageNode","id":"92684112-d4a3-429a-adf6-53894d5f93e5","ts":"2026-07-06T05:49:19.234-04:00","eventName":"n8n.node.started","message":"n8n.node.started","payload":{"workflowId":"0dwCXsJWNwp5eEzO","workflowName":"Custom Reminders and Nagging Scheduler","executionId":"275","nodeType":"n8n-nodes-base.mySql","nodeName":"Update Alarm Status","nodeId":"28a403b0-dc51-44e2-ac09-34205e588fcd"}}
{"__type":"$$EventMessageConfirm","confirm":"92684112-d4a3-429a-adf6-53894d5f93e5","ts":"2026-07-06T05:49:19.234-04:00","source":{"id":"0","name":"eventBus"}}
{"__type":"$$EventMessageNode","id":"4518ad99-b85d-4e64-a1ea-392cb8c6f0aa","ts":"2026-07-06T05:49:21.518-04:00","eventName":"n8n.node.finished","message":"n8n.node.finished","payload":{"workflowId":"0dwCXsJWNwp5eEzO","workflowName":"Custom Reminders and Nagging Scheduler","executionId":"275","nodeType":"n8n-nodes-base.mySql","nodeName":"Update Alarm Status","nodeId":"28a403b0-dc51-44e2-ac09-34205e588fcd"}}
{"__type":"$$EventMessageConfirm","confirm":"4518ad99-b85d-4e64-a1ea-392cb8c6f0aa","ts":"2026-07-06T05:49:21.518-04:00","source":{"id":"0","name":"eventBus"}}
{"__type":"$$EventMessageWorkflow","id":"b435d474-efdc-4fd1-8588-1b6f65f538f7","ts":"2026-07-06T05:49:21.546-04:00","eventName":"n8n.workflow.failed","message":"n8n.workflow.failed","payload":{"userId":"7b3e0480-85d1-4351-8a64-bff74bd5f199","executionId":"275","success":false,"isManual":true,"mode":"manual","workflowId":"0dwCXsJWNwp5eEzO","workflowName":"Custom Reminders and Nagging Scheduler","projectId":"0hun36oYEh2yNKAD","projectName":"Kusum Pakira <kusumpakira1@gmail.com>","lastNodeExecuted":"Update Alarm Status","errorNodeType":"n8n-nodes-base.mySql","errorMessage":"Unknown column 'undefined' in 'WHERE'"}}
{"__type":"$$EventMessageConfirm","confirm":"b435d474-efdc-4fd1-8588-1b6f65f538f7","ts":"2026-07-06T05:49:21.547-04:00","source":{"id":"0","name":"eventBus"}}
{"__type":"$$EventMessageAudit","id":"b9f9ce2f-8f96-49a2-b9cd-dbf87f3c5ed4","ts":"2026-07-06T05:51:48.945-04:00","eventName":"n8n.audit.workflow.executed","message":"n8n.audit.workflow.executed","payload":{"userId":"7b3e0480-85d1-4351-8a64-bff74bd5f199","_email":"kusumpakira1@gmail.com","_firstName":"Kusum","_lastName":"Pakira","globalRole":"global:owner","workflowId":"QEZa1rm6eNlx4dan","workflowName":"Unified Reminders New","executionId":"276","source":"user-manual"}}
{"__type":"$$EventMessageConfirm","confirm":"b9f9ce2f-8f96-49a2-b9cd-dbf87f3c5ed4","ts":"2026-07-06T05:51:48.949-04:00","source":{"id":"0","name":"eventBus"}}
{"__type":"$$EventMessageWorkflow","id":"ca51d1ee-2eb6-46da-9400-3533d5e5fccb","ts":"2026-07-06T05:51:48.958-04:00","eventName":"n8n.workflow.started","message":"n8n.workflow.started","payload":{"executionId":"276","workflowId":"QEZa1rm6eNlx4dan","isManual":false,"mode":"manual","workflowName":"Unified Reminders New","projectId":"0hun36oYEh2yNKAD","projectName":"Kusum Pakira <kusumpakira1@gmail.com>"}}
{"__type":"$$EventMessageConfirm","confirm":"ca51d1ee-2eb6-46da-9400-3533d5e5fccb","ts":"2026-07-06T05:51:48.959-04:00","source":{"id":"0","name":"eventBus"}}
{"__type":"$$EventMessageNode","id":"1a1f6a80-41af-4a58-a7a4-913a4391160d","ts":"2026-07-06T05:51:49.036-04:00","eventName":"n8n.node.started","message":"n8n.node.started","payload":{"workflowId":"QEZa1rm6eNlx4dan","workflowName":"Unified Reminders New","executionId":"276","nodeType":"n8n-nodes-base.scheduleTrigger","nodeName":"Schedule Trigger","nodeId":"6fab5261-727a-4518-9238-bd2fac48f490"}}
{"__type":"$$EventMessageConfirm","confirm":"1a1f6a80-41af-4a58-a7a4-913a4391160d","ts":"2026-07-06T05:51:49.037-04:00","source":{"id":"0","name":"eventBus"}}
{"__type":"$$EventMessageNode","id":"c2c9b4da-8032-4cb4-b3bf-02556c1d6095","ts":"2026-07-06T05:51:49.144-04:00","eventName":"n8n.node.finished","message":"n8n.node.finished","payload":{"workflowId":"QEZa1rm6eNlx4dan","workflowName":"Unified Reminders New","executionId":"276","nodeType":"n8n-nodes-base.scheduleTrigger","nodeName":"Schedule Trigger","nodeId":"6fab5261-727a-4518-9238-bd2fac48f490"}}
{"__type":"$$EventMessageConfirm","confirm":"c2c9b4da-8032-4cb4-b3bf-02556c1d6095","ts":"2026-07-06T05:51:49.144-04:00","source":{"id":"0","name":"eventBus"}}
{"__type":"$$EventMessageNode","id":"7d3e6130-7aa7-4b1e-bfba-8b9a27ecdc0e","ts":"2026-07-06T05:51:49.148-04:00","eventName":"n8n.node.started","message":"n8n.node.started","payload":{"workflowId":"QEZa1rm6eNlx4dan","workflowName":"Unified Reminders New","executionId":"276","nodeType":"n8n-nodes-base.mySql","nodeName":"Fetch Triggered Alarms","nodeId":"bfdf0715-b83d-44fb-a515-1bdfb37efeff"}}
{"__type":"$$EventMessageConfirm","confirm":"7d3e6130-7aa7-4b1e-bfba-8b9a27ecdc0e","ts":"2026-07-06T05:51:49.148-04:00","source":{"id":"0","name":"eventBus"}}
{"__type":"$$EventMessageNode","id":"a4a103c0-e20e-48bd-8c6c-0cdc91fed3cc","ts":"2026-07-06T05:51:49.395-04:00","eventName":"n8n.node.finished","message":"n8n.node.finished","payload":{"workflowId":"QEZa1rm6eNlx4dan","workflowName":"Unified Reminders New","executionId":"276","nodeType":"n8n-nodes-base.mySql","nodeName":"Fetch Triggered Alarms","nodeId":"bfdf0715-b83d-44fb-a515-1bdfb37efeff"}}
{"__type":"$$EventMessageConfirm","confirm":"a4a103c0-e20e-48bd-8c6c-0cdc91fed3cc","ts":"2026-07-06T05:51:49.396-04:00","source":{"id":"0","name":"eventBus"}}
{"__type":"$$EventMessageNode","id":"ecccceb1-dbd8-4178-8d8d-ceb749e81761","ts":"2026-07-06T05:51:49.397-04:00","eventName":"n8n.node.started","message":"n8n.node.started","payload":{"workflowId":"QEZa1rm6eNlx4dan","workflowName":"Unified Reminders New","executionId":"276","nodeType":"n8n-nodes-base.mySql","nodeName":"Fetch Today's Submissions","nodeId":"01de0f77-130c-48c2-ab2c-a6e307745b83"}}
{"__type":"$$EventMessageConfirm","confirm":"ecccceb1-dbd8-4178-8d8d-ceb749e81761","ts":"2026-07-06T05:51:49.397-04:00","source":{"id":"0","name":"eventBus"}}
{"__type":"$$EventMessageNode","id":"88af70d6-39c9-4093-a12a-eb17855ac0f8","ts":"2026-07-06T05:51:49.510-04:00","eventName":"n8n.node.finished","message":"n8n.node.finished","payload":{"workflowId":"QEZa1rm6eNlx4dan","workflowName":"Unified Reminders New","executionId":"276","nodeType":"n8n-nodes-base.mySql","nodeName":"Fetch Today's Submissions","nodeId":"01de0f77-130c-48c2-ab2c-a6e307745b83"}}
{"__type":"$$EventMessageConfirm","confirm":"88af70d6-39c9-4093-a12a-eb17855ac0f8","ts":"2026-07-06T05:51:49.510-04:00","source":{"id":"0","name":"eventBus"}}
{"__type":"$$EventMessageNode","id":"753c98a0-863d-4fc9-9e4a-907e335612ea","ts":"2026-07-06T05:51:49.513-04:00","eventName":"n8n.node.started","message":"n8n.node.started","payload":{"workflowId":"QEZa1rm6eNlx4dan","workflowName":"Unified Reminders New","executionId":"276","nodeType":"n8n-nodes-base.mySql","nodeName":"Fetch Group JID Map","nodeId":"60bc5560-3891-4e29-a368-1de055f26624"}}
{"__type":"$$EventMessageConfirm","confirm":"753c98a0-863d-4fc9-9e4a-907e335612ea","ts":"2026-07-06T05:51:49.513-04:00","source":{"id":"0","name":"eventBus"}}
{"__type":"$$EventMessageNode","id":"b42384b2-cd9e-408b-ad46-bd917960f4ff","ts":"2026-07-06T05:51:49.612-04:00","eventName":"n8n.node.finished","message":"n8n.node.finished","payload":{"workflowId":"QEZa1rm6eNlx4dan","workflowName":"Unified Reminders New","executionId":"276","nodeType":"n8n-nodes-base.mySql","nodeName":"Fetch Group JID Map","nodeId":"60bc5560-3891-4e29-a368-1de055f26624"}}
{"__type":"$$EventMessageConfirm","confirm":"b42384b2-cd9e-408b-ad46-bd917960f4ff","ts":"2026-07-06T05:51:49.612-04:00","source":{"id":"0","name":"eventBus"}}
{"__type":"$$EventMessageNode","id":"f94d667f-cd0e-470e-b00a-a336c9d91fd5","ts":"2026-07-06T05:51:49.614-04:00","eventName":"n8n.node.started","message":"n8n.node.started","payload":{"workflowId":"QEZa1rm6eNlx4dan","workflowName":"Unified Reminders New","executionId":"276","nodeType":"n8n-nodes-base.code","nodeName":"Merge Data","nodeId":"4ddf61b7-6648-4d82-aacd-119ca397fdd0"}}
{"__type":"$$EventMessageConfirm","confirm":"f94d667f-cd0e-470e-b00a-a336c9d91fd5","ts":"2026-07-06T05:51:49.614-04:00","source":{"id":"0","name":"eventBus"}}
{"__type":"$$EventMessageRunner","id":"127ad0c0-0200-46ab-9bd1-90b626b891f4","ts":"2026-07-06T05:51:49.804-04:00","eventName":"n8n.runner.task.requested","message":"n8n.runner.task.requested","payload":{"taskId":"kDmOruCW","nodeId":"4ddf61b7-6648-4d82-aacd-119ca397fdd0","workflowId":"QEZa1rm6eNlx4dan","executionId":"276"}}
{"__type":"$$EventMessageConfirm","confirm":"127ad0c0-0200-46ab-9bd1-90b626b891f4","ts":"2026-07-06T05:51:49.804-04:00","source":{"id":"0","name":"eventBus"}}
{"__type":"$$EventMessageRunner","id":"84b46a6c-8fb0-4a82-a296-18c39f0ce1e8","ts":"2026-07-06T05:51:50.857-04:00","eventName":"n8n.runner.response.received","message":"n8n.runner.response.received","payload":{"taskId":"kDmOruCW","nodeId":"4ddf61b7-6648-4d82-aacd-119ca397fdd0","workflowId":"QEZa1rm6eNlx4dan","executionId":"276"}}
{"__type":"$$EventMessageConfirm","confirm":"84b46a6c-8fb0-4a82-a296-18c39f0ce1e8","ts":"2026-07-06T05:51:50.857-04:00","source":{"id":"0","name":"eventBus"}}
{"__type":"$$EventMessageNode","id":"1ff34e96-77ef-4c80-a85d-5ba3f1745fec","ts":"2026-07-06T05:51:50.866-04:00","eventName":"n8n.node.finished","message":"n8n.node.finished","payload":{"workflowId":"QEZa1rm6eNlx4dan","workflowName":"Unified Reminders New","executionId":"276","nodeType":"n8n-nodes-base.code","nodeName":"Merge Data","nodeId":"4ddf61b7-6648-4d82-aacd-119ca397fdd0"}}
{"__type":"$$EventMessageConfirm","confirm":"1ff34e96-77ef-4c80-a85d-5ba3f1745fec","ts":"2026-07-06T05:51:50.866-04:00","source":{"id":"0","name":"eventBus"}}
{"__type":"$$EventMessageNode","id":"fde5eb50-c64e-43bd-b38a-c63785747de8","ts":"2026-07-06T05:51:50.868-04:00","eventName":"n8n.node.started","message":"n8n.node.started","payload":{"workflowId":"QEZa1rm6eNlx4dan","workflowName":"Unified Reminders New","executionId":"276","nodeType":"n8n-nodes-base.splitInBatches","nodeName":"Loop Alarms","nodeId":"85863af3-3a30-45e3-833e-1e0c040b5de8"}}
{"__type":"$$EventMessageConfirm","confirm":"fde5eb50-c64e-43bd-b38a-c63785747de8","ts":"2026-07-06T05:51:50.868-04:00","source":{"id":"0","name":"eventBus"}}
{"__type":"$$EventMessageNode","id":"bc80f2e9-bce2-45ec-8376-08b5265ac019","ts":"2026-07-06T05:51:50.870-04:00","eventName":"n8n.node.finished","message":"n8n.node.finished","payload":{"workflowId":"QEZa1rm6eNlx4dan","workflowName":"Unified Reminders New","executionId":"276","nodeType":"n8n-nodes-base.splitInBatches","nodeName":"Loop Alarms","nodeId":"85863af3-3a30-45e3-833e-1e0c040b5de8"}}
{"__type":"$$EventMessageConfirm","confirm":"bc80f2e9-bce2-45ec-8376-08b5265ac019","ts":"2026-07-06T05:51:50.870-04:00","source":{"id":"0","name":"eventBus"}}
{"__type":"$$EventMessageNode","id":"c2298861-a73e-49f0-abdd-441ecee7e465","ts":"2026-07-06T05:51:50.872-04:00","eventName":"n8n.node.started","message":"n8n.node.started","payload":{"workflowId":"QEZa1rm6eNlx4dan","workflowName":"Unified Reminders New","executionId":"276","nodeType":"n8n-nodes-base.code","nodeName":"Check Submissions","nodeId":"91498836-878a-4df4-b12b-07b7eecc7e91"}}
{"__type":"$$EventMessageConfirm","confirm":"c2298861-a73e-49f0-abdd-441ecee7e465","ts":"2026-07-06T05:51:50.872-04:00","source":{"id":"0","name":"eventBus"}}
{"__type":"$$EventMessageRunner","id":"c91a1d73-a344-41dc-bb34-2cad11c8cedd","ts":"2026-07-06T05:51:50.881-04:00","eventName":"n8n.runner.task.requested","message":"n8n.runner.task.requested","payload":{"taskId":"4HjKYMVc","nodeId":"91498836-878a-4df4-b12b-07b7eecc7e91","workflowId":"QEZa1rm6eNlx4dan","executionId":"276"}}
{"__type":"$$EventMessageConfirm","confirm":"c91a1d73-a344-41dc-bb34-2cad11c8cedd","ts":"2026-07-06T05:51:50.881-04:00","source":{"id":"0","name":"eventBus"}}
{"__type":"$$EventMessageRunner","id":"a5712e29-1b42-49cb-80ad-9ee164301906","ts":"2026-07-06T05:51:51.020-04:00","eventName":"n8n.runner.response.received","message":"n8n.runner.response.received","payload":{"taskId":"4HjKYMVc","nodeId":"91498836-878a-4df4-b12b-07b7eecc7e91","workflowId":"QEZa1rm6eNlx4dan","executionId":"276"}}
{"__type":"$$EventMessageConfirm","confirm":"a5712e29-1b42-49cb-80ad-9ee164301906","ts":"2026-07-06T05:51:51.020-04:00","source":{"id":"0","name":"eventBus"}}
{"__type":"$$EventMessageNode","id":"73ba082a-9b46-4b31-a481-672ed6565b41","ts":"2026-07-06T05:51:51.022-04:00","eventName":"n8n.node.finished","message":"n8n.node.finished","payload":{"workflowId":"QEZa1rm6eNlx4dan","workflowName":"Unified Reminders New","executionId":"276","nodeType":"n8n-nodes-base.code","nodeName":"Check Submissions","nodeId":"91498836-878a-4df4-b12b-07b7eecc7e91"}}
{"__type":"$$EventMessageConfirm","confirm":"73ba082a-9b46-4b31-a481-672ed6565b41","ts":"2026-07-06T05:51:51.022-04:00","source":{"id":"0","name":"eventBus"}}
{"__type":"$$EventMessageNode","id":"46a2d128-2a31-4f9e-8648-5ea777fc5b8d","ts":"2026-07-06T05:51:51.023-04:00","eventName":"n8n.node.started","message":"n8n.node.started","payload":{"workflowId":"QEZa1rm6eNlx4dan","workflowName":"Unified Reminders New","executionId":"276","nodeType":"n8n-nodes-base.if","nodeName":"Is Missing?","nodeId":"c72553c8-c449-4e90-93fc-2ca53c32aa5e"}}
{"__type":"$$EventMessageConfirm","confirm":"46a2d128-2a31-4f9e-8648-5ea777fc5b8d","ts":"2026-07-06T05:51:51.023-04:00","source":{"id":"0","name":"eventBus"}}
{"__type":"$$EventMessageNode","id":"266a34d5-547f-48f8-ae05-7e3d73c8ada3","ts":"2026-07-06T05:51:51.104-04:00","eventName":"n8n.node.finished","message":"n8n.node.finished","payload":{"workflowId":"QEZa1rm6eNlx4dan","workflowName":"Unified Reminders New","executionId":"276","nodeType":"n8n-nodes-base.if","nodeName":"Is Missing?","nodeId":"c72553c8-c449-4e90-93fc-2ca53c32aa5e"}}
{"__type":"$$EventMessageConfirm","confirm":"266a34d5-547f-48f8-ae05-7e3d73c8ada3","ts":"2026-07-06T05:51:51.104-04:00","source":{"id":"0","name":"eventBus"}}
{"__type":"$$EventMessageNode","id":"ce3cd393-73ea-4b98-9ac0-1be750de7e9e","ts":"2026-07-06T05:51:51.105-04:00","eventName":"n8n.node.started","message":"n8n.node.started","payload":{"workflowId":"QEZa1rm6eNlx4dan","workflowName":"Unified Reminders New","executionId":"276","nodeType":"n8n-nodes-base.httpRequest","nodeName":"Send Private WhatsApp","nodeId":"2e9ad7be-0706-4cde-a2b9-66e3b5f0f2bd"}}
{"__type":"$$EventMessageConfirm","confirm":"ce3cd393-73ea-4b98-9ac0-1be750de7e9e","ts":"2026-07-06T05:51:51.106-04:00","source":{"id":"0","name":"eventBus"}}
{"__type":"$$EventMessageAudit","id":"787c0727-7485-4acc-8f58-82e4d0b4b153","ts":"2026-07-06T05:53:40.960-04:00","eventName":"n8n.audit.workflow.executed","message":"n8n.audit.workflow.executed","payload":{"userId":"7b3e0480-85d1-4351-8a64-bff74bd5f199","_email":"kusumpakira1@gmail.com","_firstName":"Kusum","_lastName":"Pakira","globalRole":"global:owner","workflowId":"0dwCXsJWNwp5eEzO","workflowName":"Custom Reminders and Nagging Scheduler","executionId":"277","source":"user-manual"}}
{"__type":"$$EventMessageConfirm","confirm":"787c0727-7485-4acc-8f58-82e4d0b4b153","ts":"2026-07-06T05:53:40.960-04:00","source":{"id":"0","name":"eventBus"}}
{"__type":"$$EventMessageWorkflow","id":"55fe96d9-bb70-4155-a256-5541f45f18e3","ts":"2026-07-06T05:53:40.962-04:00","eventName":"n8n.workflow.started","message":"n8n.workflow.started","payload":{"executionId":"277","workflowId":"0dwCXsJWNwp5eEzO","isManual":false,"mode":"manual","workflowName":"Custom Reminders and Nagging Scheduler","projectId":"0hun36oYEh2yNKAD","projectName":"Kusum Pakira <kusumpakira1@gmail.com>"}}
{"__type":"$$EventMessageConfirm","confirm":"55fe96d9-bb70-4155-a256-5541f45f18e3","ts":"2026-07-06T05:53:40.963-04:00","source":{"id":"0","name":"eventBus"}}
{"__type":"$$EventMessageNode","id":"29da4bc4-201a-4b7d-ad6e-e2f1245414c4","ts":"2026-07-06T05:53:41.012-04:00","eventName":"n8n.node.started","message":"n8n.node.started","payload":{"workflowId":"0dwCXsJWNwp5eEzO","workflowName":"Custom Reminders and Nagging Scheduler","executionId":"277","nodeType":"n8n-nodes-base.scheduleTrigger","nodeName":"Schedule Trigger (Every 5 Mins)","nodeId":"34fc9c6a-d6bf-4aed-bb20-e9af6d430b32"}}
{"__type":"$$EventMessageConfirm","confirm":"29da4bc4-201a-4b7d-ad6e-e2f1245414c4","ts":"2026-07-06T05:53:41.012-04:00","source":{"id":"0","name":"eventBus"}}
{"__type":"$$EventMessageNode","id":"d484b55d-f823-4c7f-aae2-578c48e4d5ca","ts":"2026-07-06T05:53:41.015-04:00","eventName":"n8n.node.finished","message":"n8n.node.finished","payload":{"workflowId":"0dwCXsJWNwp5eEzO","workflowName":"Custom Reminders and Nagging Scheduler","executionId":"277","nodeType":"n8n-nodes-base.scheduleTrigger","nodeName":"Schedule Trigger (Every 5 Mins)","nodeId":"34fc9c6a-d6bf-4aed-bb20-e9af6d430b32"}}
{"__type":"$$EventMessageConfirm","confirm":"d484b55d-f823-4c7f-aae2-578c48e4d5ca","ts":"2026-07-06T05:53:41.015-04:00","source":{"id":"0","name":"eventBus"}}
{"__type":"$$EventMessageNode","id":"aebed93d-018b-4e9e-a78b-9619bf17dc68","ts":"2026-07-06T05:53:41.017-04:00","eventName":"n8n.node.started","message":"n8n.node.started","payload":{"workflowId":"0dwCXsJWNwp5eEzO","workflowName":"Custom Reminders and Nagging Scheduler","executionId":"277","nodeType":"n8n-nodes-base.mySql","nodeName":"Fetch Triggered Alarms","nodeId":"600e263b-f6a2-46a0-b779-693b20ea3a8f"}}
{"__type":"$$EventMessageConfirm","confirm":"aebed93d-018b-4e9e-a78b-9619bf17dc68","ts":"2026-07-06T05:53:41.017-04:00","source":{"id":"0","name":"eventBus"}}
{"__type":"$$EventMessageNode","id":"3928c17c-ebb2-495c-a13a-d9dc0604bec7","ts":"2026-07-06T05:53:41.122-04:00","eventName":"n8n.node.finished","message":"n8n.node.finished","payload":{"workflowId":"0dwCXsJWNwp5eEzO","workflowName":"Custom Reminders and Nagging Scheduler","executionId":"277","nodeType":"n8n-nodes-base.mySql","nodeName":"Fetch Triggered Alarms","nodeId":"600e263b-f6a2-46a0-b779-693b20ea3a8f"}}
{"__type":"$$EventMessageConfirm","confirm":"3928c17c-ebb2-495c-a13a-d9dc0604bec7","ts":"2026-07-06T05:53:41.122-04:00","source":{"id":"0","name":"eventBus"}}
{"__type":"$$EventMessageNode","id":"74c62b87-a4e9-4420-84f3-ec5ab76c028a","ts":"2026-07-06T05:53:41.126-04:00","eventName":"n8n.node.started","message":"n8n.node.started","payload":{"workflowId":"0dwCXsJWNwp5eEzO","workflowName":"Custom Reminders and Nagging Scheduler","executionId":"277","nodeType":"n8n-nodes-base.splitInBatches","nodeName":"Loop Alarms","nodeId":"1eb9c55d-c2d3-4cb1-b753-a6c31d614216"}}
{"__type":"$$EventMessageConfirm","confirm":"74c62b87-a4e9-4420-84f3-ec5ab76c028a","ts":"2026-07-06T05:53:41.127-04:00","source":{"id":"0","name":"eventBus"}}
{"__type":"$$EventMessageNode","id":"927d2e42-7ee6-4294-a659-46a03ad45edd","ts":"2026-07-06T05:53:41.128-04:00","eventName":"n8n.node.finished","message":"n8n.node.finished","payload":{"workflowId":"0dwCXsJWNwp5eEzO","workflowName":"Custom Reminders and Nagging Scheduler","executionId":"277","nodeType":"n8n-nodes-base.splitInBatches","nodeName":"Loop Alarms","nodeId":"1eb9c55d-c2d3-4cb1-b753-a6c31d614216"}}
{"__type":"$$EventMessageConfirm","confirm":"927d2e42-7ee6-4294-a659-46a03ad45edd","ts":"2026-07-06T05:53:41.129-04:00","source":{"id":"0","name":"eventBus"}}
{"__type":"$$EventMessageNode","id":"0dad8ef4-675a-4ca9-8d43-5c954139e95b","ts":"2026-07-06T05:53:41.131-04:00","eventName":"n8n.node.started","message":"n8n.node.started","payload":{"workflowId":"0dwCXsJWNwp5eEzO","workflowName":"Custom Reminders and Nagging Scheduler","executionId":"277","nodeType":"n8n-nodes-base.httpRequest","nodeName":"Send WhatsApp via WAHA","nodeId":"b9b44784-25f5-4e38-9003-0fdbae608547"}}
{"__type":"$$EventMessageConfirm","confirm":"0dad8ef4-675a-4ca9-8d43-5c954139e95b","ts":"2026-07-06T05:53:41.131-04:00","source":{"id":"0","name":"eventBus"}}
{"__type":"$$EventMessageNode","id":"a8f48dbc-4c49-4e4f-a21b-47e09246dc6c","ts":"2026-07-06T05:55:51.297-04:00","eventName":"n8n.node.finished","message":"n8n.node.finished","payload":{"workflowId":"QEZa1rm6eNlx4dan","workflowName":"Unified Reminders New","executionId":"276","nodeType":"n8n-nodes-base.httpRequest","nodeName":"Send Private WhatsApp","nodeId":"2e9ad7be-0706-4cde-a2b9-66e3b5f0f2bd"}}
{"__type":"$$EventMessageConfirm","confirm":"a8f48dbc-4c49-4e4f-a21b-47e09246dc6c","ts":"2026-07-06T05:55:51.298-04:00","source":{"id":"0","name":"eventBus"}}
{"__type":"$$EventMessageNode","id":"66a19470-44d5-4e8b-9167-b838caa4cb25","ts":"2026-07-06T05:55:51.299-04:00","eventName":"n8n.node.started","message":"n8n.node.started","payload":{"workflowId":"QEZa1rm6eNlx4dan","workflowName":"Unified Reminders New","executionId":"276","nodeType":"n8n-nodes-base.if","nodeName":"Is Group Assigned?","nodeId":"9b9c347d-da52-4d43-86c7-2f6c5a276b3f"}}
{"__type":"$$EventMessageConfirm","confirm":"66a19470-44d5-4e8b-9167-b838caa4cb25","ts":"2026-07-06T05:55:51.299-04:00","source":{"id":"0","name":"eventBus"}}
{"__type":"$$EventMessageNode","id":"9d4eb8d7-a4b4-48e6-9ece-a8a4746f123e","ts":"2026-07-06T05:55:51.322-04:00","eventName":"n8n.node.finished","message":"n8n.node.finished","payload":{"workflowId":"QEZa1rm6eNlx4dan","workflowName":"Unified Reminders New","executionId":"276","nodeType":"n8n-nodes-base.if","nodeName":"Is Group Assigned?","nodeId":"9b9c347d-da52-4d43-86c7-2f6c5a276b3f"}}
{"__type":"$$EventMessageConfirm","confirm":"9d4eb8d7-a4b4-48e6-9ece-a8a4746f123e","ts":"2026-07-06T05:55:51.322-04:00","source":{"id":"0","name":"eventBus"}}
{"__type":"$$EventMessageNode","id":"3ab65812-efad-4ffd-9327-cd857538e53a","ts":"2026-07-06T05:55:51.323-04:00","eventName":"n8n.node.started","message":"n8n.node.started","payload":{"workflowId":"QEZa1rm6eNlx4dan","workflowName":"Unified Reminders New","executionId":"276","nodeType":"n8n-nodes-base.mySql","nodeName":"Update Alarm Status","nodeId":"2fc63cfb-be99-4633-be23-44259661c8b1"}}
{"__type":"$$EventMessageConfirm","confirm":"3ab65812-efad-4ffd-9327-cd857538e53a","ts":"2026-07-06T05:55:51.323-04:00","source":{"id":"0","name":"eventBus"}}
{"__type":"$$EventMessageNode","id":"9604e220-06f5-47c2-aa65-2342ffa7f468","ts":"2026-07-06T05:55:51.478-04:00","eventName":"n8n.node.finished","message":"n8n.node.finished","payload":{"workflowId":"QEZa1rm6eNlx4dan","workflowName":"Unified Reminders New","executionId":"276","nodeType":"n8n-nodes-base.mySql","nodeName":"Update Alarm Status","nodeId":"2fc63cfb-be99-4633-be23-44259661c8b1"}}
{"__type":"$$EventMessageConfirm","confirm":"9604e220-06f5-47c2-aa65-2342ffa7f468","ts":"2026-07-06T05:55:51.478-04:00","source":{"id":"0","name":"eventBus"}}
{"__type":"$$EventMessageNode","id":"4318c29e-3eaa-4618-a101-8a5e91bbe724","ts":"2026-07-06T05:55:51.479-04:00","eventName":"n8n.node.started","message":"n8n.node.started","payload":{"workflowId":"QEZa1rm6eNlx4dan","workflowName":"Unified Reminders New","executionId":"276","nodeType":"n8n-nodes-base.splitInBatches","nodeName":"Loop Alarms","nodeId":"85863af3-3a30-45e3-833e-1e0c040b5de8"}}
{"__type":"$$EventMessageConfirm","confirm":"4318c29e-3eaa-4618-a101-8a5e91bbe724","ts":"2026-07-06T05:55:51.479-04:00","source":{"id":"0","name":"eventBus"}}
{"__type":"$$EventMessageNode","id":"7ac9e2ff-1adb-45a8-9dc9-dc76d3d9d4d8","ts":"2026-07-06T05:55:51.481-04:00","eventName":"n8n.node.finished","message":"n8n.node.finished","payload":{"workflowId":"QEZa1rm6eNlx4dan","workflowName":"Unified Reminders New","executionId":"276","nodeType":"n8n-nodes-base.splitInBatches","nodeName":"Loop Alarms","nodeId":"85863af3-3a30-45e3-833e-1e0c040b5de8"}}
{"__type":"$$EventMessageConfirm","confirm":"7ac9e2ff-1adb-45a8-9dc9-dc76d3d9d4d8","ts":"2026-07-06T05:55:51.482-04:00","source":{"id":"0","name":"eventBus"}}
{"__type":"$$EventMessageNode","id":"8395ec7c-b13a-441f-8213-903be6f416b3","ts":"2026-07-06T05:55:51.484-04:00","eventName":"n8n.node.started","message":"n8n.node.started","payload":{"workflowId":"QEZa1rm6eNlx4dan","workflowName":"Unified Reminders New","executionId":"276","nodeType":"n8n-nodes-base.code","nodeName":"Check Submissions","nodeId":"91498836-878a-4df4-b12b-07b7eecc7e91"}}
{"__type":"$$EventMessageConfirm","confirm":"8395ec7c-b13a-441f-8213-903be6f416b3","ts":"2026-07-06T05:55:51.484-04:00","source":{"id":"0","name":"eventBus"}}
{"__type":"$$EventMessageRunner","id":"642b43ad-1b5b-40b6-9bad-32a220fec8b2","ts":"2026-07-06T05:55:51.488-04:00","eventName":"n8n.runner.task.requested","message":"n8n.runner.task.requested","payload":{"taskId":"N1fw9RTS","nodeId":"91498836-878a-4df4-b12b-07b7eecc7e91","workflowId":"QEZa1rm6eNlx4dan","executionId":"276"}}
{"__type":"$$EventMessageConfirm","confirm":"642b43ad-1b5b-40b6-9bad-32a220fec8b2","ts":"2026-07-06T05:55:51.489-04:00","source":{"id":"0","name":"eventBus"}}
{"__type":"$$EventMessageRunner","id":"a9c95f8f-95c4-4d0c-9ff1-1364eaf0f28c","ts":"2026-07-06T05:55:51.536-04:00","eventName":"n8n.runner.response.received","message":"n8n.runner.response.received","payload":{"taskId":"N1fw9RTS","nodeId":"91498836-878a-4df4-b12b-07b7eecc7e91","workflowId":"QEZa1rm6eNlx4dan","executionId":"276"}}
{"__type":"$$EventMessageConfirm","confirm":"a9c95f8f-95c4-4d0c-9ff1-1364eaf0f28c","ts":"2026-07-06T05:55:51.537-04:00","source":{"id":"0","name":"eventBus"}}
{"__type":"$$EventMessageNode","id":"2bd24308-f971-45b1-a741-0d359d275b38","ts":"2026-07-06T05:55:51.538-04:00","eventName":"n8n.node.finished","message":"n8n.node.finished","payload":{"workflowId":"QEZa1rm6eNlx4dan","workflowName":"Unified Reminders New","executionId":"276","nodeType":"n8n-nodes-base.code","nodeName":"Check Submissions","nodeId":"91498836-878a-4df4-b12b-07b7eecc7e91"}}
{"__type":"$$EventMessageConfirm","confirm":"2bd24308-f971-45b1-a741-0d359d275b38","ts":"2026-07-06T05:55:51.539-04:00","source":{"id":"0","name":"eventBus"}}
{"__type":"$$EventMessageNode","id":"4dca915e-300f-45f6-95ed-a40ab2e727fa","ts":"2026-07-06T05:55:51.541-04:00","eventName":"n8n.node.started","message":"n8n.node.started","payload":{"workflowId":"QEZa1rm6eNlx4dan","workflowName":"Unified Reminders New","executionId":"276","nodeType":"n8n-nodes-base.if","nodeName":"Is Missing?","nodeId":"c72553c8-c449-4e90-93fc-2ca53c32aa5e"}}
{"__type":"$$EventMessageConfirm","confirm":"4dca915e-300f-45f6-95ed-a40ab2e727fa","ts":"2026-07-06T05:55:51.541-04:00","source":{"id":"0","name":"eventBus"}}
{"__type":"$$EventMessageNode","id":"5b96c832-2c24-40aa-9c86-23cbd9d91a22","ts":"2026-07-06T05:55:51.545-04:00","eventName":"n8n.node.finished","message":"n8n.node.finished","payload":{"workflowId":"QEZa1rm6eNlx4dan","workflowName":"Unified Reminders New","executionId":"276","nodeType":"n8n-nodes-base.if","nodeName":"Is Missing?","nodeId":"c72553c8-c449-4e90-93fc-2ca53c32aa5e"}}
{"__type":"$$EventMessageConfirm","confirm":"5b96c832-2c24-40aa-9c86-23cbd9d91a22","ts":"2026-07-06T05:55:51.545-04:00","source":{"id":"0","name":"eventBus"}}
{"__type":"$$EventMessageNode","id":"73ffb8ef-290e-491b-92d3-fe74eb56e041","ts":"2026-07-06T05:55:51.546-04:00","eventName":"n8n.node.started","message":"n8n.node.started","payload":{"workflowId":"QEZa1rm6eNlx4dan","workflowName":"Unified Reminders New","executionId":"276","nodeType":"n8n-nodes-base.httpRequest","nodeName":"Send Private WhatsApp","nodeId":"2e9ad7be-0706-4cde-a2b9-66e3b5f0f2bd"}}
{"__type":"$$EventMessageConfirm","confirm":"73ffb8ef-290e-491b-92d3-fe74eb56e041","ts":"2026-07-06T05:55:51.546-04:00","source":{"id":"0","name":"eventBus"}}
{"__type":"$$EventMessageNode","id":"7cdd66f9-d32b-4ecf-8619-78b956e2c513","ts":"2026-07-06T05:55:53.265-04:00","eventName":"n8n.node.finished","message":"n8n.node.finished","payload":{"workflowId":"0dwCXsJWNwp5eEzO","workflowName":"Custom Reminders and Nagging Scheduler","executionId":"277","nodeType":"n8n-nodes-base.httpRequest","nodeName":"Send WhatsApp via WAHA","nodeId":"b9b44784-25f5-4e38-9003-0fdbae608547"}}
{"__type":"$$EventMessageConfirm","confirm":"7cdd66f9-d32b-4ecf-8619-78b956e2c513","ts":"2026-07-06T05:55:53.266-04:00","source":{"id":"0","name":"eventBus"}}
{"__type":"$$EventMessageNode","id":"0171b940-efd4-4222-9c73-86c89bf849aa","ts":"2026-07-06T05:55:53.266-04:00","eventName":"n8n.node.started","message":"n8n.node.started","payload":{"workflowId":"0dwCXsJWNwp5eEzO","workflowName":"Custom Reminders and Nagging Scheduler","executionId":"277","nodeType":"n8n-nodes-base.mySql","nodeName":"Update Alarm Status","nodeId":"28a403b0-dc51-44e2-ac09-34205e588fcd"}}
{"__type":"$$EventMessageConfirm","confirm":"0171b940-efd4-4222-9c73-86c89bf849aa","ts":"2026-07-06T05:55:53.267-04:00","source":{"id":"0","name":"eventBus"}}
{"__type":"$$EventMessageNode","id":"bf404fca-173b-4d2b-b7cb-92503f14c755","ts":"2026-07-06T05:55:53.730-04:00","eventName":"n8n.node.finished","message":"n8n.node.finished","payload":{"workflowId":"0dwCXsJWNwp5eEzO","workflowName":"Custom Reminders and Nagging Scheduler","executionId":"277","nodeType":"n8n-nodes-base.mySql","nodeName":"Update Alarm Status","nodeId":"28a403b0-dc51-44e2-ac09-34205e588fcd"}}
{"__type":"$$EventMessageConfirm","confirm":"bf404fca-173b-4d2b-b7cb-92503f14c755","ts":"2026-07-06T05:55:53.730-04:00","source":{"id":"0","name":"eventBus"}}
{"__type":"$$EventMessageWorkflow","id":"d1374b32-c03c-4ad1-9372-80b27f52f8fc","ts":"2026-07-06T05:55:53.800-04:00","eventName":"n8n.workflow.failed","message":"n8n.workflow.failed","payload":{"userId":"7b3e0480-85d1-4351-8a64-bff74bd5f199","executionId":"277","success":false,"isManual":true,"mode":"manual","workflowId":"0dwCXsJWNwp5eEzO","workflowName":"Custom Reminders and Nagging Scheduler","projectId":"0hun36oYEh2yNKAD","projectName":"Kusum Pakira <kusumpakira1@gmail.com>","lastNodeExecuted":"Update Alarm Status","errorNodeType":"n8n-nodes-base.mySql","errorMessage":"Unknown column 'undefined' in 'WHERE'"}}
{"__type":"$$EventMessageConfirm","confirm":"d1374b32-c03c-4ad1-9372-80b27f52f8fc","ts":"2026-07-06T05:55:53.800-04:00","source":{"id":"0","name":"eventBus"}}
{"__type":"$$EventMessageAudit","id":"e975cc3a-c10b-44a9-bf5d-63e13ababfcb","ts":"2026-07-06T05:56:17.744-04:00","eventName":"n8n.audit.workflow.executed","message":"n8n.audit.workflow.executed","payload":{"userId":"7b3e0480-85d1-4351-8a64-bff74bd5f199","_email":"kusumpakira1@gmail.com","_firstName":"Kusum","_lastName":"Pakira","globalRole":"global:owner","workflowId":"0dwCXsJWNwp5eEzO","workflowName":"Custom Reminders and Nagging Scheduler","executionId":"278","source":"user-manual"}}
{"__type":"$$EventMessageConfirm","confirm":"e975cc3a-c10b-44a9-bf5d-63e13ababfcb","ts":"2026-07-06T05:56:17.745-04:00","source":{"id":"0","name":"eventBus"}}
{"__type":"$$EventMessageWorkflow","id":"7e87f9f8-4ff7-430e-a5f2-dc232d08f470","ts":"2026-07-06T05:56:17.746-04:00","eventName":"n8n.workflow.started","message":"n8n.workflow.started","payload":{"executionId":"278","workflowId":"0dwCXsJWNwp5eEzO","isManual":false,"mode":"manual","workflowName":"Custom Reminders and Nagging Scheduler","projectId":"0hun36oYEh2yNKAD","projectName":"Kusum Pakira <kusumpakira1@gmail.com>"}}
{"__type":"$$EventMessageConfirm","confirm":"7e87f9f8-4ff7-430e-a5f2-dc232d08f470","ts":"2026-07-06T05:56:17.747-04:00","source":{"id":"0","name":"eventBus"}}
{"__type":"$$EventMessageNode","id":"644780f9-0764-443b-932b-b4fae0e4c9c9","ts":"2026-07-06T05:56:17.772-04:00","eventName":"n8n.node.started","message":"n8n.node.started","payload":{"workflowId":"0dwCXsJWNwp5eEzO","workflowName":"Custom Reminders and Nagging Scheduler","executionId":"278","nodeType":"n8n-nodes-base.mySql","nodeName":"Update Alarm Status","nodeId":"28a403b0-dc51-44e2-ac09-34205e588fcd"}}
{"__type":"$$EventMessageConfirm","confirm":"644780f9-0764-443b-932b-b4fae0e4c9c9","ts":"2026-07-06T05:56:17.772-04:00","source":{"id":"0","name":"eventBus"}}
{"__type":"$$EventMessageNode","id":"ac3145e7-c9d0-4ec1-8c66-6b565bfea263","ts":"2026-07-06T05:56:17.886-04:00","eventName":"n8n.node.finished","message":"n8n.node.finished","payload":{"workflowId":"0dwCXsJWNwp5eEzO","workflowName":"Custom Reminders and Nagging Scheduler","executionId":"278","nodeType":"n8n-nodes-base.mySql","nodeName":"Update Alarm Status","nodeId":"28a403b0-dc51-44e2-ac09-34205e588fcd"}}
{"__type":"$$EventMessageConfirm","confirm":"ac3145e7-c9d0-4ec1-8c66-6b565bfea263","ts":"2026-07-06T05:56:17.886-04:00","source":{"id":"0","name":"eventBus"}}
{"__type":"$$EventMessageWorkflow","id":"77ba04eb-38b0-4aed-93de-6bbe665ef05e","ts":"2026-07-06T05:56:17.900-04:00","eventName":"n8n.workflow.failed","message":"n8n.workflow.failed","payload":{"userId":"7b3e0480-85d1-4351-8a64-bff74bd5f199","executionId":"278","success":false,"isManual":true,"mode":"manual","workflowId":"0dwCXsJWNwp5eEzO","workflowName":"Custom Reminders and Nagging Scheduler","projectId":"0hun36oYEh2yNKAD","projectName":"Kusum Pakira <kusumpakira1@gmail.com>","lastNodeExecuted":"Update Alarm Status","errorNodeType":"n8n-nodes-base.mySql","errorMessage":"Unknown column 'undefined' in 'WHERE'"}}
{"__type":"$$EventMessageConfirm","confirm":"77ba04eb-38b0-4aed-93de-6bbe665ef05e","ts":"2026-07-06T05:56:17.900-04:00","source":{"id":"0","name":"eventBus"}}
{"__type":"$$EventMessageNode","id":"5347d952-000d-4207-8f53-7db9e2e051c0","ts":"2026-07-06T05:59:53.290-04:00","eventName":"n8n.node.finished","message":"n8n.node.finished","payload":{"workflowId":"QEZa1rm6eNlx4dan","workflowName":"Unified Reminders New","executionId":"276","nodeType":"n8n-nodes-base.httpRequest","nodeName":"Send Private WhatsApp","nodeId":"2e9ad7be-0706-4cde-a2b9-66e3b5f0f2bd"}}
{"__type":"$$EventMessageConfirm","confirm":"5347d952-000d-4207-8f53-7db9e2e051c0","ts":"2026-07-06T05:59:53.290-04:00","source":{"id":"0","name":"eventBus"}}
{"__type":"$$EventMessageNode","id":"281d8620-c205-4cf8-8a68-6a4eb58667cd","ts":"2026-07-06T05:59:53.293-04:00","eventName":"n8n.node.started","message":"n8n.node.started","payload":{"workflowId":"QEZa1rm6eNlx4dan","workflowName":"Unified Reminders New","executionId":"276","nodeType":"n8n-nodes-base.if","nodeName":"Is Group Assigned?","nodeId":"9b9c347d-da52-4d43-86c7-2f6c5a276b3f"}}
{"__type":"$$EventMessageConfirm","confirm":"281d8620-c205-4cf8-8a68-6a4eb58667cd","ts":"2026-07-06T05:59:53.293-04:00","source":{"id":"0","name":"eventBus"}}
{"__type":"$$EventMessageNode","id":"92c8901d-986f-47c7-b530-36b04cbaedd7","ts":"2026-07-06T05:59:53.302-04:00","eventName":"n8n.node.finished","message":"n8n.node.finished","payload":{"workflowId":"QEZa1rm6eNlx4dan","workflowName":"Unified Reminders New","executionId":"276","nodeType":"n8n-nodes-base.if","nodeName":"Is Group Assigned?","nodeId":"9b9c347d-da52-4d43-86c7-2f6c5a276b3f"}}
{"__type":"$$EventMessageConfirm","confirm":"92c8901d-986f-47c7-b530-36b04cbaedd7","ts":"2026-07-06T05:59:53.302-04:00","source":{"id":"0","name":"eventBus"}}
{"__type":"$$EventMessageNode","id":"a35a0f00-9c6b-4d1e-aaa7-3a0029864dd4","ts":"2026-07-06T05:59:53.304-04:00","eventName":"n8n.node.started","message":"n8n.node.started","payload":{"workflowId":"QEZa1rm6eNlx4dan","workflowName":"Unified Reminders New","executionId":"276","nodeType":"n8n-nodes-base.mySql","nodeName":"Update Alarm Status","nodeId":"2fc63cfb-be99-4633-be23-44259661c8b1"}}
{"__type":"$$EventMessageConfirm","confirm":"a35a0f00-9c6b-4d1e-aaa7-3a0029864dd4","ts":"2026-07-06T05:59:53.304-04:00","source":{"id":"0","name":"eventBus"}}
{"__type":"$$EventMessageNode","id":"d419c40a-39b8-4064-8f36-722f0ac5706f","ts":"2026-07-06T05:59:53.437-04:00","eventName":"n8n.node.finished","message":"n8n.node.finished","payload":{"workflowId":"QEZa1rm6eNlx4dan","workflowName":"Unified Reminders New","executionId":"276","nodeType":"n8n-nodes-base.mySql","nodeName":"Update Alarm Status","nodeId":"2fc63cfb-be99-4633-be23-44259661c8b1"}}
{"__type":"$$EventMessageConfirm","confirm":"d419c40a-39b8-4064-8f36-722f0ac5706f","ts":"2026-07-06T05:59:53.438-04:00","source":{"id":"0","name":"eventBus"}}
{"__type":"$$EventMessageNode","id":"78ea1be4-2a0d-4055-9333-443c8f05edb8","ts":"2026-07-06T05:59:53.439-04:00","eventName":"n8n.node.started","message":"n8n.node.started","payload":{"workflowId":"QEZa1rm6eNlx4dan","workflowName":"Unified Reminders New","executionId":"276","nodeType":"n8n-nodes-base.splitInBatches","nodeName":"Loop Alarms","nodeId":"85863af3-3a30-45e3-833e-1e0c040b5de8"}}
{"__type":"$$EventMessageConfirm","confirm":"78ea1be4-2a0d-4055-9333-443c8f05edb8","ts":"2026-07-06T05:59:53.439-04:00","source":{"id":"0","name":"eventBus"}}
{"__type":"$$EventMessageNode","id":"c44b642c-b915-4e41-88d7-62903b1370d2","ts":"2026-07-06T05:59:53.440-04:00","eventName":"n8n.node.finished","message":"n8n.node.finished","payload":{"workflowId":"QEZa1rm6eNlx4dan","workflowName":"Unified Reminders New","executionId":"276","nodeType":"n8n-nodes-base.splitInBatches","nodeName":"Loop Alarms","nodeId":"85863af3-3a30-45e3-833e-1e0c040b5de8"}}
{"__type":"$$EventMessageConfirm","confirm":"c44b642c-b915-4e41-88d7-62903b1370d2","ts":"2026-07-06T05:59:53.440-04:00","source":{"id":"0","name":"eventBus"}}
{"__type":"$$EventMessageWorkflow","id":"706273bc-4797-4275-a383-54c58a1c8ac9","ts":"2026-07-06T05:59:53.449-04:00","eventName":"n8n.workflow.success","message":"n8n.workflow.success","payload":{"userId":"7b3e0480-85d1-4351-8a64-bff74bd5f199","executionId":"276","success":true,"isManual":true,"mode":"manual","workflowId":"QEZa1rm6eNlx4dan","workflowName":"Unified Reminders New","projectId":"0hun36oYEh2yNKAD","projectName":"Kusum Pakira <kusumpakira1@gmail.com>"}}
{"__type":"$$EventMessageConfirm","confirm":"706273bc-4797-4275-a383-54c58a1c8ac9","ts":"2026-07-06T05:59:53.450-04:00","source":{"id":"0","name":"eventBus"}}
