{"__type":"$$EventMessageAudit","id":"7e98372a-6342-4a5d-9a07-bfdf3d0ee72a","ts":"2026-07-06T05:02:11.971+00:00","eventName":"n8n.audit.workflow.executed","message":"n8n.audit.workflow.executed","payload":{"userId":"7b3e0480-85d1-4351-8a64-bff74bd5f199","_email":"kusumpakira1@gmail.com","_firstName":"Kusum","_lastName":"Pakira","globalRole":"global:owner","workflowId":"EAKkfRrfw8OAfRpS","workflowName":"Unified Reminders Scheduler","executionId":"218","source":"user-manual"}}
{"__type":"$$EventMessageConfirm","confirm":"7e98372a-6342-4a5d-9a07-bfdf3d0ee72a","ts":"2026-07-06T05:02:11.976+00:00","source":{"id":"0","name":"eventBus"}}
{"__type":"$$EventMessageWorkflow","id":"3b64447d-a440-455f-a3c9-39528178b4cc","ts":"2026-07-06T05:02:11.982+00:00","eventName":"n8n.workflow.started","message":"n8n.workflow.started","payload":{"executionId":"218","workflowId":"EAKkfRrfw8OAfRpS","isManual":false,"mode":"manual","workflowName":"Unified Reminders Scheduler","projectId":"0hun36oYEh2yNKAD","projectName":"Kusum Pakira <kusumpakira1@gmail.com>"}}
{"__type":"$$EventMessageConfirm","confirm":"3b64447d-a440-455f-a3c9-39528178b4cc","ts":"2026-07-06T05:02:11.982+00:00","source":{"id":"0","name":"eventBus"}}
{"__type":"$$EventMessageNode","id":"a45c3da3-49af-44bb-8fc3-3ee4cabbe006","ts":"2026-07-06T05:02:11.999+00:00","eventName":"n8n.node.started","message":"n8n.node.started","payload":{"workflowId":"EAKkfRrfw8OAfRpS","workflowName":"Unified Reminders Scheduler","executionId":"218","nodeType":"n8n-nodes-base.scheduleTrigger","nodeName":"Schedule Trigger","nodeId":"fe7ac9b1-0488-40a9-b79d-a8cf87003daa"}}
{"__type":"$$EventMessageConfirm","confirm":"a45c3da3-49af-44bb-8fc3-3ee4cabbe006","ts":"2026-07-06T05:02:11.999+00:00","source":{"id":"0","name":"eventBus"}}
{"__type":"$$EventMessageNode","id":"2940309e-06c6-43b4-8215-46a1f61bff47","ts":"2026-07-06T05:02:12.018+00:00","eventName":"n8n.node.finished","message":"n8n.node.finished","payload":{"workflowId":"EAKkfRrfw8OAfRpS","workflowName":"Unified Reminders Scheduler","executionId":"218","nodeType":"n8n-nodes-base.scheduleTrigger","nodeName":"Schedule Trigger","nodeId":"fe7ac9b1-0488-40a9-b79d-a8cf87003daa"}}
{"__type":"$$EventMessageConfirm","confirm":"2940309e-06c6-43b4-8215-46a1f61bff47","ts":"2026-07-06T05:02:12.018+00:00","source":{"id":"0","name":"eventBus"}}
{"__type":"$$EventMessageNode","id":"0e6af52f-6307-4d04-952c-2db12d6c4c5f","ts":"2026-07-06T05:02:12.023+00:00","eventName":"n8n.node.started","message":"n8n.node.started","payload":{"workflowId":"EAKkfRrfw8OAfRpS","workflowName":"Unified Reminders Scheduler","executionId":"218","nodeType":"n8n-nodes-base.mySql","nodeName":"Fetch Triggered Alarms","nodeId":"886f9044-dc9f-4528-9dbe-f766476bf34d"}}
{"__type":"$$EventMessageConfirm","confirm":"0e6af52f-6307-4d04-952c-2db12d6c4c5f","ts":"2026-07-06T05:02:12.024+00:00","source":{"id":"0","name":"eventBus"}}
{"__type":"$$EventMessageNode","id":"975eef6c-1566-4c97-a9b1-4e81e4b50952","ts":"2026-07-06T05:02:12.310+00:00","eventName":"n8n.node.finished","message":"n8n.node.finished","payload":{"workflowId":"EAKkfRrfw8OAfRpS","workflowName":"Unified Reminders Scheduler","executionId":"218","nodeType":"n8n-nodes-base.mySql","nodeName":"Fetch Triggered Alarms","nodeId":"886f9044-dc9f-4528-9dbe-f766476bf34d"}}
{"__type":"$$EventMessageConfirm","confirm":"975eef6c-1566-4c97-a9b1-4e81e4b50952","ts":"2026-07-06T05:02:12.310+00:00","source":{"id":"0","name":"eventBus"}}
{"__type":"$$EventMessageNode","id":"0c8c7d20-6836-4029-995f-252068e3f5c2","ts":"2026-07-06T05:02:12.312+00:00","eventName":"n8n.node.started","message":"n8n.node.started","payload":{"workflowId":"EAKkfRrfw8OAfRpS","workflowName":"Unified Reminders Scheduler","executionId":"218","nodeType":"n8n-nodes-base.mySql","nodeName":"Fetch Today's Submissions","nodeId":"5e6a4fcd-4583-4dc5-bb63-9341d5268b8e"}}
{"__type":"$$EventMessageConfirm","confirm":"0c8c7d20-6836-4029-995f-252068e3f5c2","ts":"2026-07-06T05:02:12.312+00:00","source":{"id":"0","name":"eventBus"}}
{"__type":"$$EventMessageNode","id":"2a661c44-feba-472c-927e-1565327e3f97","ts":"2026-07-06T05:02:12.606+00:00","eventName":"n8n.node.finished","message":"n8n.node.finished","payload":{"workflowId":"EAKkfRrfw8OAfRpS","workflowName":"Unified Reminders Scheduler","executionId":"218","nodeType":"n8n-nodes-base.mySql","nodeName":"Fetch Today's Submissions","nodeId":"5e6a4fcd-4583-4dc5-bb63-9341d5268b8e"}}
{"__type":"$$EventMessageConfirm","confirm":"2a661c44-feba-472c-927e-1565327e3f97","ts":"2026-07-06T05:02:12.606+00:00","source":{"id":"0","name":"eventBus"}}
{"__type":"$$EventMessageNode","id":"2f6d3513-c65a-4f22-825b-8172e95589cf","ts":"2026-07-06T05:02:12.607+00:00","eventName":"n8n.node.started","message":"n8n.node.started","payload":{"workflowId":"EAKkfRrfw8OAfRpS","workflowName":"Unified Reminders Scheduler","executionId":"218","nodeType":"n8n-nodes-base.mySql","nodeName":"Fetch Group JID Map","nodeId":"72e34f4a-4c76-47ce-9be4-68623d9824d7"}}
{"__type":"$$EventMessageConfirm","confirm":"2f6d3513-c65a-4f22-825b-8172e95589cf","ts":"2026-07-06T05:02:12.607+00:00","source":{"id":"0","name":"eventBus"}}
{"__type":"$$EventMessageNode","id":"3018ba8e-6d0f-419d-8b0d-632d33960eca","ts":"2026-07-06T05:02:12.827+00:00","eventName":"n8n.node.finished","message":"n8n.node.finished","payload":{"workflowId":"EAKkfRrfw8OAfRpS","workflowName":"Unified Reminders Scheduler","executionId":"218","nodeType":"n8n-nodes-base.mySql","nodeName":"Fetch Group JID Map","nodeId":"72e34f4a-4c76-47ce-9be4-68623d9824d7"}}
{"__type":"$$EventMessageConfirm","confirm":"3018ba8e-6d0f-419d-8b0d-632d33960eca","ts":"2026-07-06T05:02:12.827+00:00","source":{"id":"0","name":"eventBus"}}
{"__type":"$$EventMessageNode","id":"8baf80a8-bc0f-458b-b3d5-c0e77ef5b585","ts":"2026-07-06T05:02:12.830+00:00","eventName":"n8n.node.started","message":"n8n.node.started","payload":{"workflowId":"EAKkfRrfw8OAfRpS","workflowName":"Unified Reminders Scheduler","executionId":"218","nodeType":"n8n-nodes-base.code","nodeName":"Merge Data","nodeId":"515cac6b-d3a6-40a7-9aa2-aeeb8316b438"}}
{"__type":"$$EventMessageConfirm","confirm":"8baf80a8-bc0f-458b-b3d5-c0e77ef5b585","ts":"2026-07-06T05:02:12.830+00:00","source":{"id":"0","name":"eventBus"}}
{"__type":"$$EventMessageRunner","id":"d04c4d3e-9391-483f-b259-cb225cfcba4b","ts":"2026-07-06T05:02:12.909+00:00","eventName":"n8n.runner.task.requested","message":"n8n.runner.task.requested","payload":{"taskId":"hIoXsEVz","nodeId":"515cac6b-d3a6-40a7-9aa2-aeeb8316b438","workflowId":"EAKkfRrfw8OAfRpS","executionId":"218"}}
{"__type":"$$EventMessageConfirm","confirm":"d04c4d3e-9391-483f-b259-cb225cfcba4b","ts":"2026-07-06T05:02:12.909+00:00","source":{"id":"0","name":"eventBus"}}
{"__type":"$$EventMessageRunner","id":"e8f5e0d6-d8dd-498a-975a-f5bc4a10cc74","ts":"2026-07-06T05:02:13.348+00:00","eventName":"n8n.runner.response.received","message":"n8n.runner.response.received","payload":{"taskId":"hIoXsEVz","nodeId":"515cac6b-d3a6-40a7-9aa2-aeeb8316b438","workflowId":"EAKkfRrfw8OAfRpS","executionId":"218"}}
{"__type":"$$EventMessageConfirm","confirm":"e8f5e0d6-d8dd-498a-975a-f5bc4a10cc74","ts":"2026-07-06T05:02:13.348+00:00","source":{"id":"0","name":"eventBus"}}
{"__type":"$$EventMessageNode","id":"39378aad-db8c-4c26-b58c-286ea4841c7e","ts":"2026-07-06T05:02:13.350+00:00","eventName":"n8n.node.finished","message":"n8n.node.finished","payload":{"workflowId":"EAKkfRrfw8OAfRpS","workflowName":"Unified Reminders Scheduler","executionId":"218","nodeType":"n8n-nodes-base.code","nodeName":"Merge Data","nodeId":"515cac6b-d3a6-40a7-9aa2-aeeb8316b438"}}
{"__type":"$$EventMessageConfirm","confirm":"39378aad-db8c-4c26-b58c-286ea4841c7e","ts":"2026-07-06T05:02:13.350+00:00","source":{"id":"0","name":"eventBus"}}
{"__type":"$$EventMessageNode","id":"786c9617-8d14-45fd-942e-fc2d28c5bdfa","ts":"2026-07-06T05:02:13.351+00:00","eventName":"n8n.node.started","message":"n8n.node.started","payload":{"workflowId":"EAKkfRrfw8OAfRpS","workflowName":"Unified Reminders Scheduler","executionId":"218","nodeType":"n8n-nodes-base.splitInBatches","nodeName":"Loop Alarms","nodeId":"49c0d818-442b-41f1-8519-5eba6bf0c0b2"}}
{"__type":"$$EventMessageConfirm","confirm":"786c9617-8d14-45fd-942e-fc2d28c5bdfa","ts":"2026-07-06T05:02:13.351+00:00","source":{"id":"0","name":"eventBus"}}
{"__type":"$$EventMessageNode","id":"08a7ad5b-cbc0-4cca-bf28-262da365b765","ts":"2026-07-06T05:02:13.353+00:00","eventName":"n8n.node.finished","message":"n8n.node.finished","payload":{"workflowId":"EAKkfRrfw8OAfRpS","workflowName":"Unified Reminders Scheduler","executionId":"218","nodeType":"n8n-nodes-base.splitInBatches","nodeName":"Loop Alarms","nodeId":"49c0d818-442b-41f1-8519-5eba6bf0c0b2"}}
{"__type":"$$EventMessageConfirm","confirm":"08a7ad5b-cbc0-4cca-bf28-262da365b765","ts":"2026-07-06T05:02:13.353+00:00","source":{"id":"0","name":"eventBus"}}
{"__type":"$$EventMessageNode","id":"54bfd477-adf6-4724-a294-3afe988959ba","ts":"2026-07-06T05:02:13.354+00:00","eventName":"n8n.node.started","message":"n8n.node.started","payload":{"workflowId":"EAKkfRrfw8OAfRpS","workflowName":"Unified Reminders Scheduler","executionId":"218","nodeType":"n8n-nodes-base.code","nodeName":"Check Submissions","nodeId":"aa3e64ef-d1f5-4d8f-a4ea-7100223ff131"}}
{"__type":"$$EventMessageConfirm","confirm":"54bfd477-adf6-4724-a294-3afe988959ba","ts":"2026-07-06T05:02:13.354+00:00","source":{"id":"0","name":"eventBus"}}
{"__type":"$$EventMessageRunner","id":"35980448-3b4c-455a-aa3b-2d7429778c39","ts":"2026-07-06T05:02:13.359+00:00","eventName":"n8n.runner.task.requested","message":"n8n.runner.task.requested","payload":{"taskId":"Z2_NQ7nb","nodeId":"aa3e64ef-d1f5-4d8f-a4ea-7100223ff131","workflowId":"EAKkfRrfw8OAfRpS","executionId":"218"}}
{"__type":"$$EventMessageConfirm","confirm":"35980448-3b4c-455a-aa3b-2d7429778c39","ts":"2026-07-06T05:02:13.359+00:00","source":{"id":"0","name":"eventBus"}}
{"__type":"$$EventMessageRunner","id":"faa4d1a9-66f7-4dd1-87e2-fba7c47a4637","ts":"2026-07-06T05:02:13.419+00:00","eventName":"n8n.runner.response.received","message":"n8n.runner.response.received","payload":{"taskId":"Z2_NQ7nb","nodeId":"aa3e64ef-d1f5-4d8f-a4ea-7100223ff131","workflowId":"EAKkfRrfw8OAfRpS","executionId":"218"}}
{"__type":"$$EventMessageConfirm","confirm":"faa4d1a9-66f7-4dd1-87e2-fba7c47a4637","ts":"2026-07-06T05:02:13.419+00:00","source":{"id":"0","name":"eventBus"}}
{"__type":"$$EventMessageNode","id":"892972d1-6054-4aae-9c70-5938ceb45b3d","ts":"2026-07-06T05:02:13.419+00:00","eventName":"n8n.node.finished","message":"n8n.node.finished","payload":{"workflowId":"EAKkfRrfw8OAfRpS","workflowName":"Unified Reminders Scheduler","executionId":"218","nodeType":"n8n-nodes-base.code","nodeName":"Check Submissions","nodeId":"aa3e64ef-d1f5-4d8f-a4ea-7100223ff131"}}
{"__type":"$$EventMessageConfirm","confirm":"892972d1-6054-4aae-9c70-5938ceb45b3d","ts":"2026-07-06T05:02:13.419+00:00","source":{"id":"0","name":"eventBus"}}
{"__type":"$$EventMessageNode","id":"8ee6f7bc-1bde-4dea-9a1f-b621279d2460","ts":"2026-07-06T05:02:13.421+00:00","eventName":"n8n.node.started","message":"n8n.node.started","payload":{"workflowId":"EAKkfRrfw8OAfRpS","workflowName":"Unified Reminders Scheduler","executionId":"218","nodeType":"n8n-nodes-base.if","nodeName":"Is Missing?","nodeId":"15a9036c-77f2-4e7a-9d5e-1698405a254d"}}
{"__type":"$$EventMessageConfirm","confirm":"8ee6f7bc-1bde-4dea-9a1f-b621279d2460","ts":"2026-07-06T05:02:13.421+00:00","source":{"id":"0","name":"eventBus"}}
{"__type":"$$EventMessageNode","id":"3510807c-6d2e-4042-a857-7b785d959147","ts":"2026-07-06T01:02:13.486-04:00","eventName":"n8n.node.finished","message":"n8n.node.finished","payload":{"workflowId":"EAKkfRrfw8OAfRpS","workflowName":"Unified Reminders Scheduler","executionId":"218","nodeType":"n8n-nodes-base.if","nodeName":"Is Missing?","nodeId":"15a9036c-77f2-4e7a-9d5e-1698405a254d"}}
{"__type":"$$EventMessageConfirm","confirm":"3510807c-6d2e-4042-a857-7b785d959147","ts":"2026-07-06T01:02:13.487-04:00","source":{"id":"0","name":"eventBus"}}
{"__type":"$$EventMessageNode","id":"77b7dcef-dde6-4059-8df7-c2a88018de62","ts":"2026-07-06T01:02:13.492-04:00","eventName":"n8n.node.started","message":"n8n.node.started","payload":{"workflowId":"EAKkfRrfw8OAfRpS","workflowName":"Unified Reminders Scheduler","executionId":"218","nodeType":"n8n-nodes-base.httpRequest","nodeName":"Send Private WhatsApp1","nodeId":"b77bca05-05c2-4a2b-9e2e-b94f793041ce"}}
{"__type":"$$EventMessageConfirm","confirm":"77b7dcef-dde6-4059-8df7-c2a88018de62","ts":"2026-07-06T01:02:13.492-04:00","source":{"id":"0","name":"eventBus"}}
{"__type":"$$EventMessageAudit","id":"8ded701b-eb16-4f6b-9759-b69a95f878c0","ts":"2026-07-06T01:03:08.965-04:00","eventName":"n8n.audit.workflow.updated","message":"n8n.audit.workflow.updated","payload":{"userId":"7b3e0480-85d1-4351-8a64-bff74bd5f199","_email":"kusumpakira1@gmail.com","_firstName":"Kusum","_lastName":"Pakira","globalRole":"global:owner","workflowId":"EAKkfRrfw8OAfRpS","workflowName":"Unified Reminders Scheduler"}}
{"__type":"$$EventMessageConfirm","confirm":"8ded701b-eb16-4f6b-9759-b69a95f878c0","ts":"2026-07-06T01:03:08.965-04:00","source":{"id":"0","name":"eventBus"}}
{"__type":"$$EventMessageAudit","id":"e83112a6-15ef-47e8-8cfd-9279474a5e57","ts":"2026-07-06T01:03:14.913-04:00","eventName":"n8n.audit.workflow.updated","message":"n8n.audit.workflow.updated","payload":{"userId":"7b3e0480-85d1-4351-8a64-bff74bd5f199","_email":"kusumpakira1@gmail.com","_firstName":"Kusum","_lastName":"Pakira","globalRole":"global:owner","workflowId":"EAKkfRrfw8OAfRpS","workflowName":"Unified Reminders Scheduler"}}
{"__type":"$$EventMessageConfirm","confirm":"e83112a6-15ef-47e8-8cfd-9279474a5e57","ts":"2026-07-06T01:03:14.913-04:00","source":{"id":"0","name":"eventBus"}}
{"__type":"$$EventMessageAudit","id":"46692675-50dc-499c-b48e-de64ab4720fa","ts":"2026-07-06T01:03:20.127-04:00","eventName":"n8n.audit.workflow.updated","message":"n8n.audit.workflow.updated","payload":{"userId":"7b3e0480-85d1-4351-8a64-bff74bd5f199","_email":"kusumpakira1@gmail.com","_firstName":"Kusum","_lastName":"Pakira","globalRole":"global:owner","workflowId":"EAKkfRrfw8OAfRpS","workflowName":"Unified Reminders Scheduler"}}
{"__type":"$$EventMessageConfirm","confirm":"46692675-50dc-499c-b48e-de64ab4720fa","ts":"2026-07-06T01:03:20.128-04:00","source":{"id":"0","name":"eventBus"}}
{"__type":"$$EventMessageAudit","id":"ecd8e7f1-ca58-4608-933e-cc67c965f6ab","ts":"2026-07-06T01:03:29.779-04:00","eventName":"n8n.audit.workflow.updated","message":"n8n.audit.workflow.updated","payload":{"userId":"7b3e0480-85d1-4351-8a64-bff74bd5f199","_email":"kusumpakira1@gmail.com","_firstName":"Kusum","_lastName":"Pakira","globalRole":"global:owner","workflowId":"EAKkfRrfw8OAfRpS","workflowName":"Unified Reminders Scheduler"}}
{"__type":"$$EventMessageConfirm","confirm":"ecd8e7f1-ca58-4608-933e-cc67c965f6ab","ts":"2026-07-06T01:03:29.779-04:00","source":{"id":"0","name":"eventBus"}}
{"__type":"$$EventMessageNode","id":"97ce7835-b95c-4b18-a1d4-9d4c080dedb9","ts":"2026-07-06T01:06:13.661-04:00","eventName":"n8n.node.finished","message":"n8n.node.finished","payload":{"workflowId":"EAKkfRrfw8OAfRpS","workflowName":"Unified Reminders Scheduler","executionId":"218","nodeType":"n8n-nodes-base.httpRequest","nodeName":"Send Private WhatsApp1","nodeId":"b77bca05-05c2-4a2b-9e2e-b94f793041ce"}}
{"__type":"$$EventMessageConfirm","confirm":"97ce7835-b95c-4b18-a1d4-9d4c080dedb9","ts":"2026-07-06T01:06:13.661-04:00","source":{"id":"0","name":"eventBus"}}
{"__type":"$$EventMessageNode","id":"c3b19833-f94d-463c-9241-47c26f18af30","ts":"2026-07-06T01:06:13.663-04:00","eventName":"n8n.node.started","message":"n8n.node.started","payload":{"workflowId":"EAKkfRrfw8OAfRpS","workflowName":"Unified Reminders Scheduler","executionId":"218","nodeType":"n8n-nodes-base.if","nodeName":"Is Group Assigned?1","nodeId":"574d0b7d-798d-44ed-b3c1-2a947bf70364"}}
{"__type":"$$EventMessageConfirm","confirm":"c3b19833-f94d-463c-9241-47c26f18af30","ts":"2026-07-06T01:06:13.663-04:00","source":{"id":"0","name":"eventBus"}}
{"__type":"$$EventMessageNode","id":"cda327fd-6501-446b-853d-cba53b849f02","ts":"2026-07-06T01:06:13.687-04:00","eventName":"n8n.node.finished","message":"n8n.node.finished","payload":{"workflowId":"EAKkfRrfw8OAfRpS","workflowName":"Unified Reminders Scheduler","executionId":"218","nodeType":"n8n-nodes-base.if","nodeName":"Is Group Assigned?1","nodeId":"574d0b7d-798d-44ed-b3c1-2a947bf70364"}}
{"__type":"$$EventMessageConfirm","confirm":"cda327fd-6501-446b-853d-cba53b849f02","ts":"2026-07-06T01:06:13.687-04:00","source":{"id":"0","name":"eventBus"}}
{"__type":"$$EventMessageNode","id":"4d39fa39-d0ad-4999-b2d9-c6d4ee5ff032","ts":"2026-07-06T01:06:13.688-04:00","eventName":"n8n.node.started","message":"n8n.node.started","payload":{"workflowId":"EAKkfRrfw8OAfRpS","workflowName":"Unified Reminders Scheduler","executionId":"218","nodeType":"n8n-nodes-base.mySql","nodeName":"Update Alarm Status1","nodeId":"818cf879-ac86-40fd-ba90-2ab8e6a7de78"}}
{"__type":"$$EventMessageConfirm","confirm":"4d39fa39-d0ad-4999-b2d9-c6d4ee5ff032","ts":"2026-07-06T01:06:13.689-04:00","source":{"id":"0","name":"eventBus"}}
{"__type":"$$EventMessageNode","id":"e46e9622-3bae-43e3-8813-e88a37257977","ts":"2026-07-06T01:06:13.773-04:00","eventName":"n8n.node.finished","message":"n8n.node.finished","payload":{"workflowId":"EAKkfRrfw8OAfRpS","workflowName":"Unified Reminders Scheduler","executionId":"218","nodeType":"n8n-nodes-base.mySql","nodeName":"Update Alarm Status1","nodeId":"818cf879-ac86-40fd-ba90-2ab8e6a7de78"}}
{"__type":"$$EventMessageConfirm","confirm":"e46e9622-3bae-43e3-8813-e88a37257977","ts":"2026-07-06T01:06:13.773-04:00","source":{"id":"0","name":"eventBus"}}
{"__type":"$$EventMessageWorkflow","id":"3373fd57-a5c8-4e0d-8e56-6f6128628413","ts":"2026-07-06T01:06:13.802-04:00","eventName":"n8n.workflow.failed","message":"n8n.workflow.failed","payload":{"userId":"7b3e0480-85d1-4351-8a64-bff74bd5f199","executionId":"218","success":false,"isManual":true,"mode":"manual","workflowId":"EAKkfRrfw8OAfRpS","workflowName":"Unified Reminders Scheduler","projectId":"0hun36oYEh2yNKAD","projectName":"Kusum Pakira <kusumpakira1@gmail.com>","lastNodeExecuted":"Update Alarm Status1","errorNodeType":"n8n-nodes-base.mySql","errorMessage":"Node does not have any credentials set"}}
{"__type":"$$EventMessageConfirm","confirm":"3373fd57-a5c8-4e0d-8e56-6f6128628413","ts":"2026-07-06T01:06:13.802-04:00","source":{"id":"0","name":"eventBus"}}
{"__type":"$$EventMessageAudit","id":"c9992457-6810-4a38-9835-358a6cad26da","ts":"2026-07-06T01:10:51.957-04:00","eventName":"n8n.audit.workflow.executed","message":"n8n.audit.workflow.executed","payload":{"userId":"7b3e0480-85d1-4351-8a64-bff74bd5f199","_email":"kusumpakira1@gmail.com","_firstName":"Kusum","_lastName":"Pakira","globalRole":"global:owner","workflowId":"EAKkfRrfw8OAfRpS","workflowName":"Unified Reminders Scheduler","executionId":"219","source":"user-manual"}}
{"__type":"$$EventMessageConfirm","confirm":"c9992457-6810-4a38-9835-358a6cad26da","ts":"2026-07-06T01:10:51.962-04:00","source":{"id":"0","name":"eventBus"}}
{"__type":"$$EventMessageWorkflow","id":"71fcebbb-ceb7-4fd6-bfbc-a8d7f439c281","ts":"2026-07-06T01:10:51.978-04:00","eventName":"n8n.workflow.started","message":"n8n.workflow.started","payload":{"executionId":"219","workflowId":"EAKkfRrfw8OAfRpS","isManual":false,"mode":"manual","workflowName":"Unified Reminders Scheduler","projectId":"0hun36oYEh2yNKAD","projectName":"Kusum Pakira <kusumpakira1@gmail.com>"}}
{"__type":"$$EventMessageConfirm","confirm":"71fcebbb-ceb7-4fd6-bfbc-a8d7f439c281","ts":"2026-07-06T01:10:51.978-04:00","source":{"id":"0","name":"eventBus"}}
{"__type":"$$EventMessageNode","id":"18b115ba-34a6-4464-8711-586bf11fa975","ts":"2026-07-06T01:10:52.028-04:00","eventName":"n8n.node.started","message":"n8n.node.started","payload":{"workflowId":"EAKkfRrfw8OAfRpS","workflowName":"Unified Reminders Scheduler","executionId":"219","nodeType":"n8n-nodes-base.splitInBatches","nodeName":"Loop Alarms","nodeId":"49c0d818-442b-41f1-8519-5eba6bf0c0b2"}}
{"__type":"$$EventMessageConfirm","confirm":"18b115ba-34a6-4464-8711-586bf11fa975","ts":"2026-07-06T01:10:52.028-04:00","source":{"id":"0","name":"eventBus"}}
{"__type":"$$EventMessageNode","id":"2ea90a41-02b6-4067-a68b-7e620194f4eb","ts":"2026-07-06T01:10:52.063-04:00","eventName":"n8n.node.finished","message":"n8n.node.finished","payload":{"workflowId":"EAKkfRrfw8OAfRpS","workflowName":"Unified Reminders Scheduler","executionId":"219","nodeType":"n8n-nodes-base.splitInBatches","nodeName":"Loop Alarms","nodeId":"49c0d818-442b-41f1-8519-5eba6bf0c0b2"}}
{"__type":"$$EventMessageConfirm","confirm":"2ea90a41-02b6-4067-a68b-7e620194f4eb","ts":"2026-07-06T01:10:52.064-04:00","source":{"id":"0","name":"eventBus"}}
{"__type":"$$EventMessageNode","id":"5f06e746-62df-4994-b3ed-c768a3f912d0","ts":"2026-07-06T01:10:52.072-04:00","eventName":"n8n.node.started","message":"n8n.node.started","payload":{"workflowId":"EAKkfRrfw8OAfRpS","workflowName":"Unified Reminders Scheduler","executionId":"219","nodeType":"n8n-nodes-base.code","nodeName":"Check Submissions","nodeId":"aa3e64ef-d1f5-4d8f-a4ea-7100223ff131"}}
{"__type":"$$EventMessageConfirm","confirm":"5f06e746-62df-4994-b3ed-c768a3f912d0","ts":"2026-07-06T01:10:52.072-04:00","source":{"id":"0","name":"eventBus"}}
{"__type":"$$EventMessageRunner","id":"0c6ce00e-256a-4735-8a72-f17c298b4e3f","ts":"2026-07-06T01:10:52.332-04:00","eventName":"n8n.runner.task.requested","message":"n8n.runner.task.requested","payload":{"taskId":"P-7_gHiL","nodeId":"aa3e64ef-d1f5-4d8f-a4ea-7100223ff131","workflowId":"EAKkfRrfw8OAfRpS","executionId":"219"}}
{"__type":"$$EventMessageConfirm","confirm":"0c6ce00e-256a-4735-8a72-f17c298b4e3f","ts":"2026-07-06T01:10:52.334-04:00","source":{"id":"0","name":"eventBus"}}
{"__type":"$$EventMessageRunner","id":"bcf8e9c6-354a-4a14-9dcc-91c5f90a3c95","ts":"2026-07-06T01:10:53.341-04:00","eventName":"n8n.runner.response.received","message":"n8n.runner.response.received","payload":{"taskId":"P-7_gHiL","nodeId":"aa3e64ef-d1f5-4d8f-a4ea-7100223ff131","workflowId":"EAKkfRrfw8OAfRpS","executionId":"219"}}
{"__type":"$$EventMessageConfirm","confirm":"bcf8e9c6-354a-4a14-9dcc-91c5f90a3c95","ts":"2026-07-06T01:10:53.341-04:00","source":{"id":"0","name":"eventBus"}}
{"__type":"$$EventMessageNode","id":"a3b068e2-54df-45c2-b765-fa98d1b17eb3","ts":"2026-07-06T01:10:53.356-04:00","eventName":"n8n.node.finished","message":"n8n.node.finished","payload":{"workflowId":"EAKkfRrfw8OAfRpS","workflowName":"Unified Reminders Scheduler","executionId":"219","nodeType":"n8n-nodes-base.code","nodeName":"Check Submissions","nodeId":"aa3e64ef-d1f5-4d8f-a4ea-7100223ff131"}}
{"__type":"$$EventMessageConfirm","confirm":"a3b068e2-54df-45c2-b765-fa98d1b17eb3","ts":"2026-07-06T01:10:53.356-04:00","source":{"id":"0","name":"eventBus"}}
{"__type":"$$EventMessageNode","id":"4df68dcc-2592-42ed-a79d-5f27fd70d50e","ts":"2026-07-06T01:10:53.362-04:00","eventName":"n8n.node.started","message":"n8n.node.started","payload":{"workflowId":"EAKkfRrfw8OAfRpS","workflowName":"Unified Reminders Scheduler","executionId":"219","nodeType":"n8n-nodes-base.if","nodeName":"Is Missing?","nodeId":"15a9036c-77f2-4e7a-9d5e-1698405a254d"}}
{"__type":"$$EventMessageConfirm","confirm":"4df68dcc-2592-42ed-a79d-5f27fd70d50e","ts":"2026-07-06T01:10:53.362-04:00","source":{"id":"0","name":"eventBus"}}
{"__type":"$$EventMessageNode","id":"ea279b32-c623-4270-8646-df5574374348","ts":"2026-07-06T01:10:53.389-04:00","eventName":"n8n.node.finished","message":"n8n.node.finished","payload":{"workflowId":"EAKkfRrfw8OAfRpS","workflowName":"Unified Reminders Scheduler","executionId":"219","nodeType":"n8n-nodes-base.if","nodeName":"Is Missing?","nodeId":"15a9036c-77f2-4e7a-9d5e-1698405a254d"}}
{"__type":"$$EventMessageConfirm","confirm":"ea279b32-c623-4270-8646-df5574374348","ts":"2026-07-06T01:10:53.390-04:00","source":{"id":"0","name":"eventBus"}}
{"__type":"$$EventMessageNode","id":"27986227-bce9-47bf-92e7-69e1f05b515a","ts":"2026-07-06T01:10:53.432-04:00","eventName":"n8n.node.started","message":"n8n.node.started","payload":{"workflowId":"EAKkfRrfw8OAfRpS","workflowName":"Unified Reminders Scheduler","executionId":"219","nodeType":"n8n-nodes-base.httpRequest","nodeName":"Send Private WhatsApp1","nodeId":"b77bca05-05c2-4a2b-9e2e-b94f793041ce"}}
{"__type":"$$EventMessageConfirm","confirm":"27986227-bce9-47bf-92e7-69e1f05b515a","ts":"2026-07-06T01:10:53.432-04:00","source":{"id":"0","name":"eventBus"}}
{"__type":"$$EventMessageNode","id":"8ffb76da-4af6-4109-8277-1a309511b706","ts":"2026-07-06T01:11:00.044-04:00","eventName":"n8n.node.finished","message":"n8n.node.finished","payload":{"workflowId":"EAKkfRrfw8OAfRpS","workflowName":"Unified Reminders Scheduler","executionId":"219","nodeType":"n8n-nodes-base.httpRequest","nodeName":"Send Private WhatsApp1","nodeId":"b77bca05-05c2-4a2b-9e2e-b94f793041ce"}}
{"__type":"$$EventMessageConfirm","confirm":"8ffb76da-4af6-4109-8277-1a309511b706","ts":"2026-07-06T01:11:00.051-04:00","source":{"id":"0","name":"eventBus"}}
{"__type":"$$EventMessageWorkflow","id":"81b832e7-c5e4-4abe-9e2a-aca01d102cc4","ts":"2026-07-06T01:11:00.170-04:00","eventName":"n8n.workflow.failed","message":"n8n.workflow.failed","payload":{"userId":"7b3e0480-85d1-4351-8a64-bff74bd5f199","executionId":"219","success":false,"isManual":true,"mode":"manual","workflowId":"EAKkfRrfw8OAfRpS","workflowName":"Unified Reminders Scheduler","projectId":"0hun36oYEh2yNKAD","projectName":"Kusum Pakira <kusumpakira1@gmail.com>","lastNodeExecuted":"Send Private WhatsApp1","errorNodeType":"n8n-nodes-base.httpRequest","errorMessage":"Your request is invalid or could not be processed by the service"}}
{"__type":"$$EventMessageConfirm","confirm":"81b832e7-c5e4-4abe-9e2a-aca01d102cc4","ts":"2026-07-06T01:11:00.171-04:00","source":{"id":"0","name":"eventBus"}}
