{"__type":"$$EventMessageAudit","id":"fe1edcb3-3d56-474a-a232-c18bac022fee","ts":"2026-07-10T10:28:04.936+00:00","eventName":"n8n.audit.workflow.executed","message":"n8n.audit.workflow.executed","payload":{"userId":"7b3e0480-85d1-4351-8a64-bff74bd5f199","_email":"kusumpakira1@gmail.com","_firstName":"Kusum","_lastName":"Pakira","globalRole":"global:owner","workflowId":"06NNhzcOqXgXgr47","workflowName":"Daily Report Reminder Workflow (6:00 PM)","executionId":"312","source":"user-manual"}}
{"__type":"$$EventMessageConfirm","confirm":"fe1edcb3-3d56-474a-a232-c18bac022fee","ts":"2026-07-10T10:28:04.938+00:00","source":{"id":"0","name":"eventBus"}}
{"__type":"$$EventMessageWorkflow","id":"d46ca9ce-b173-4081-84f8-d99f7d52db9d","ts":"2026-07-10T10:28:05.124+00:00","eventName":"n8n.workflow.started","message":"n8n.workflow.started","payload":{"executionId":"312","workflowId":"06NNhzcOqXgXgr47","isManual":false,"mode":"manual","workflowName":"Daily Report Reminder Workflow (6:00 PM)","projectId":"0hun36oYEh2yNKAD","projectName":"Kusum Pakira <kusumpakira1@gmail.com>"}}
{"__type":"$$EventMessageConfirm","confirm":"d46ca9ce-b173-4081-84f8-d99f7d52db9d","ts":"2026-07-10T10:28:05.124+00:00","source":{"id":"0","name":"eventBus"}}
{"__type":"$$EventMessageNode","id":"12fee373-ac86-427f-b43e-5143dcedcdf3","ts":"2026-07-10T10:28:05.236+00:00","eventName":"n8n.node.started","message":"n8n.node.started","payload":{"workflowId":"06NNhzcOqXgXgr47","workflowName":"Daily Report Reminder Workflow (6:00 PM)","executionId":"312","nodeType":"n8n-nodes-base.scheduleTrigger","nodeName":"Schedule Trigger","nodeId":"a9b645a8-00c2-4a72-a4ac-1de01c372d1b"}}
{"__type":"$$EventMessageConfirm","confirm":"12fee373-ac86-427f-b43e-5143dcedcdf3","ts":"2026-07-10T10:28:05.236+00:00","source":{"id":"0","name":"eventBus"}}
{"__type":"$$EventMessageNode","id":"728700de-6c2b-47d1-83c6-d0584481ac8e","ts":"2026-07-10T10:28:05.375+00:00","eventName":"n8n.node.finished","message":"n8n.node.finished","payload":{"workflowId":"06NNhzcOqXgXgr47","workflowName":"Daily Report Reminder Workflow (6:00 PM)","executionId":"312","nodeType":"n8n-nodes-base.scheduleTrigger","nodeName":"Schedule Trigger","nodeId":"a9b645a8-00c2-4a72-a4ac-1de01c372d1b"}}
{"__type":"$$EventMessageConfirm","confirm":"728700de-6c2b-47d1-83c6-d0584481ac8e","ts":"2026-07-10T10:28:05.375+00:00","source":{"id":"0","name":"eventBus"}}
{"__type":"$$EventMessageNode","id":"2f18d2ef-6f35-40ff-af38-0a2460c92b2b","ts":"2026-07-10T10:28:05.378+00:00","eventName":"n8n.node.started","message":"n8n.node.started","payload":{"workflowId":"06NNhzcOqXgXgr47","workflowName":"Daily Report Reminder Workflow (6:00 PM)","executionId":"312","nodeType":"n8n-nodes-base.mySql","nodeName":"Fetch Expected Reminders","nodeId":"5983d079-3780-4424-8765-d36de55a73be"}}
{"__type":"$$EventMessageConfirm","confirm":"2f18d2ef-6f35-40ff-af38-0a2460c92b2b","ts":"2026-07-10T10:28:05.379+00:00","source":{"id":"0","name":"eventBus"}}
{"__type":"$$EventMessageNode","id":"bfb0e6e8-726f-4f84-8579-2258e6c1fdfb","ts":"2026-07-10T10:28:05.816+00:00","eventName":"n8n.node.finished","message":"n8n.node.finished","payload":{"workflowId":"06NNhzcOqXgXgr47","workflowName":"Daily Report Reminder Workflow (6:00 PM)","executionId":"312","nodeType":"n8n-nodes-base.mySql","nodeName":"Fetch Expected Reminders","nodeId":"5983d079-3780-4424-8765-d36de55a73be"}}
{"__type":"$$EventMessageConfirm","confirm":"bfb0e6e8-726f-4f84-8579-2258e6c1fdfb","ts":"2026-07-10T10:28:05.817+00:00","source":{"id":"0","name":"eventBus"}}
{"__type":"$$EventMessageNode","id":"97f6ab24-94ce-4e47-9be3-b73f6f4d871a","ts":"2026-07-10T10:28:05.822+00:00","eventName":"n8n.node.started","message":"n8n.node.started","payload":{"workflowId":"06NNhzcOqXgXgr47","workflowName":"Daily Report Reminder Workflow (6:00 PM)","executionId":"312","nodeType":"n8n-nodes-base.code","nodeName":"Intelligent Matcher","nodeId":"628a76f2-f45f-4ab8-bc78-63dff539226c"}}
{"__type":"$$EventMessageConfirm","confirm":"97f6ab24-94ce-4e47-9be3-b73f6f4d871a","ts":"2026-07-10T10:28:05.822+00:00","source":{"id":"0","name":"eventBus"}}
{"__type":"$$EventMessageRunner","id":"3dbf14b3-45b8-4034-b68f-ae1e8030bf30","ts":"2026-07-10T10:28:05.883+00:00","eventName":"n8n.runner.task.requested","message":"n8n.runner.task.requested","payload":{"taskId":"akSipepY","nodeId":"628a76f2-f45f-4ab8-bc78-63dff539226c","workflowId":"06NNhzcOqXgXgr47","executionId":"312"}}
{"__type":"$$EventMessageConfirm","confirm":"3dbf14b3-45b8-4034-b68f-ae1e8030bf30","ts":"2026-07-10T10:28:05.884+00:00","source":{"id":"0","name":"eventBus"}}
{"__type":"$$EventMessageRunner","id":"8e5c38fe-84c2-4470-9d09-cce02ee5f50c","ts":"2026-07-10T10:28:06.714+00:00","eventName":"n8n.runner.response.received","message":"n8n.runner.response.received","payload":{"taskId":"akSipepY","nodeId":"628a76f2-f45f-4ab8-bc78-63dff539226c","workflowId":"06NNhzcOqXgXgr47","executionId":"312"}}
{"__type":"$$EventMessageConfirm","confirm":"8e5c38fe-84c2-4470-9d09-cce02ee5f50c","ts":"2026-07-10T10:28:06.714+00:00","source":{"id":"0","name":"eventBus"}}
{"__type":"$$EventMessageNode","id":"0a836d62-d6b8-4577-af4b-9caf7ff3d5fc","ts":"2026-07-10T10:28:06.716+00:00","eventName":"n8n.node.finished","message":"n8n.node.finished","payload":{"workflowId":"06NNhzcOqXgXgr47","workflowName":"Daily Report Reminder Workflow (6:00 PM)","executionId":"312","nodeType":"n8n-nodes-base.code","nodeName":"Intelligent Matcher","nodeId":"628a76f2-f45f-4ab8-bc78-63dff539226c"}}
{"__type":"$$EventMessageConfirm","confirm":"0a836d62-d6b8-4577-af4b-9caf7ff3d5fc","ts":"2026-07-10T10:28:06.716+00:00","source":{"id":"0","name":"eventBus"}}
{"__type":"$$EventMessageNode","id":"0a3c7fc3-3173-4e38-81d1-4046ad69a06a","ts":"2026-07-10T10:28:06.718+00:00","eventName":"n8n.node.started","message":"n8n.node.started","payload":{"workflowId":"06NNhzcOqXgXgr47","workflowName":"Daily Report Reminder Workflow (6:00 PM)","executionId":"312","nodeType":"n8n-nodes-base.httpRequest","nodeName":"Send WhatsApp Message","nodeId":"33d2c8cd-41cd-4812-acd7-b3288b69d472"}}
{"__type":"$$EventMessageConfirm","confirm":"0a3c7fc3-3173-4e38-81d1-4046ad69a06a","ts":"2026-07-10T10:28:06.718+00:00","source":{"id":"0","name":"eventBus"}}
{"__type":"$$EventMessageNode","id":"6ea12662-584b-4500-ba8c-a4a964d54ff9","ts":"2026-07-10T06:28:13.249-04:00","eventName":"n8n.node.finished","message":"n8n.node.finished","payload":{"workflowId":"06NNhzcOqXgXgr47","workflowName":"Daily Report Reminder Workflow (6:00 PM)","executionId":"312","nodeType":"n8n-nodes-base.httpRequest","nodeName":"Send WhatsApp Message","nodeId":"33d2c8cd-41cd-4812-acd7-b3288b69d472"}}
{"__type":"$$EventMessageConfirm","confirm":"6ea12662-584b-4500-ba8c-a4a964d54ff9","ts":"2026-07-10T06:28:13.250-04:00","source":{"id":"0","name":"eventBus"}}
{"__type":"$$EventMessageNode","id":"1e8839cc-5319-4074-a408-461fabbd2ac3","ts":"2026-07-10T06:28:13.253-04:00","eventName":"n8n.node.started","message":"n8n.node.started","payload":{"workflowId":"06NNhzcOqXgXgr47","workflowName":"Daily Report Reminder Workflow (6:00 PM)","executionId":"312","nodeType":"n8n-nodes-base.mySql","nodeName":"Fetch Processed Data","nodeId":"46ef20f1-5ccc-4374-a14c-94a17261bcb4"}}
{"__type":"$$EventMessageConfirm","confirm":"1e8839cc-5319-4074-a408-461fabbd2ac3","ts":"2026-07-10T06:28:13.253-04:00","source":{"id":"0","name":"eventBus"}}
{"__type":"$$EventMessageNode","id":"096e3150-620d-4017-824f-b6bf0775a305","ts":"2026-07-10T06:28:13.351-04:00","eventName":"n8n.node.finished","message":"n8n.node.finished","payload":{"workflowId":"06NNhzcOqXgXgr47","workflowName":"Daily Report Reminder Workflow (6:00 PM)","executionId":"312","nodeType":"n8n-nodes-base.mySql","nodeName":"Fetch Processed Data","nodeId":"46ef20f1-5ccc-4374-a14c-94a17261bcb4"}}
{"__type":"$$EventMessageConfirm","confirm":"096e3150-620d-4017-824f-b6bf0775a305","ts":"2026-07-10T06:28:13.352-04:00","source":{"id":"0","name":"eventBus"}}
{"__type":"$$EventMessageNode","id":"7d1f425c-65e0-4c59-9d37-cc2aba634a43","ts":"2026-07-10T06:28:13.354-04:00","eventName":"n8n.node.started","message":"n8n.node.started","payload":{"workflowId":"06NNhzcOqXgXgr47","workflowName":"Daily Report Reminder Workflow (6:00 PM)","executionId":"312","nodeType":"n8n-nodes-base.code","nodeName":"Intelligent Matcher","nodeId":"628a76f2-f45f-4ab8-bc78-63dff539226c"}}
{"__type":"$$EventMessageConfirm","confirm":"7d1f425c-65e0-4c59-9d37-cc2aba634a43","ts":"2026-07-10T06:28:13.354-04:00","source":{"id":"0","name":"eventBus"}}
{"__type":"$$EventMessageRunner","id":"006fb021-0a2d-4bdc-8fad-c4270258690c","ts":"2026-07-10T06:28:13.370-04:00","eventName":"n8n.runner.task.requested","message":"n8n.runner.task.requested","payload":{"taskId":"QPMpU1Vn","nodeId":"628a76f2-f45f-4ab8-bc78-63dff539226c","workflowId":"06NNhzcOqXgXgr47","executionId":"312"}}
{"__type":"$$EventMessageConfirm","confirm":"006fb021-0a2d-4bdc-8fad-c4270258690c","ts":"2026-07-10T06:28:13.370-04:00","source":{"id":"0","name":"eventBus"}}
{"__type":"$$EventMessageRunner","id":"39e91215-bb9c-4247-8f0e-babd264358f0","ts":"2026-07-10T06:28:13.495-04:00","eventName":"n8n.runner.response.received","message":"n8n.runner.response.received","payload":{"taskId":"QPMpU1Vn","nodeId":"628a76f2-f45f-4ab8-bc78-63dff539226c","workflowId":"06NNhzcOqXgXgr47","executionId":"312"}}
{"__type":"$$EventMessageConfirm","confirm":"39e91215-bb9c-4247-8f0e-babd264358f0","ts":"2026-07-10T06:28:13.495-04:00","source":{"id":"0","name":"eventBus"}}
{"__type":"$$EventMessageNode","id":"08188b3b-1f68-4b19-bdaa-603a7148b83e","ts":"2026-07-10T06:28:13.496-04:00","eventName":"n8n.node.finished","message":"n8n.node.finished","payload":{"workflowId":"06NNhzcOqXgXgr47","workflowName":"Daily Report Reminder Workflow (6:00 PM)","executionId":"312","nodeType":"n8n-nodes-base.code","nodeName":"Intelligent Matcher","nodeId":"628a76f2-f45f-4ab8-bc78-63dff539226c"}}
{"__type":"$$EventMessageConfirm","confirm":"08188b3b-1f68-4b19-bdaa-603a7148b83e","ts":"2026-07-10T06:28:13.496-04:00","source":{"id":"0","name":"eventBus"}}
{"__type":"$$EventMessageNode","id":"dfd34e27-e2be-4f33-b3b8-9632888f40d3","ts":"2026-07-10T06:28:13.497-04:00","eventName":"n8n.node.started","message":"n8n.node.started","payload":{"workflowId":"06NNhzcOqXgXgr47","workflowName":"Daily Report Reminder Workflow (6:00 PM)","executionId":"312","nodeType":"n8n-nodes-base.httpRequest","nodeName":"Send WhatsApp Message","nodeId":"33d2c8cd-41cd-4812-acd7-b3288b69d472"}}
{"__type":"$$EventMessageConfirm","confirm":"dfd34e27-e2be-4f33-b3b8-9632888f40d3","ts":"2026-07-10T06:28:13.499-04:00","source":{"id":"0","name":"eventBus"}}
{"__type":"$$EventMessageNode","id":"caefbdd2-1ac3-44b7-88ed-8b302b2511d1","ts":"2026-07-10T06:28:13.869-04:00","eventName":"n8n.node.finished","message":"n8n.node.finished","payload":{"workflowId":"06NNhzcOqXgXgr47","workflowName":"Daily Report Reminder Workflow (6:00 PM)","executionId":"312","nodeType":"n8n-nodes-base.httpRequest","nodeName":"Send WhatsApp Message","nodeId":"33d2c8cd-41cd-4812-acd7-b3288b69d472"}}
{"__type":"$$EventMessageConfirm","confirm":"caefbdd2-1ac3-44b7-88ed-8b302b2511d1","ts":"2026-07-10T06:28:13.869-04:00","source":{"id":"0","name":"eventBus"}}
{"__type":"$$EventMessageNode","id":"3286f2a9-9a24-426d-b277-e93707e3f7b5","ts":"2026-07-10T06:28:13.870-04:00","eventName":"n8n.node.started","message":"n8n.node.started","payload":{"workflowId":"06NNhzcOqXgXgr47","workflowName":"Daily Report Reminder Workflow (6:00 PM)","executionId":"312","nodeType":"n8n-nodes-base.mySql","nodeName":"Fetch Raw Messages","nodeId":"a95e7231-71db-4ef0-a26f-dae7d4c62bfe"}}
{"__type":"$$EventMessageConfirm","confirm":"3286f2a9-9a24-426d-b277-e93707e3f7b5","ts":"2026-07-10T06:28:13.870-04:00","source":{"id":"0","name":"eventBus"}}
{"__type":"$$EventMessageNode","id":"9e1c51d8-8b6c-4e17-a3ed-e77d98099aee","ts":"2026-07-10T06:28:13.979-04:00","eventName":"n8n.node.finished","message":"n8n.node.finished","payload":{"workflowId":"06NNhzcOqXgXgr47","workflowName":"Daily Report Reminder Workflow (6:00 PM)","executionId":"312","nodeType":"n8n-nodes-base.mySql","nodeName":"Fetch Raw Messages","nodeId":"a95e7231-71db-4ef0-a26f-dae7d4c62bfe"}}
{"__type":"$$EventMessageConfirm","confirm":"9e1c51d8-8b6c-4e17-a3ed-e77d98099aee","ts":"2026-07-10T06:28:13.979-04:00","source":{"id":"0","name":"eventBus"}}
{"__type":"$$EventMessageNode","id":"68677e86-1bd9-4d72-ad93-76e3101cf36c","ts":"2026-07-10T06:28:13.991-04:00","eventName":"n8n.node.started","message":"n8n.node.started","payload":{"workflowId":"06NNhzcOqXgXgr47","workflowName":"Daily Report Reminder Workflow (6:00 PM)","executionId":"312","nodeType":"n8n-nodes-base.code","nodeName":"Intelligent Matcher","nodeId":"628a76f2-f45f-4ab8-bc78-63dff539226c"}}
{"__type":"$$EventMessageConfirm","confirm":"68677e86-1bd9-4d72-ad93-76e3101cf36c","ts":"2026-07-10T06:28:13.991-04:00","source":{"id":"0","name":"eventBus"}}
{"__type":"$$EventMessageRunner","id":"f80ea42a-c329-4930-a0f2-09e2f3f7c66a","ts":"2026-07-10T06:28:13.996-04:00","eventName":"n8n.runner.task.requested","message":"n8n.runner.task.requested","payload":{"taskId":"IVvEActV","nodeId":"628a76f2-f45f-4ab8-bc78-63dff539226c","workflowId":"06NNhzcOqXgXgr47","executionId":"312"}}
{"__type":"$$EventMessageConfirm","confirm":"f80ea42a-c329-4930-a0f2-09e2f3f7c66a","ts":"2026-07-10T06:28:13.996-04:00","source":{"id":"0","name":"eventBus"}}
{"__type":"$$EventMessageRunner","id":"38061d30-96a7-431f-866d-f5a4683d8cd0","ts":"2026-07-10T06:28:14.059-04:00","eventName":"n8n.runner.response.received","message":"n8n.runner.response.received","payload":{"taskId":"IVvEActV","nodeId":"628a76f2-f45f-4ab8-bc78-63dff539226c","workflowId":"06NNhzcOqXgXgr47","executionId":"312"}}
{"__type":"$$EventMessageConfirm","confirm":"38061d30-96a7-431f-866d-f5a4683d8cd0","ts":"2026-07-10T06:28:14.059-04:00","source":{"id":"0","name":"eventBus"}}
{"__type":"$$EventMessageNode","id":"33f725fd-94a8-4919-8512-334a05b18eb2","ts":"2026-07-10T06:28:14.059-04:00","eventName":"n8n.node.finished","message":"n8n.node.finished","payload":{"workflowId":"06NNhzcOqXgXgr47","workflowName":"Daily Report Reminder Workflow (6:00 PM)","executionId":"312","nodeType":"n8n-nodes-base.code","nodeName":"Intelligent Matcher","nodeId":"628a76f2-f45f-4ab8-bc78-63dff539226c"}}
{"__type":"$$EventMessageConfirm","confirm":"33f725fd-94a8-4919-8512-334a05b18eb2","ts":"2026-07-10T06:28:14.060-04:00","source":{"id":"0","name":"eventBus"}}
{"__type":"$$EventMessageNode","id":"6549f33a-3d09-424c-b860-383249fb5aef","ts":"2026-07-10T06:28:14.061-04:00","eventName":"n8n.node.started","message":"n8n.node.started","payload":{"workflowId":"06NNhzcOqXgXgr47","workflowName":"Daily Report Reminder Workflow (6:00 PM)","executionId":"312","nodeType":"n8n-nodes-base.httpRequest","nodeName":"Send WhatsApp Message","nodeId":"33d2c8cd-41cd-4812-acd7-b3288b69d472"}}
{"__type":"$$EventMessageConfirm","confirm":"6549f33a-3d09-424c-b860-383249fb5aef","ts":"2026-07-10T06:28:14.061-04:00","source":{"id":"0","name":"eventBus"}}
{"__type":"$$EventMessageNode","id":"57a49799-6b39-4144-86c8-05b7327a63fb","ts":"2026-07-10T06:28:14.443-04:00","eventName":"n8n.node.finished","message":"n8n.node.finished","payload":{"workflowId":"06NNhzcOqXgXgr47","workflowName":"Daily Report Reminder Workflow (6:00 PM)","executionId":"312","nodeType":"n8n-nodes-base.httpRequest","nodeName":"Send WhatsApp Message","nodeId":"33d2c8cd-41cd-4812-acd7-b3288b69d472"}}
{"__type":"$$EventMessageConfirm","confirm":"57a49799-6b39-4144-86c8-05b7327a63fb","ts":"2026-07-10T06:28:14.443-04:00","source":{"id":"0","name":"eventBus"}}
{"__type":"$$EventMessageWorkflow","id":"956a1e46-eee1-4cea-b708-80a7eaf8030e","ts":"2026-07-10T06:28:14.464-04:00","eventName":"n8n.workflow.success","message":"n8n.workflow.success","payload":{"userId":"7b3e0480-85d1-4351-8a64-bff74bd5f199","executionId":"312","success":true,"isManual":true,"mode":"manual","workflowId":"06NNhzcOqXgXgr47","workflowName":"Daily Report Reminder Workflow (6:00 PM)","projectId":"0hun36oYEh2yNKAD","projectName":"Kusum Pakira <kusumpakira1@gmail.com>"}}
{"__type":"$$EventMessageConfirm","confirm":"956a1e46-eee1-4cea-b708-80a7eaf8030e","ts":"2026-07-10T06:28:14.465-04:00","source":{"id":"0","name":"eventBus"}}
{"__type":"$$EventMessageAudit","id":"4dee1cdb-9a27-43b3-ad0e-c808bb8f2a63","ts":"2026-07-10T06:48:34.367-04:00","eventName":"n8n.audit.workflow.executed","message":"n8n.audit.workflow.executed","payload":{"userId":"7b3e0480-85d1-4351-8a64-bff74bd5f199","_email":"kusumpakira1@gmail.com","_firstName":"Kusum","_lastName":"Pakira","globalRole":"global:owner","workflowId":"06NNhzcOqXgXgr47","workflowName":"Daily Report Reminder Workflow (6:00 PM)","executionId":"313","source":"user-manual"}}
{"__type":"$$EventMessageConfirm","confirm":"4dee1cdb-9a27-43b3-ad0e-c808bb8f2a63","ts":"2026-07-10T06:48:34.369-04:00","source":{"id":"0","name":"eventBus"}}
{"__type":"$$EventMessageWorkflow","id":"a8bf1cb2-530d-4a42-a289-1010e2e5111e","ts":"2026-07-10T06:48:34.370-04:00","eventName":"n8n.workflow.started","message":"n8n.workflow.started","payload":{"executionId":"313","workflowId":"06NNhzcOqXgXgr47","isManual":false,"mode":"manual","workflowName":"Daily Report Reminder Workflow (6:00 PM)","projectId":"0hun36oYEh2yNKAD","projectName":"Kusum Pakira <kusumpakira1@gmail.com>"}}
{"__type":"$$EventMessageConfirm","confirm":"a8bf1cb2-530d-4a42-a289-1010e2e5111e","ts":"2026-07-10T06:48:34.370-04:00","source":{"id":"0","name":"eventBus"}}
{"__type":"$$EventMessageNode","id":"ee499800-9082-439c-ab60-75c54cdee12a","ts":"2026-07-10T06:48:34.388-04:00","eventName":"n8n.node.started","message":"n8n.node.started","payload":{"workflowId":"06NNhzcOqXgXgr47","workflowName":"Daily Report Reminder Workflow (6:00 PM)","executionId":"313","nodeType":"n8n-nodes-base.scheduleTrigger","nodeName":"Schedule Trigger","nodeId":"a9b645a8-00c2-4a72-a4ac-1de01c372d1b"}}
{"__type":"$$EventMessageConfirm","confirm":"ee499800-9082-439c-ab60-75c54cdee12a","ts":"2026-07-10T06:48:34.388-04:00","source":{"id":"0","name":"eventBus"}}
{"__type":"$$EventMessageNode","id":"9dc0e4e0-0b3e-4c06-969e-994dd9cd86f8","ts":"2026-07-10T06:48:34.418-04:00","eventName":"n8n.node.finished","message":"n8n.node.finished","payload":{"workflowId":"06NNhzcOqXgXgr47","workflowName":"Daily Report Reminder Workflow (6:00 PM)","executionId":"313","nodeType":"n8n-nodes-base.scheduleTrigger","nodeName":"Schedule Trigger","nodeId":"a9b645a8-00c2-4a72-a4ac-1de01c372d1b"}}
{"__type":"$$EventMessageConfirm","confirm":"9dc0e4e0-0b3e-4c06-969e-994dd9cd86f8","ts":"2026-07-10T06:48:34.418-04:00","source":{"id":"0","name":"eventBus"}}
{"__type":"$$EventMessageNode","id":"84c59d75-1657-4762-a877-a2171722bc0c","ts":"2026-07-10T06:48:34.420-04:00","eventName":"n8n.node.started","message":"n8n.node.started","payload":{"workflowId":"06NNhzcOqXgXgr47","workflowName":"Daily Report Reminder Workflow (6:00 PM)","executionId":"313","nodeType":"n8n-nodes-base.mySql","nodeName":"Fetch Expected Reminders","nodeId":"5983d079-3780-4424-8765-d36de55a73be"}}
{"__type":"$$EventMessageConfirm","confirm":"84c59d75-1657-4762-a877-a2171722bc0c","ts":"2026-07-10T06:48:34.420-04:00","source":{"id":"0","name":"eventBus"}}
{"__type":"$$EventMessageNode","id":"eca72f16-8a36-4d6d-86ad-00939ef866c2","ts":"2026-07-10T06:48:34.498-04:00","eventName":"n8n.node.finished","message":"n8n.node.finished","payload":{"workflowId":"06NNhzcOqXgXgr47","workflowName":"Daily Report Reminder Workflow (6:00 PM)","executionId":"313","nodeType":"n8n-nodes-base.mySql","nodeName":"Fetch Expected Reminders","nodeId":"5983d079-3780-4424-8765-d36de55a73be"}}
{"__type":"$$EventMessageConfirm","confirm":"eca72f16-8a36-4d6d-86ad-00939ef866c2","ts":"2026-07-10T06:48:34.498-04:00","source":{"id":"0","name":"eventBus"}}
{"__type":"$$EventMessageNode","id":"56846a45-f928-44ce-b3e1-fc5345abe48a","ts":"2026-07-10T06:48:34.499-04:00","eventName":"n8n.node.started","message":"n8n.node.started","payload":{"workflowId":"06NNhzcOqXgXgr47","workflowName":"Daily Report Reminder Workflow (6:00 PM)","executionId":"313","nodeType":"n8n-nodes-base.code","nodeName":"Intelligent Matcher","nodeId":"628a76f2-f45f-4ab8-bc78-63dff539226c"}}
{"__type":"$$EventMessageConfirm","confirm":"56846a45-f928-44ce-b3e1-fc5345abe48a","ts":"2026-07-10T06:48:34.499-04:00","source":{"id":"0","name":"eventBus"}}
{"__type":"$$EventMessageRunner","id":"b1346ad9-6671-4799-b73f-c3c75161d7f3","ts":"2026-07-10T06:48:34.518-04:00","eventName":"n8n.runner.task.requested","message":"n8n.runner.task.requested","payload":{"taskId":"tC4_0k7s","nodeId":"628a76f2-f45f-4ab8-bc78-63dff539226c","workflowId":"06NNhzcOqXgXgr47","executionId":"313"}}
{"__type":"$$EventMessageConfirm","confirm":"b1346ad9-6671-4799-b73f-c3c75161d7f3","ts":"2026-07-10T06:48:34.518-04:00","source":{"id":"0","name":"eventBus"}}
{"__type":"$$EventMessageRunner","id":"7e0a48ec-146c-4f4d-b64f-88920c1c2008","ts":"2026-07-10T06:48:34.626-04:00","eventName":"n8n.runner.response.received","message":"n8n.runner.response.received","payload":{"taskId":"tC4_0k7s","nodeId":"628a76f2-f45f-4ab8-bc78-63dff539226c","workflowId":"06NNhzcOqXgXgr47","executionId":"313"}}
{"__type":"$$EventMessageConfirm","confirm":"7e0a48ec-146c-4f4d-b64f-88920c1c2008","ts":"2026-07-10T06:48:34.626-04:00","source":{"id":"0","name":"eventBus"}}
{"__type":"$$EventMessageNode","id":"5f3b605b-0a70-4a26-b082-0dd3f9b7709b","ts":"2026-07-10T06:48:34.626-04:00","eventName":"n8n.node.finished","message":"n8n.node.finished","payload":{"workflowId":"06NNhzcOqXgXgr47","workflowName":"Daily Report Reminder Workflow (6:00 PM)","executionId":"313","nodeType":"n8n-nodes-base.code","nodeName":"Intelligent Matcher","nodeId":"628a76f2-f45f-4ab8-bc78-63dff539226c"}}
{"__type":"$$EventMessageConfirm","confirm":"5f3b605b-0a70-4a26-b082-0dd3f9b7709b","ts":"2026-07-10T06:48:34.626-04:00","source":{"id":"0","name":"eventBus"}}
{"__type":"$$EventMessageNode","id":"9588ef1a-5e6c-4b68-8b56-c3380e7e8956","ts":"2026-07-10T06:48:34.628-04:00","eventName":"n8n.node.started","message":"n8n.node.started","payload":{"workflowId":"06NNhzcOqXgXgr47","workflowName":"Daily Report Reminder Workflow (6:00 PM)","executionId":"313","nodeType":"n8n-nodes-base.httpRequest","nodeName":"Send WhatsApp Message","nodeId":"33d2c8cd-41cd-4812-acd7-b3288b69d472"}}
{"__type":"$$EventMessageConfirm","confirm":"9588ef1a-5e6c-4b68-8b56-c3380e7e8956","ts":"2026-07-10T06:48:34.628-04:00","source":{"id":"0","name":"eventBus"}}
{"__type":"$$EventMessageNode","id":"32baa2af-75f7-433d-9400-9162694fb0f8","ts":"2026-07-10T06:48:35.961-04:00","eventName":"n8n.node.finished","message":"n8n.node.finished","payload":{"workflowId":"06NNhzcOqXgXgr47","workflowName":"Daily Report Reminder Workflow (6:00 PM)","executionId":"313","nodeType":"n8n-nodes-base.httpRequest","nodeName":"Send WhatsApp Message","nodeId":"33d2c8cd-41cd-4812-acd7-b3288b69d472"}}
{"__type":"$$EventMessageConfirm","confirm":"32baa2af-75f7-433d-9400-9162694fb0f8","ts":"2026-07-10T06:48:35.961-04:00","source":{"id":"0","name":"eventBus"}}
{"__type":"$$EventMessageNode","id":"f1ccaa2e-730f-4605-9a33-f16e81f405f7","ts":"2026-07-10T06:48:35.964-04:00","eventName":"n8n.node.started","message":"n8n.node.started","payload":{"workflowId":"06NNhzcOqXgXgr47","workflowName":"Daily Report Reminder Workflow (6:00 PM)","executionId":"313","nodeType":"n8n-nodes-base.mySql","nodeName":"Fetch Processed Data","nodeId":"46ef20f1-5ccc-4374-a14c-94a17261bcb4"}}
{"__type":"$$EventMessageConfirm","confirm":"f1ccaa2e-730f-4605-9a33-f16e81f405f7","ts":"2026-07-10T06:48:35.964-04:00","source":{"id":"0","name":"eventBus"}}
{"__type":"$$EventMessageNode","id":"6aac8e48-f2e8-433e-9178-d56b8ab25b01","ts":"2026-07-10T06:48:36.066-04:00","eventName":"n8n.node.finished","message":"n8n.node.finished","payload":{"workflowId":"06NNhzcOqXgXgr47","workflowName":"Daily Report Reminder Workflow (6:00 PM)","executionId":"313","nodeType":"n8n-nodes-base.mySql","nodeName":"Fetch Processed Data","nodeId":"46ef20f1-5ccc-4374-a14c-94a17261bcb4"}}
{"__type":"$$EventMessageConfirm","confirm":"6aac8e48-f2e8-433e-9178-d56b8ab25b01","ts":"2026-07-10T06:48:36.066-04:00","source":{"id":"0","name":"eventBus"}}
{"__type":"$$EventMessageNode","id":"1e12aa6d-8870-4b1f-a55f-f2bb7b009e5c","ts":"2026-07-10T06:48:36.068-04:00","eventName":"n8n.node.started","message":"n8n.node.started","payload":{"workflowId":"06NNhzcOqXgXgr47","workflowName":"Daily Report Reminder Workflow (6:00 PM)","executionId":"313","nodeType":"n8n-nodes-base.code","nodeName":"Intelligent Matcher","nodeId":"628a76f2-f45f-4ab8-bc78-63dff539226c"}}
{"__type":"$$EventMessageConfirm","confirm":"1e12aa6d-8870-4b1f-a55f-f2bb7b009e5c","ts":"2026-07-10T06:48:36.073-04:00","source":{"id":"0","name":"eventBus"}}
{"__type":"$$EventMessageRunner","id":"ff9ba3be-870b-4f01-aa04-ce63cbafd3ff","ts":"2026-07-10T06:48:36.075-04:00","eventName":"n8n.runner.task.requested","message":"n8n.runner.task.requested","payload":{"taskId":"AjMtTDDW","nodeId":"628a76f2-f45f-4ab8-bc78-63dff539226c","workflowId":"06NNhzcOqXgXgr47","executionId":"313"}}
{"__type":"$$EventMessageConfirm","confirm":"ff9ba3be-870b-4f01-aa04-ce63cbafd3ff","ts":"2026-07-10T06:48:36.075-04:00","source":{"id":"0","name":"eventBus"}}
{"__type":"$$EventMessageRunner","id":"a88cc7e7-b448-4662-b32e-f488922f4aaf","ts":"2026-07-10T06:48:36.109-04:00","eventName":"n8n.runner.response.received","message":"n8n.runner.response.received","payload":{"taskId":"AjMtTDDW","nodeId":"628a76f2-f45f-4ab8-bc78-63dff539226c","workflowId":"06NNhzcOqXgXgr47","executionId":"313"}}
{"__type":"$$EventMessageConfirm","confirm":"a88cc7e7-b448-4662-b32e-f488922f4aaf","ts":"2026-07-10T06:48:36.109-04:00","source":{"id":"0","name":"eventBus"}}
{"__type":"$$EventMessageNode","id":"ae5247ae-c067-4ae4-9f75-4c24863205c6","ts":"2026-07-10T06:48:36.109-04:00","eventName":"n8n.node.finished","message":"n8n.node.finished","payload":{"workflowId":"06NNhzcOqXgXgr47","workflowName":"Daily Report Reminder Workflow (6:00 PM)","executionId":"313","nodeType":"n8n-nodes-base.code","nodeName":"Intelligent Matcher","nodeId":"628a76f2-f45f-4ab8-bc78-63dff539226c"}}
{"__type":"$$EventMessageConfirm","confirm":"ae5247ae-c067-4ae4-9f75-4c24863205c6","ts":"2026-07-10T06:48:36.109-04:00","source":{"id":"0","name":"eventBus"}}
{"__type":"$$EventMessageNode","id":"23514345-de93-4e7e-997e-02c704716c50","ts":"2026-07-10T06:48:36.110-04:00","eventName":"n8n.node.started","message":"n8n.node.started","payload":{"workflowId":"06NNhzcOqXgXgr47","workflowName":"Daily Report Reminder Workflow (6:00 PM)","executionId":"313","nodeType":"n8n-nodes-base.httpRequest","nodeName":"Send WhatsApp Message","nodeId":"33d2c8cd-41cd-4812-acd7-b3288b69d472"}}
{"__type":"$$EventMessageConfirm","confirm":"23514345-de93-4e7e-997e-02c704716c50","ts":"2026-07-10T06:48:36.110-04:00","source":{"id":"0","name":"eventBus"}}
{"__type":"$$EventMessageNode","id":"ccb6c5c3-2584-4361-829d-4e9cdf4c17aa","ts":"2026-07-10T06:48:36.390-04:00","eventName":"n8n.node.finished","message":"n8n.node.finished","payload":{"workflowId":"06NNhzcOqXgXgr47","workflowName":"Daily Report Reminder Workflow (6:00 PM)","executionId":"313","nodeType":"n8n-nodes-base.httpRequest","nodeName":"Send WhatsApp Message","nodeId":"33d2c8cd-41cd-4812-acd7-b3288b69d472"}}
{"__type":"$$EventMessageConfirm","confirm":"ccb6c5c3-2584-4361-829d-4e9cdf4c17aa","ts":"2026-07-10T06:48:36.390-04:00","source":{"id":"0","name":"eventBus"}}
{"__type":"$$EventMessageNode","id":"fc666562-a97a-4f8f-bfbd-8cdccbee554b","ts":"2026-07-10T06:48:36.391-04:00","eventName":"n8n.node.started","message":"n8n.node.started","payload":{"workflowId":"06NNhzcOqXgXgr47","workflowName":"Daily Report Reminder Workflow (6:00 PM)","executionId":"313","nodeType":"n8n-nodes-base.mySql","nodeName":"Fetch Raw Messages","nodeId":"a95e7231-71db-4ef0-a26f-dae7d4c62bfe"}}
{"__type":"$$EventMessageConfirm","confirm":"fc666562-a97a-4f8f-bfbd-8cdccbee554b","ts":"2026-07-10T06:48:36.391-04:00","source":{"id":"0","name":"eventBus"}}
{"__type":"$$EventMessageNode","id":"a6623f47-47df-4378-9d49-723093fa4992","ts":"2026-07-10T06:48:36.491-04:00","eventName":"n8n.node.finished","message":"n8n.node.finished","payload":{"workflowId":"06NNhzcOqXgXgr47","workflowName":"Daily Report Reminder Workflow (6:00 PM)","executionId":"313","nodeType":"n8n-nodes-base.mySql","nodeName":"Fetch Raw Messages","nodeId":"a95e7231-71db-4ef0-a26f-dae7d4c62bfe"}}
{"__type":"$$EventMessageConfirm","confirm":"a6623f47-47df-4378-9d49-723093fa4992","ts":"2026-07-10T06:48:36.491-04:00","source":{"id":"0","name":"eventBus"}}
{"__type":"$$EventMessageNode","id":"ee779d4c-b834-419a-bfd8-5a8f53a6fcf8","ts":"2026-07-10T06:48:36.494-04:00","eventName":"n8n.node.started","message":"n8n.node.started","payload":{"workflowId":"06NNhzcOqXgXgr47","workflowName":"Daily Report Reminder Workflow (6:00 PM)","executionId":"313","nodeType":"n8n-nodes-base.code","nodeName":"Intelligent Matcher","nodeId":"628a76f2-f45f-4ab8-bc78-63dff539226c"}}
{"__type":"$$EventMessageConfirm","confirm":"ee779d4c-b834-419a-bfd8-5a8f53a6fcf8","ts":"2026-07-10T06:48:36.494-04:00","source":{"id":"0","name":"eventBus"}}
{"__type":"$$EventMessageRunner","id":"c7473861-7d58-4817-b669-2c8b83b7e9c6","ts":"2026-07-10T06:48:36.496-04:00","eventName":"n8n.runner.task.requested","message":"n8n.runner.task.requested","payload":{"taskId":"mG_ZgY_0","nodeId":"628a76f2-f45f-4ab8-bc78-63dff539226c","workflowId":"06NNhzcOqXgXgr47","executionId":"313"}}
{"__type":"$$EventMessageConfirm","confirm":"c7473861-7d58-4817-b669-2c8b83b7e9c6","ts":"2026-07-10T06:48:36.496-04:00","source":{"id":"0","name":"eventBus"}}
{"__type":"$$EventMessageRunner","id":"ff29f19c-21ab-4ffd-9226-889fd6dae20c","ts":"2026-07-10T06:48:36.539-04:00","eventName":"n8n.runner.response.received","message":"n8n.runner.response.received","payload":{"taskId":"mG_ZgY_0","nodeId":"628a76f2-f45f-4ab8-bc78-63dff539226c","workflowId":"06NNhzcOqXgXgr47","executionId":"313"}}
{"__type":"$$EventMessageConfirm","confirm":"ff29f19c-21ab-4ffd-9226-889fd6dae20c","ts":"2026-07-10T06:48:36.539-04:00","source":{"id":"0","name":"eventBus"}}
{"__type":"$$EventMessageNode","id":"1f942ff5-bf10-4848-aecb-5fb4bc75fcf6","ts":"2026-07-10T06:48:36.540-04:00","eventName":"n8n.node.finished","message":"n8n.node.finished","payload":{"workflowId":"06NNhzcOqXgXgr47","workflowName":"Daily Report Reminder Workflow (6:00 PM)","executionId":"313","nodeType":"n8n-nodes-base.code","nodeName":"Intelligent Matcher","nodeId":"628a76f2-f45f-4ab8-bc78-63dff539226c"}}
{"__type":"$$EventMessageConfirm","confirm":"1f942ff5-bf10-4848-aecb-5fb4bc75fcf6","ts":"2026-07-10T06:48:36.540-04:00","source":{"id":"0","name":"eventBus"}}
{"__type":"$$EventMessageNode","id":"2e5c4179-a4c3-4b39-b902-78a5fc95ade9","ts":"2026-07-10T06:48:36.541-04:00","eventName":"n8n.node.started","message":"n8n.node.started","payload":{"workflowId":"06NNhzcOqXgXgr47","workflowName":"Daily Report Reminder Workflow (6:00 PM)","executionId":"313","nodeType":"n8n-nodes-base.httpRequest","nodeName":"Send WhatsApp Message","nodeId":"33d2c8cd-41cd-4812-acd7-b3288b69d472"}}
{"__type":"$$EventMessageConfirm","confirm":"2e5c4179-a4c3-4b39-b902-78a5fc95ade9","ts":"2026-07-10T06:48:36.541-04:00","source":{"id":"0","name":"eventBus"}}
{"__type":"$$EventMessageNode","id":"16428e90-3850-40c1-bed3-c7be9e01e375","ts":"2026-07-10T06:48:36.852-04:00","eventName":"n8n.node.finished","message":"n8n.node.finished","payload":{"workflowId":"06NNhzcOqXgXgr47","workflowName":"Daily Report Reminder Workflow (6:00 PM)","executionId":"313","nodeType":"n8n-nodes-base.httpRequest","nodeName":"Send WhatsApp Message","nodeId":"33d2c8cd-41cd-4812-acd7-b3288b69d472"}}
{"__type":"$$EventMessageConfirm","confirm":"16428e90-3850-40c1-bed3-c7be9e01e375","ts":"2026-07-10T06:48:36.852-04:00","source":{"id":"0","name":"eventBus"}}
{"__type":"$$EventMessageWorkflow","id":"5229a01d-f78e-49d5-b078-71ba01e9ba0f","ts":"2026-07-10T06:48:36.860-04:00","eventName":"n8n.workflow.success","message":"n8n.workflow.success","payload":{"userId":"7b3e0480-85d1-4351-8a64-bff74bd5f199","executionId":"313","success":true,"isManual":true,"mode":"manual","workflowId":"06NNhzcOqXgXgr47","workflowName":"Daily Report Reminder Workflow (6:00 PM)","projectId":"0hun36oYEh2yNKAD","projectName":"Kusum Pakira <kusumpakira1@gmail.com>"}}
{"__type":"$$EventMessageConfirm","confirm":"5229a01d-f78e-49d5-b078-71ba01e9ba0f","ts":"2026-07-10T06:48:36.861-04:00","source":{"id":"0","name":"eventBus"}}
