{"__type":"$$EventMessageAudit","id":"49e6f422-5012-4190-a01d-11e7ed347e27","ts":"2026-07-10T05:48:39.967+00:00","eventName":"n8n.audit.user.login.failed","message":"n8n.audit.user.login.failed","payload":{"authenticationMethod":"email","userEmail":"kusumpakiar1@gmail.com","reason":"wrong credentials"}}
{"__type":"$$EventMessageConfirm","confirm":"49e6f422-5012-4190-a01d-11e7ed347e27","ts":"2026-07-10T05:48:39.973+00:00","source":{"id":"0","name":"eventBus"}}
{"__type":"$$EventMessageAudit","id":"58b7d6ce-ed9c-47a1-b67d-05d463af7f1e","ts":"2026-07-10T05:48:50.247+00:00","eventName":"n8n.audit.user.login.failed","message":"n8n.audit.user.login.failed","payload":{"authenticationMethod":"email","userEmail":"kusumpakiar1@gmail.com","reason":"wrong credentials"}}
{"__type":"$$EventMessageConfirm","confirm":"58b7d6ce-ed9c-47a1-b67d-05d463af7f1e","ts":"2026-07-10T05:48:50.248+00:00","source":{"id":"0","name":"eventBus"}}
{"__type":"$$EventMessageAudit","id":"1f7379be-430f-4128-8720-8395ecda1b99","ts":"2026-07-10T05:49:04.659+00:00","eventName":"n8n.audit.user.login.success","message":"n8n.audit.user.login.success","payload":{"userId":"7b3e0480-85d1-4351-8a64-bff74bd5f199","_email":"kusumpakira1@gmail.com","_firstName":"Kusum","_lastName":"Pakira","globalRole":"global:owner","authenticationMethod":"email"}}
{"__type":"$$EventMessageConfirm","confirm":"1f7379be-430f-4128-8720-8395ecda1b99","ts":"2026-07-10T05:49:04.659+00:00","source":{"id":"0","name":"eventBus"}}
{"__type":"$$EventMessageAudit","id":"0348c79b-297e-448a-8df6-e4f9a2e5417f","ts":"2026-07-10T05:52:06.118+00:00","eventName":"n8n.audit.workflow.created","message":"n8n.audit.workflow.created","payload":{"userId":"7b3e0480-85d1-4351-8a64-bff74bd5f199","_email":"kusumpakira1@gmail.com","_firstName":"Kusum","_lastName":"Pakira","globalRole":"global:owner","workflowId":"HHy78WKSHAKO7h8D","workflowName":"Unified Reminders Scheduler"}}
{"__type":"$$EventMessageConfirm","confirm":"0348c79b-297e-448a-8df6-e4f9a2e5417f","ts":"2026-07-10T05:52:06.119+00:00","source":{"id":"0","name":"eventBus"}}
{"__type":"$$EventMessageAudit","id":"5adbe573-2686-47d9-bb03-b5c7f3e59124","ts":"2026-07-10T05:52:08.834+00:00","eventName":"n8n.audit.workflow.updated","message":"n8n.audit.workflow.updated","payload":{"userId":"7b3e0480-85d1-4351-8a64-bff74bd5f199","_email":"kusumpakira1@gmail.com","_firstName":"Kusum","_lastName":"Pakira","globalRole":"global:owner","workflowId":"HHy78WKSHAKO7h8D","workflowName":"Unified Reminders Scheduler"}}
{"__type":"$$EventMessageConfirm","confirm":"5adbe573-2686-47d9-bb03-b5c7f3e59124","ts":"2026-07-10T05:52:08.834+00:00","source":{"id":"0","name":"eventBus"}}
{"__type":"$$EventMessageAudit","id":"7298193e-b006-4e08-8700-169253f3abaf","ts":"2026-07-10T05:52:15.283+00:00","eventName":"n8n.audit.workflow.updated","message":"n8n.audit.workflow.updated","payload":{"userId":"7b3e0480-85d1-4351-8a64-bff74bd5f199","_email":"kusumpakira1@gmail.com","_firstName":"Kusum","_lastName":"Pakira","globalRole":"global:owner","workflowId":"HHy78WKSHAKO7h8D","workflowName":"Unified Reminders Scheduler"}}
{"__type":"$$EventMessageConfirm","confirm":"7298193e-b006-4e08-8700-169253f3abaf","ts":"2026-07-10T05:52:15.283+00:00","source":{"id":"0","name":"eventBus"}}
{"__type":"$$EventMessageAudit","id":"879c9691-46e1-4948-aa6f-8334cf5c599e","ts":"2026-07-10T05:52:21.914+00:00","eventName":"n8n.audit.workflow.updated","message":"n8n.audit.workflow.updated","payload":{"userId":"7b3e0480-85d1-4351-8a64-bff74bd5f199","_email":"kusumpakira1@gmail.com","_firstName":"Kusum","_lastName":"Pakira","globalRole":"global:owner","workflowId":"HHy78WKSHAKO7h8D","workflowName":"Unified Reminders Scheduler"}}
{"__type":"$$EventMessageConfirm","confirm":"879c9691-46e1-4948-aa6f-8334cf5c599e","ts":"2026-07-10T05:52:21.914+00:00","source":{"id":"0","name":"eventBus"}}
{"__type":"$$EventMessageAudit","id":"5764abf8-3ced-43ae-82b4-47d5d9f337d3","ts":"2026-07-10T05:52:25.329+00:00","eventName":"n8n.audit.workflow.executed","message":"n8n.audit.workflow.executed","payload":{"userId":"7b3e0480-85d1-4351-8a64-bff74bd5f199","_email":"kusumpakira1@gmail.com","_firstName":"Kusum","_lastName":"Pakira","globalRole":"global:owner","workflowId":"HHy78WKSHAKO7h8D","workflowName":"Unified Reminders Scheduler","executionId":"307","source":"user-manual"}}
{"__type":"$$EventMessageConfirm","confirm":"5764abf8-3ced-43ae-82b4-47d5d9f337d3","ts":"2026-07-10T05:52:25.329+00:00","source":{"id":"0","name":"eventBus"}}
{"__type":"$$EventMessageWorkflow","id":"e3a4163d-974a-49ba-8082-143ed9388fe4","ts":"2026-07-10T05:52:25.337+00:00","eventName":"n8n.workflow.started","message":"n8n.workflow.started","payload":{"executionId":"307","workflowId":"HHy78WKSHAKO7h8D","isManual":false,"mode":"manual","workflowName":"Unified Reminders Scheduler","projectId":"0hun36oYEh2yNKAD","projectName":"Kusum Pakira <kusumpakira1@gmail.com>"}}
{"__type":"$$EventMessageConfirm","confirm":"e3a4163d-974a-49ba-8082-143ed9388fe4","ts":"2026-07-10T05:52:25.337+00:00","source":{"id":"0","name":"eventBus"}}
{"__type":"$$EventMessageNode","id":"0dfc0906-4c71-47fc-ab1c-a839d86e5fc1","ts":"2026-07-10T05:52:25.357+00:00","eventName":"n8n.node.started","message":"n8n.node.started","payload":{"workflowId":"HHy78WKSHAKO7h8D","workflowName":"Unified Reminders Scheduler","executionId":"307","nodeType":"n8n-nodes-base.scheduleTrigger","nodeName":"Schedule Trigger","nodeId":"d4781d63-1460-41c3-96ca-5b0818954904"}}
{"__type":"$$EventMessageConfirm","confirm":"0dfc0906-4c71-47fc-ab1c-a839d86e5fc1","ts":"2026-07-10T05:52:25.357+00:00","source":{"id":"0","name":"eventBus"}}
{"__type":"$$EventMessageNode","id":"c85b8232-97e0-487a-aafc-c178d61bd114","ts":"2026-07-10T05:52:25.376+00:00","eventName":"n8n.node.finished","message":"n8n.node.finished","payload":{"workflowId":"HHy78WKSHAKO7h8D","workflowName":"Unified Reminders Scheduler","executionId":"307","nodeType":"n8n-nodes-base.scheduleTrigger","nodeName":"Schedule Trigger","nodeId":"d4781d63-1460-41c3-96ca-5b0818954904"}}
{"__type":"$$EventMessageConfirm","confirm":"c85b8232-97e0-487a-aafc-c178d61bd114","ts":"2026-07-10T05:52:25.376+00:00","source":{"id":"0","name":"eventBus"}}
{"__type":"$$EventMessageNode","id":"ad6b782c-bb96-4666-97af-34f593f261c6","ts":"2026-07-10T05:52:25.380+00:00","eventName":"n8n.node.started","message":"n8n.node.started","payload":{"workflowId":"HHy78WKSHAKO7h8D","workflowName":"Unified Reminders Scheduler","executionId":"307","nodeType":"n8n-nodes-base.mySql","nodeName":"Fetch Triggered Alarms","nodeId":"419152a6-23b9-42cb-b4bf-5a7f9b0d7028"}}
{"__type":"$$EventMessageConfirm","confirm":"ad6b782c-bb96-4666-97af-34f593f261c6","ts":"2026-07-10T05:52:25.380+00:00","source":{"id":"0","name":"eventBus"}}
{"__type":"$$EventMessageNode","id":"ed7f610f-f664-48de-8a19-c736894398c8","ts":"2026-07-10T05:52:25.470+00:00","eventName":"n8n.node.finished","message":"n8n.node.finished","payload":{"workflowId":"HHy78WKSHAKO7h8D","workflowName":"Unified Reminders Scheduler","executionId":"307","nodeType":"n8n-nodes-base.mySql","nodeName":"Fetch Triggered Alarms","nodeId":"419152a6-23b9-42cb-b4bf-5a7f9b0d7028"}}
{"__type":"$$EventMessageConfirm","confirm":"ed7f610f-f664-48de-8a19-c736894398c8","ts":"2026-07-10T05:52:25.471+00:00","source":{"id":"0","name":"eventBus"}}
{"__type":"$$EventMessageNode","id":"f302c598-46fc-44a0-b050-1d40d6b9f40b","ts":"2026-07-10T05:52:25.471+00:00","eventName":"n8n.node.started","message":"n8n.node.started","payload":{"workflowId":"HHy78WKSHAKO7h8D","workflowName":"Unified Reminders Scheduler","executionId":"307","nodeType":"n8n-nodes-base.mySql","nodeName":"Fetch Today's Submissions","nodeId":"8f797c60-e41a-4732-866e-fb55a5377d3b"}}
{"__type":"$$EventMessageConfirm","confirm":"f302c598-46fc-44a0-b050-1d40d6b9f40b","ts":"2026-07-10T05:52:25.472+00:00","source":{"id":"0","name":"eventBus"}}
{"__type":"$$EventMessageNode","id":"feef1ab3-a9ee-4802-ba0f-63f194b034e2","ts":"2026-07-10T05:52:25.566+00:00","eventName":"n8n.node.finished","message":"n8n.node.finished","payload":{"workflowId":"HHy78WKSHAKO7h8D","workflowName":"Unified Reminders Scheduler","executionId":"307","nodeType":"n8n-nodes-base.mySql","nodeName":"Fetch Today's Submissions","nodeId":"8f797c60-e41a-4732-866e-fb55a5377d3b"}}
{"__type":"$$EventMessageConfirm","confirm":"feef1ab3-a9ee-4802-ba0f-63f194b034e2","ts":"2026-07-10T05:52:25.567+00:00","source":{"id":"0","name":"eventBus"}}
{"__type":"$$EventMessageNode","id":"5ce65238-da6f-4bfc-9c49-47a64dd21119","ts":"2026-07-10T05:52:25.570+00:00","eventName":"n8n.node.started","message":"n8n.node.started","payload":{"workflowId":"HHy78WKSHAKO7h8D","workflowName":"Unified Reminders Scheduler","executionId":"307","nodeType":"n8n-nodes-base.mySql","nodeName":"Fetch Group JID Map","nodeId":"0c07c29a-2974-46de-b412-90b53ca2d339"}}
{"__type":"$$EventMessageConfirm","confirm":"5ce65238-da6f-4bfc-9c49-47a64dd21119","ts":"2026-07-10T05:52:25.570+00:00","source":{"id":"0","name":"eventBus"}}
{"__type":"$$EventMessageNode","id":"d7036320-2517-4c7b-b204-4dadd686a9a4","ts":"2026-07-10T05:52:25.659+00:00","eventName":"n8n.node.finished","message":"n8n.node.finished","payload":{"workflowId":"HHy78WKSHAKO7h8D","workflowName":"Unified Reminders Scheduler","executionId":"307","nodeType":"n8n-nodes-base.mySql","nodeName":"Fetch Group JID Map","nodeId":"0c07c29a-2974-46de-b412-90b53ca2d339"}}
{"__type":"$$EventMessageConfirm","confirm":"d7036320-2517-4c7b-b204-4dadd686a9a4","ts":"2026-07-10T05:52:25.659+00:00","source":{"id":"0","name":"eventBus"}}
{"__type":"$$EventMessageNode","id":"61ce65f1-3a7f-48fe-b399-7334d886192c","ts":"2026-07-10T05:52:25.661+00:00","eventName":"n8n.node.started","message":"n8n.node.started","payload":{"workflowId":"HHy78WKSHAKO7h8D","workflowName":"Unified Reminders Scheduler","executionId":"307","nodeType":"n8n-nodes-base.code","nodeName":"Merge Data","nodeId":"6ca09bfc-f891-4e95-9772-9dc8622b484a"}}
{"__type":"$$EventMessageConfirm","confirm":"61ce65f1-3a7f-48fe-b399-7334d886192c","ts":"2026-07-10T05:52:25.661+00:00","source":{"id":"0","name":"eventBus"}}
{"__type":"$$EventMessageRunner","id":"991b6a46-4443-4fe0-9c13-caa3951a42d5","ts":"2026-07-10T05:52:25.768+00:00","eventName":"n8n.runner.task.requested","message":"n8n.runner.task.requested","payload":{"taskId":"jVhAzYZy","nodeId":"6ca09bfc-f891-4e95-9772-9dc8622b484a","workflowId":"HHy78WKSHAKO7h8D","executionId":"307"}}
{"__type":"$$EventMessageConfirm","confirm":"991b6a46-4443-4fe0-9c13-caa3951a42d5","ts":"2026-07-10T05:52:25.768+00:00","source":{"id":"0","name":"eventBus"}}
{"__type":"$$EventMessageRunner","id":"5209986f-5273-4723-9a3c-994a1d4fd8f0","ts":"2026-07-10T05:52:26.420+00:00","eventName":"n8n.runner.response.received","message":"n8n.runner.response.received","payload":{"taskId":"jVhAzYZy","nodeId":"6ca09bfc-f891-4e95-9772-9dc8622b484a","workflowId":"HHy78WKSHAKO7h8D","executionId":"307"}}
{"__type":"$$EventMessageConfirm","confirm":"5209986f-5273-4723-9a3c-994a1d4fd8f0","ts":"2026-07-10T05:52:26.421+00:00","source":{"id":"0","name":"eventBus"}}
{"__type":"$$EventMessageNode","id":"fd2661de-24cb-45f4-8677-8e75aee96c78","ts":"2026-07-10T05:52:26.421+00:00","eventName":"n8n.node.finished","message":"n8n.node.finished","payload":{"workflowId":"HHy78WKSHAKO7h8D","workflowName":"Unified Reminders Scheduler","executionId":"307","nodeType":"n8n-nodes-base.code","nodeName":"Merge Data","nodeId":"6ca09bfc-f891-4e95-9772-9dc8622b484a"}}
{"__type":"$$EventMessageConfirm","confirm":"fd2661de-24cb-45f4-8677-8e75aee96c78","ts":"2026-07-10T05:52:26.422+00:00","source":{"id":"0","name":"eventBus"}}
{"__type":"$$EventMessageNode","id":"61b19283-0997-4619-9fbb-043a7a34ca57","ts":"2026-07-10T05:52:26.423+00:00","eventName":"n8n.node.started","message":"n8n.node.started","payload":{"workflowId":"HHy78WKSHAKO7h8D","workflowName":"Unified Reminders Scheduler","executionId":"307","nodeType":"n8n-nodes-base.splitInBatches","nodeName":"Loop Alarms","nodeId":"8851f1ed-cb0c-4965-9b8e-9bedea975678"}}
{"__type":"$$EventMessageConfirm","confirm":"61b19283-0997-4619-9fbb-043a7a34ca57","ts":"2026-07-10T05:52:26.424+00:00","source":{"id":"0","name":"eventBus"}}
{"__type":"$$EventMessageNode","id":"d6f1dde6-91e2-4c81-b02a-d1588c1d4ebe","ts":"2026-07-10T05:52:26.425+00:00","eventName":"n8n.node.finished","message":"n8n.node.finished","payload":{"workflowId":"HHy78WKSHAKO7h8D","workflowName":"Unified Reminders Scheduler","executionId":"307","nodeType":"n8n-nodes-base.splitInBatches","nodeName":"Loop Alarms","nodeId":"8851f1ed-cb0c-4965-9b8e-9bedea975678"}}
{"__type":"$$EventMessageConfirm","confirm":"d6f1dde6-91e2-4c81-b02a-d1588c1d4ebe","ts":"2026-07-10T05:52:26.425+00:00","source":{"id":"0","name":"eventBus"}}
{"__type":"$$EventMessageWorkflow","id":"20332fe6-3b6c-4462-a101-e35b1b706d35","ts":"2026-07-10T05:52:26.433+00:00","eventName":"n8n.workflow.success","message":"n8n.workflow.success","payload":{"userId":"7b3e0480-85d1-4351-8a64-bff74bd5f199","executionId":"307","success":true,"isManual":true,"mode":"manual","workflowId":"HHy78WKSHAKO7h8D","workflowName":"Unified Reminders Scheduler","projectId":"0hun36oYEh2yNKAD","projectName":"Kusum Pakira <kusumpakira1@gmail.com>"}}
{"__type":"$$EventMessageConfirm","confirm":"20332fe6-3b6c-4462-a101-e35b1b706d35","ts":"2026-07-10T05:52:26.433+00:00","source":{"id":"0","name":"eventBus"}}
{"__type":"$$EventMessageAudit","id":"830ccb32-05f1-4fdc-8153-7e795da2f1e7","ts":"2026-07-10T05:52:38.934+00:00","eventName":"n8n.audit.workflow.updated","message":"n8n.audit.workflow.updated","payload":{"userId":"7b3e0480-85d1-4351-8a64-bff74bd5f199","_email":"kusumpakira1@gmail.com","_firstName":"Kusum","_lastName":"Pakira","globalRole":"global:owner","workflowId":"HHy78WKSHAKO7h8D","workflowName":"Unified Reminders Scheduler"}}
{"__type":"$$EventMessageConfirm","confirm":"830ccb32-05f1-4fdc-8153-7e795da2f1e7","ts":"2026-07-10T05:52:38.934+00:00","source":{"id":"0","name":"eventBus"}}
{"__type":"$$EventMessageAudit","id":"1994396b-6d06-4aaf-83e7-b2b616d54299","ts":"2026-07-10T05:52:39.179+00:00","eventName":"n8n.audit.workflow.executed","message":"n8n.audit.workflow.executed","payload":{"userId":"7b3e0480-85d1-4351-8a64-bff74bd5f199","_email":"kusumpakira1@gmail.com","_firstName":"Kusum","_lastName":"Pakira","globalRole":"global:owner","workflowId":"HHy78WKSHAKO7h8D","workflowName":"Unified Reminders Scheduler","executionId":"308","source":"user-manual"}}
{"__type":"$$EventMessageConfirm","confirm":"1994396b-6d06-4aaf-83e7-b2b616d54299","ts":"2026-07-10T05:52:39.179+00:00","source":{"id":"0","name":"eventBus"}}
{"__type":"$$EventMessageWorkflow","id":"d55f6f7f-1a94-4bac-8c3d-8970a85dfbf6","ts":"2026-07-10T05:52:39.181+00:00","eventName":"n8n.workflow.started","message":"n8n.workflow.started","payload":{"executionId":"308","workflowId":"HHy78WKSHAKO7h8D","isManual":false,"mode":"manual","workflowName":"Unified Reminders Scheduler","projectId":"0hun36oYEh2yNKAD","projectName":"Kusum Pakira <kusumpakira1@gmail.com>"}}
{"__type":"$$EventMessageConfirm","confirm":"d55f6f7f-1a94-4bac-8c3d-8970a85dfbf6","ts":"2026-07-10T05:52:39.181+00:00","source":{"id":"0","name":"eventBus"}}
{"__type":"$$EventMessageNode","id":"d2827ed5-67f8-4da7-839b-f6b160c3dc1e","ts":"2026-07-10T05:52:39.202+00:00","eventName":"n8n.node.started","message":"n8n.node.started","payload":{"workflowId":"HHy78WKSHAKO7h8D","workflowName":"Unified Reminders Scheduler","executionId":"308","nodeType":"n8n-nodes-base.scheduleTrigger","nodeName":"Schedule Trigger","nodeId":"d4781d63-1460-41c3-96ca-5b0818954904"}}
{"__type":"$$EventMessageConfirm","confirm":"d2827ed5-67f8-4da7-839b-f6b160c3dc1e","ts":"2026-07-10T05:52:39.202+00:00","source":{"id":"0","name":"eventBus"}}
{"__type":"$$EventMessageNode","id":"80377f7e-6f10-47b5-88e9-c7f29acb655b","ts":"2026-07-10T05:52:39.205+00:00","eventName":"n8n.node.finished","message":"n8n.node.finished","payload":{"workflowId":"HHy78WKSHAKO7h8D","workflowName":"Unified Reminders Scheduler","executionId":"308","nodeType":"n8n-nodes-base.scheduleTrigger","nodeName":"Schedule Trigger","nodeId":"d4781d63-1460-41c3-96ca-5b0818954904"}}
{"__type":"$$EventMessageConfirm","confirm":"80377f7e-6f10-47b5-88e9-c7f29acb655b","ts":"2026-07-10T05:52:39.205+00:00","source":{"id":"0","name":"eventBus"}}
{"__type":"$$EventMessageNode","id":"958d0078-9c3f-4fff-996f-c9fe37f3c842","ts":"2026-07-10T05:52:39.209+00:00","eventName":"n8n.node.started","message":"n8n.node.started","payload":{"workflowId":"HHy78WKSHAKO7h8D","workflowName":"Unified Reminders Scheduler","executionId":"308","nodeType":"n8n-nodes-base.mySql","nodeName":"Fetch Triggered Alarms","nodeId":"419152a6-23b9-42cb-b4bf-5a7f9b0d7028"}}
{"__type":"$$EventMessageConfirm","confirm":"958d0078-9c3f-4fff-996f-c9fe37f3c842","ts":"2026-07-10T05:52:39.210+00:00","source":{"id":"0","name":"eventBus"}}
{"__type":"$$EventMessageNode","id":"61e755ba-a103-4c81-9c3f-2b119da0328f","ts":"2026-07-10T05:52:39.287+00:00","eventName":"n8n.node.finished","message":"n8n.node.finished","payload":{"workflowId":"HHy78WKSHAKO7h8D","workflowName":"Unified Reminders Scheduler","executionId":"308","nodeType":"n8n-nodes-base.mySql","nodeName":"Fetch Triggered Alarms","nodeId":"419152a6-23b9-42cb-b4bf-5a7f9b0d7028"}}
{"__type":"$$EventMessageConfirm","confirm":"61e755ba-a103-4c81-9c3f-2b119da0328f","ts":"2026-07-10T05:52:39.287+00:00","source":{"id":"0","name":"eventBus"}}
{"__type":"$$EventMessageNode","id":"30588653-5855-4318-ad99-795e4664aaa1","ts":"2026-07-10T05:52:39.288+00:00","eventName":"n8n.node.started","message":"n8n.node.started","payload":{"workflowId":"HHy78WKSHAKO7h8D","workflowName":"Unified Reminders Scheduler","executionId":"308","nodeType":"n8n-nodes-base.mySql","nodeName":"Fetch Today's Submissions","nodeId":"8f797c60-e41a-4732-866e-fb55a5377d3b"}}
{"__type":"$$EventMessageConfirm","confirm":"30588653-5855-4318-ad99-795e4664aaa1","ts":"2026-07-10T05:52:39.288+00:00","source":{"id":"0","name":"eventBus"}}
{"__type":"$$EventMessageNode","id":"cae07ebc-4d1e-4a6b-8185-bfba6a2f148c","ts":"2026-07-10T05:52:39.425+00:00","eventName":"n8n.node.finished","message":"n8n.node.finished","payload":{"workflowId":"HHy78WKSHAKO7h8D","workflowName":"Unified Reminders Scheduler","executionId":"308","nodeType":"n8n-nodes-base.mySql","nodeName":"Fetch Today's Submissions","nodeId":"8f797c60-e41a-4732-866e-fb55a5377d3b"}}
{"__type":"$$EventMessageConfirm","confirm":"cae07ebc-4d1e-4a6b-8185-bfba6a2f148c","ts":"2026-07-10T05:52:39.425+00:00","source":{"id":"0","name":"eventBus"}}
{"__type":"$$EventMessageNode","id":"a151b13d-437b-4699-95da-8afc6d7dc855","ts":"2026-07-10T05:52:39.427+00:00","eventName":"n8n.node.started","message":"n8n.node.started","payload":{"workflowId":"HHy78WKSHAKO7h8D","workflowName":"Unified Reminders Scheduler","executionId":"308","nodeType":"n8n-nodes-base.mySql","nodeName":"Fetch Group JID Map","nodeId":"0c07c29a-2974-46de-b412-90b53ca2d339"}}
{"__type":"$$EventMessageConfirm","confirm":"a151b13d-437b-4699-95da-8afc6d7dc855","ts":"2026-07-10T05:52:39.427+00:00","source":{"id":"0","name":"eventBus"}}
{"__type":"$$EventMessageNode","id":"b5075459-7988-49a4-85eb-49d75c0f2828","ts":"2026-07-10T05:52:39.511+00:00","eventName":"n8n.node.finished","message":"n8n.node.finished","payload":{"workflowId":"HHy78WKSHAKO7h8D","workflowName":"Unified Reminders Scheduler","executionId":"308","nodeType":"n8n-nodes-base.mySql","nodeName":"Fetch Group JID Map","nodeId":"0c07c29a-2974-46de-b412-90b53ca2d339"}}
{"__type":"$$EventMessageConfirm","confirm":"b5075459-7988-49a4-85eb-49d75c0f2828","ts":"2026-07-10T05:52:39.511+00:00","source":{"id":"0","name":"eventBus"}}
{"__type":"$$EventMessageNode","id":"35a6ee5c-7fa7-4c4b-b861-7d2d91a30eaf","ts":"2026-07-10T05:52:39.511+00:00","eventName":"n8n.node.started","message":"n8n.node.started","payload":{"workflowId":"HHy78WKSHAKO7h8D","workflowName":"Unified Reminders Scheduler","executionId":"308","nodeType":"n8n-nodes-base.code","nodeName":"Merge Data","nodeId":"6ca09bfc-f891-4e95-9772-9dc8622b484a"}}
{"__type":"$$EventMessageConfirm","confirm":"35a6ee5c-7fa7-4c4b-b861-7d2d91a30eaf","ts":"2026-07-10T05:52:39.512+00:00","source":{"id":"0","name":"eventBus"}}
{"__type":"$$EventMessageRunner","id":"1eeb4e0d-ea5f-4ae4-8b05-6ec33f00699d","ts":"2026-07-10T05:52:39.514+00:00","eventName":"n8n.runner.task.requested","message":"n8n.runner.task.requested","payload":{"taskId":"wbqXv5bk","nodeId":"6ca09bfc-f891-4e95-9772-9dc8622b484a","workflowId":"HHy78WKSHAKO7h8D","executionId":"308"}}
{"__type":"$$EventMessageConfirm","confirm":"1eeb4e0d-ea5f-4ae4-8b05-6ec33f00699d","ts":"2026-07-10T05:52:39.514+00:00","source":{"id":"0","name":"eventBus"}}
{"__type":"$$EventMessageRunner","id":"dc0f56f5-1543-41a6-aa97-1faaa0d8c1fd","ts":"2026-07-10T05:52:39.531+00:00","eventName":"n8n.runner.response.received","message":"n8n.runner.response.received","payload":{"taskId":"wbqXv5bk","nodeId":"6ca09bfc-f891-4e95-9772-9dc8622b484a","workflowId":"HHy78WKSHAKO7h8D","executionId":"308"}}
{"__type":"$$EventMessageConfirm","confirm":"dc0f56f5-1543-41a6-aa97-1faaa0d8c1fd","ts":"2026-07-10T05:52:39.532+00:00","source":{"id":"0","name":"eventBus"}}
{"__type":"$$EventMessageNode","id":"347bd412-7c94-44b8-8bd4-99ed23819d86","ts":"2026-07-10T05:52:39.532+00:00","eventName":"n8n.node.finished","message":"n8n.node.finished","payload":{"workflowId":"HHy78WKSHAKO7h8D","workflowName":"Unified Reminders Scheduler","executionId":"308","nodeType":"n8n-nodes-base.code","nodeName":"Merge Data","nodeId":"6ca09bfc-f891-4e95-9772-9dc8622b484a"}}
{"__type":"$$EventMessageConfirm","confirm":"347bd412-7c94-44b8-8bd4-99ed23819d86","ts":"2026-07-10T05:52:39.532+00:00","source":{"id":"0","name":"eventBus"}}
{"__type":"$$EventMessageNode","id":"205ea249-8de6-4d64-a5cd-785d966d5280","ts":"2026-07-10T05:52:39.533+00:00","eventName":"n8n.node.started","message":"n8n.node.started","payload":{"workflowId":"HHy78WKSHAKO7h8D","workflowName":"Unified Reminders Scheduler","executionId":"308","nodeType":"n8n-nodes-base.splitInBatches","nodeName":"Loop Alarms","nodeId":"8851f1ed-cb0c-4965-9b8e-9bedea975678"}}
{"__type":"$$EventMessageConfirm","confirm":"205ea249-8de6-4d64-a5cd-785d966d5280","ts":"2026-07-10T05:52:39.533+00:00","source":{"id":"0","name":"eventBus"}}
{"__type":"$$EventMessageNode","id":"1ccd1cf0-05a8-496c-96cb-125c5bb1d78f","ts":"2026-07-10T05:52:39.534+00:00","eventName":"n8n.node.finished","message":"n8n.node.finished","payload":{"workflowId":"HHy78WKSHAKO7h8D","workflowName":"Unified Reminders Scheduler","executionId":"308","nodeType":"n8n-nodes-base.splitInBatches","nodeName":"Loop Alarms","nodeId":"8851f1ed-cb0c-4965-9b8e-9bedea975678"}}
{"__type":"$$EventMessageConfirm","confirm":"1ccd1cf0-05a8-496c-96cb-125c5bb1d78f","ts":"2026-07-10T05:52:39.534+00:00","source":{"id":"0","name":"eventBus"}}
{"__type":"$$EventMessageNode","id":"abb672f6-843c-4078-934c-683b8239ffb6","ts":"2026-07-10T05:52:39.535+00:00","eventName":"n8n.node.started","message":"n8n.node.started","payload":{"workflowId":"HHy78WKSHAKO7h8D","workflowName":"Unified Reminders Scheduler","executionId":"308","nodeType":"n8n-nodes-base.code","nodeName":"Check Submissions","nodeId":"1ac1b8a2-fd8c-47b9-8c59-cad7f4b39803"}}
{"__type":"$$EventMessageConfirm","confirm":"abb672f6-843c-4078-934c-683b8239ffb6","ts":"2026-07-10T05:52:39.535+00:00","source":{"id":"0","name":"eventBus"}}
{"__type":"$$EventMessageRunner","id":"ba107455-bdf9-42ce-b4a3-c03edba322ec","ts":"2026-07-10T05:52:39.551+00:00","eventName":"n8n.runner.task.requested","message":"n8n.runner.task.requested","payload":{"taskId":"QNg2m0DI","nodeId":"1ac1b8a2-fd8c-47b9-8c59-cad7f4b39803","workflowId":"HHy78WKSHAKO7h8D","executionId":"308"}}
{"__type":"$$EventMessageConfirm","confirm":"ba107455-bdf9-42ce-b4a3-c03edba322ec","ts":"2026-07-10T05:52:39.551+00:00","source":{"id":"0","name":"eventBus"}}
{"__type":"$$EventMessageNode","id":"0e8a91d5-b847-4fc2-83b0-d6e9c1c61a65","ts":"2026-07-10T05:52:39.635+00:00","eventName":"n8n.node.finished","message":"n8n.node.finished","payload":{"workflowId":"HHy78WKSHAKO7h8D","workflowName":"Unified Reminders Scheduler","executionId":"308","nodeType":"n8n-nodes-base.code","nodeName":"Check Submissions","nodeId":"1ac1b8a2-fd8c-47b9-8c59-cad7f4b39803"}}
{"__type":"$$EventMessageConfirm","confirm":"0e8a91d5-b847-4fc2-83b0-d6e9c1c61a65","ts":"2026-07-10T05:52:39.635+00:00","source":{"id":"0","name":"eventBus"}}
{"__type":"$$EventMessageWorkflow","id":"16f850ba-827a-4f0f-8bf5-013efaac84ff","ts":"2026-07-10T05:52:39.639+00:00","eventName":"n8n.workflow.failed","message":"n8n.workflow.failed","payload":{"userId":"7b3e0480-85d1-4351-8a64-bff74bd5f199","executionId":"308","success":false,"isManual":true,"mode":"manual","workflowId":"HHy78WKSHAKO7h8D","workflowName":"Unified Reminders Scheduler","projectId":"0hun36oYEh2yNKAD","projectName":"Kusum Pakira <kusumpakira1@gmail.com>","lastNodeExecuted":"Check Submissions","errorMessage":"Invalid time value [line 81]"}}
{"__type":"$$EventMessageConfirm","confirm":"16f850ba-827a-4f0f-8bf5-013efaac84ff","ts":"2026-07-10T05:52:39.639+00:00","source":{"id":"0","name":"eventBus"}}
{"__type":"$$EventMessageAudit","id":"67d7f9b4-3919-41c6-977a-a7cda326d6c4","ts":"2026-07-10T05:52:46.368+00:00","eventName":"n8n.audit.workflow.executed","message":"n8n.audit.workflow.executed","payload":{"userId":"7b3e0480-85d1-4351-8a64-bff74bd5f199","_email":"kusumpakira1@gmail.com","_firstName":"Kusum","_lastName":"Pakira","globalRole":"global:owner","workflowId":"HHy78WKSHAKO7h8D","workflowName":"Unified Reminders Scheduler","executionId":"309","source":"user-manual"}}
{"__type":"$$EventMessageConfirm","confirm":"67d7f9b4-3919-41c6-977a-a7cda326d6c4","ts":"2026-07-10T05:52:46.369+00:00","source":{"id":"0","name":"eventBus"}}
{"__type":"$$EventMessageWorkflow","id":"249364a7-c770-432d-b998-5e908a5a6889","ts":"2026-07-10T05:52:46.373+00:00","eventName":"n8n.workflow.started","message":"n8n.workflow.started","payload":{"executionId":"309","workflowId":"HHy78WKSHAKO7h8D","isManual":false,"mode":"manual","workflowName":"Unified Reminders Scheduler","projectId":"0hun36oYEh2yNKAD","projectName":"Kusum Pakira <kusumpakira1@gmail.com>"}}
{"__type":"$$EventMessageConfirm","confirm":"249364a7-c770-432d-b998-5e908a5a6889","ts":"2026-07-10T05:52:46.373+00:00","source":{"id":"0","name":"eventBus"}}
{"__type":"$$EventMessageNode","id":"a96d2e76-4fc7-48b6-83cd-6203635e29a9","ts":"2026-07-10T05:52:46.393+00:00","eventName":"n8n.node.started","message":"n8n.node.started","payload":{"workflowId":"HHy78WKSHAKO7h8D","workflowName":"Unified Reminders Scheduler","executionId":"309","nodeType":"n8n-nodes-base.code","nodeName":"Check Submissions","nodeId":"1ac1b8a2-fd8c-47b9-8c59-cad7f4b39803"}}
{"__type":"$$EventMessageConfirm","confirm":"a96d2e76-4fc7-48b6-83cd-6203635e29a9","ts":"2026-07-10T05:52:46.393+00:00","source":{"id":"0","name":"eventBus"}}
{"__type":"$$EventMessageRunner","id":"194ccd75-8e25-4276-b47e-6da7ccac4b34","ts":"2026-07-10T05:52:46.404+00:00","eventName":"n8n.runner.task.requested","message":"n8n.runner.task.requested","payload":{"taskId":"_XlnOLIX","nodeId":"1ac1b8a2-fd8c-47b9-8c59-cad7f4b39803","workflowId":"HHy78WKSHAKO7h8D","executionId":"309"}}
{"__type":"$$EventMessageConfirm","confirm":"194ccd75-8e25-4276-b47e-6da7ccac4b34","ts":"2026-07-10T05:52:46.404+00:00","source":{"id":"0","name":"eventBus"}}
{"__type":"$$EventMessageNode","id":"29645d77-ce41-45c0-a04e-8d0e57f1eae8","ts":"2026-07-10T05:52:46.471+00:00","eventName":"n8n.node.finished","message":"n8n.node.finished","payload":{"workflowId":"HHy78WKSHAKO7h8D","workflowName":"Unified Reminders Scheduler","executionId":"309","nodeType":"n8n-nodes-base.code","nodeName":"Check Submissions","nodeId":"1ac1b8a2-fd8c-47b9-8c59-cad7f4b39803"}}
{"__type":"$$EventMessageConfirm","confirm":"29645d77-ce41-45c0-a04e-8d0e57f1eae8","ts":"2026-07-10T05:52:46.471+00:00","source":{"id":"0","name":"eventBus"}}
{"__type":"$$EventMessageWorkflow","id":"a856eb5c-965a-4469-821c-e26b861f68b2","ts":"2026-07-10T05:52:46.475+00:00","eventName":"n8n.workflow.failed","message":"n8n.workflow.failed","payload":{"userId":"7b3e0480-85d1-4351-8a64-bff74bd5f199","executionId":"309","success":false,"isManual":true,"mode":"manual","workflowId":"HHy78WKSHAKO7h8D","workflowName":"Unified Reminders Scheduler","projectId":"0hun36oYEh2yNKAD","projectName":"Kusum Pakira <kusumpakira1@gmail.com>","lastNodeExecuted":"Check Submissions","errorMessage":"Invalid time value [line 81]"}}
{"__type":"$$EventMessageConfirm","confirm":"a856eb5c-965a-4469-821c-e26b861f68b2","ts":"2026-07-10T05:52:46.475+00:00","source":{"id":"0","name":"eventBus"}}
{"__type":"$$EventMessageAudit","id":"54ec3693-5abd-4fb8-91bb-b9e27fd95d69","ts":"2026-07-10T05:54:43.838+00:00","eventName":"n8n.audit.workflow.executed","message":"n8n.audit.workflow.executed","payload":{"userId":"7b3e0480-85d1-4351-8a64-bff74bd5f199","_email":"kusumpakira1@gmail.com","_firstName":"Kusum","_lastName":"Pakira","globalRole":"global:owner","workflowId":"06NNhzcOqXgXgr47","workflowName":"Daily Report Reminder Workflow (6:00 PM)","executionId":"310","source":"user-manual"}}
{"__type":"$$EventMessageConfirm","confirm":"54ec3693-5abd-4fb8-91bb-b9e27fd95d69","ts":"2026-07-10T05:54:43.838+00:00","source":{"id":"0","name":"eventBus"}}
{"__type":"$$EventMessageWorkflow","id":"f1895eac-419c-4a30-ad6d-48a352546094","ts":"2026-07-10T05:54:43.839+00:00","eventName":"n8n.workflow.started","message":"n8n.workflow.started","payload":{"executionId":"310","workflowId":"06NNhzcOqXgXgr47","isManual":false,"mode":"manual","workflowName":"Daily Report Reminder Workflow (6:00 PM)","projectId":"0hun36oYEh2yNKAD","projectName":"Kusum Pakira <kusumpakira1@gmail.com>"}}
{"__type":"$$EventMessageConfirm","confirm":"f1895eac-419c-4a30-ad6d-48a352546094","ts":"2026-07-10T05:54:43.839+00:00","source":{"id":"0","name":"eventBus"}}
{"__type":"$$EventMessageNode","id":"9a79b683-5aa3-42b6-a44e-4d297ffcce8a","ts":"2026-07-10T05:54:43.853+00:00","eventName":"n8n.node.started","message":"n8n.node.started","payload":{"workflowId":"06NNhzcOqXgXgr47","workflowName":"Daily Report Reminder Workflow (6:00 PM)","executionId":"310","nodeType":"n8n-nodes-base.scheduleTrigger","nodeName":"Schedule Trigger","nodeId":"a9b645a8-00c2-4a72-a4ac-1de01c372d1b"}}
{"__type":"$$EventMessageConfirm","confirm":"9a79b683-5aa3-42b6-a44e-4d297ffcce8a","ts":"2026-07-10T05:54:43.853+00:00","source":{"id":"0","name":"eventBus"}}
{"__type":"$$EventMessageNode","id":"d4083e0a-3463-41b7-af57-3d80f0507b97","ts":"2026-07-10T05:54:43.884+00:00","eventName":"n8n.node.finished","message":"n8n.node.finished","payload":{"workflowId":"06NNhzcOqXgXgr47","workflowName":"Daily Report Reminder Workflow (6:00 PM)","executionId":"310","nodeType":"n8n-nodes-base.scheduleTrigger","nodeName":"Schedule Trigger","nodeId":"a9b645a8-00c2-4a72-a4ac-1de01c372d1b"}}
{"__type":"$$EventMessageConfirm","confirm":"d4083e0a-3463-41b7-af57-3d80f0507b97","ts":"2026-07-10T05:54:43.884+00:00","source":{"id":"0","name":"eventBus"}}
{"__type":"$$EventMessageNode","id":"5c1a92cb-6a52-4a2d-a3cc-be8e2c52226d","ts":"2026-07-10T05:54:43.885+00:00","eventName":"n8n.node.started","message":"n8n.node.started","payload":{"workflowId":"06NNhzcOqXgXgr47","workflowName":"Daily Report Reminder Workflow (6:00 PM)","executionId":"310","nodeType":"n8n-nodes-base.mySql","nodeName":"Fetch Expected Reminders","nodeId":"5983d079-3780-4424-8765-d36de55a73be"}}
{"__type":"$$EventMessageConfirm","confirm":"5c1a92cb-6a52-4a2d-a3cc-be8e2c52226d","ts":"2026-07-10T05:54:43.885+00:00","source":{"id":"0","name":"eventBus"}}
{"__type":"$$EventMessageNode","id":"ea77ae71-30ea-48fa-9a1c-a53409c947a1","ts":"2026-07-10T05:54:43.972+00:00","eventName":"n8n.node.finished","message":"n8n.node.finished","payload":{"workflowId":"06NNhzcOqXgXgr47","workflowName":"Daily Report Reminder Workflow (6:00 PM)","executionId":"310","nodeType":"n8n-nodes-base.mySql","nodeName":"Fetch Expected Reminders","nodeId":"5983d079-3780-4424-8765-d36de55a73be"}}
{"__type":"$$EventMessageConfirm","confirm":"ea77ae71-30ea-48fa-9a1c-a53409c947a1","ts":"2026-07-10T05:54:43.972+00:00","source":{"id":"0","name":"eventBus"}}
{"__type":"$$EventMessageNode","id":"38f71b4c-d965-405f-95f8-be8623f3a2fa","ts":"2026-07-10T05:54:43.973+00:00","eventName":"n8n.node.started","message":"n8n.node.started","payload":{"workflowId":"06NNhzcOqXgXgr47","workflowName":"Daily Report Reminder Workflow (6:00 PM)","executionId":"310","nodeType":"n8n-nodes-base.code","nodeName":"Intelligent Matcher","nodeId":"628a76f2-f45f-4ab8-bc78-63dff539226c"}}
{"__type":"$$EventMessageConfirm","confirm":"38f71b4c-d965-405f-95f8-be8623f3a2fa","ts":"2026-07-10T05:54:43.974+00:00","source":{"id":"0","name":"eventBus"}}
{"__type":"$$EventMessageRunner","id":"da279aaa-0380-45fd-89dd-6f6e43973d14","ts":"2026-07-10T05:54:43.978+00:00","eventName":"n8n.runner.task.requested","message":"n8n.runner.task.requested","payload":{"taskId":"lHd0Gyir","nodeId":"628a76f2-f45f-4ab8-bc78-63dff539226c","workflowId":"06NNhzcOqXgXgr47","executionId":"310"}}
{"__type":"$$EventMessageConfirm","confirm":"da279aaa-0380-45fd-89dd-6f6e43973d14","ts":"2026-07-10T05:54:43.978+00:00","source":{"id":"0","name":"eventBus"}}
{"__type":"$$EventMessageRunner","id":"394ac0a5-869a-41e3-9277-24b1bcd08b0c","ts":"2026-07-10T05:54:44.036+00:00","eventName":"n8n.runner.response.received","message":"n8n.runner.response.received","payload":{"taskId":"lHd0Gyir","nodeId":"628a76f2-f45f-4ab8-bc78-63dff539226c","workflowId":"06NNhzcOqXgXgr47","executionId":"310"}}
{"__type":"$$EventMessageConfirm","confirm":"394ac0a5-869a-41e3-9277-24b1bcd08b0c","ts":"2026-07-10T05:54:44.036+00:00","source":{"id":"0","name":"eventBus"}}
{"__type":"$$EventMessageNode","id":"901ccec1-bbca-4e62-85dc-9f6532174d9c","ts":"2026-07-10T05:54:44.036+00:00","eventName":"n8n.node.finished","message":"n8n.node.finished","payload":{"workflowId":"06NNhzcOqXgXgr47","workflowName":"Daily Report Reminder Workflow (6:00 PM)","executionId":"310","nodeType":"n8n-nodes-base.code","nodeName":"Intelligent Matcher","nodeId":"628a76f2-f45f-4ab8-bc78-63dff539226c"}}
{"__type":"$$EventMessageConfirm","confirm":"901ccec1-bbca-4e62-85dc-9f6532174d9c","ts":"2026-07-10T05:54:44.036+00:00","source":{"id":"0","name":"eventBus"}}
{"__type":"$$EventMessageNode","id":"d06b9d74-3747-4ce7-a62b-491638027b6f","ts":"2026-07-10T05:54:44.037+00:00","eventName":"n8n.node.started","message":"n8n.node.started","payload":{"workflowId":"06NNhzcOqXgXgr47","workflowName":"Daily Report Reminder Workflow (6:00 PM)","executionId":"310","nodeType":"n8n-nodes-base.httpRequest","nodeName":"Send WhatsApp Message","nodeId":"33d2c8cd-41cd-4812-acd7-b3288b69d472"}}
{"__type":"$$EventMessageConfirm","confirm":"d06b9d74-3747-4ce7-a62b-491638027b6f","ts":"2026-07-10T05:54:44.037+00:00","source":{"id":"0","name":"eventBus"}}
{"__type":"$$EventMessageNode","id":"e67e0b06-ae7e-49c4-aefc-42e2d2c49df2","ts":"2026-07-10T01:54:49.898-04:00","eventName":"n8n.node.finished","message":"n8n.node.finished","payload":{"workflowId":"06NNhzcOqXgXgr47","workflowName":"Daily Report Reminder Workflow (6:00 PM)","executionId":"310","nodeType":"n8n-nodes-base.httpRequest","nodeName":"Send WhatsApp Message","nodeId":"33d2c8cd-41cd-4812-acd7-b3288b69d472"}}
{"__type":"$$EventMessageConfirm","confirm":"e67e0b06-ae7e-49c4-aefc-42e2d2c49df2","ts":"2026-07-10T01:54:49.898-04:00","source":{"id":"0","name":"eventBus"}}
{"__type":"$$EventMessageNode","id":"ebb0a4c2-18d4-49f4-9600-fdbd84193fee","ts":"2026-07-10T01:54:49.905-04:00","eventName":"n8n.node.started","message":"n8n.node.started","payload":{"workflowId":"06NNhzcOqXgXgr47","workflowName":"Daily Report Reminder Workflow (6:00 PM)","executionId":"310","nodeType":"n8n-nodes-base.mySql","nodeName":"Fetch Processed Data","nodeId":"46ef20f1-5ccc-4374-a14c-94a17261bcb4"}}
{"__type":"$$EventMessageConfirm","confirm":"ebb0a4c2-18d4-49f4-9600-fdbd84193fee","ts":"2026-07-10T01:54:49.905-04:00","source":{"id":"0","name":"eventBus"}}
{"__type":"$$EventMessageNode","id":"fbaf37d3-39c2-4a64-bbdb-20e1deba5abc","ts":"2026-07-10T01:54:49.984-04:00","eventName":"n8n.node.finished","message":"n8n.node.finished","payload":{"workflowId":"06NNhzcOqXgXgr47","workflowName":"Daily Report Reminder Workflow (6:00 PM)","executionId":"310","nodeType":"n8n-nodes-base.mySql","nodeName":"Fetch Processed Data","nodeId":"46ef20f1-5ccc-4374-a14c-94a17261bcb4"}}
{"__type":"$$EventMessageConfirm","confirm":"fbaf37d3-39c2-4a64-bbdb-20e1deba5abc","ts":"2026-07-10T01:54:49.985-04:00","source":{"id":"0","name":"eventBus"}}
{"__type":"$$EventMessageNode","id":"d61cd36d-42b0-4092-a912-4d316828b835","ts":"2026-07-10T01:54:49.986-04:00","eventName":"n8n.node.started","message":"n8n.node.started","payload":{"workflowId":"06NNhzcOqXgXgr47","workflowName":"Daily Report Reminder Workflow (6:00 PM)","executionId":"310","nodeType":"n8n-nodes-base.code","nodeName":"Intelligent Matcher","nodeId":"628a76f2-f45f-4ab8-bc78-63dff539226c"}}
{"__type":"$$EventMessageConfirm","confirm":"d61cd36d-42b0-4092-a912-4d316828b835","ts":"2026-07-10T01:54:49.986-04:00","source":{"id":"0","name":"eventBus"}}
{"__type":"$$EventMessageRunner","id":"c0f232e2-bcbe-450a-85d6-a915ab24439a","ts":"2026-07-10T01:54:49.989-04:00","eventName":"n8n.runner.task.requested","message":"n8n.runner.task.requested","payload":{"taskId":"-TKLj0iK","nodeId":"628a76f2-f45f-4ab8-bc78-63dff539226c","workflowId":"06NNhzcOqXgXgr47","executionId":"310"}}
{"__type":"$$EventMessageConfirm","confirm":"c0f232e2-bcbe-450a-85d6-a915ab24439a","ts":"2026-07-10T01:54:49.989-04:00","source":{"id":"0","name":"eventBus"}}
{"__type":"$$EventMessageRunner","id":"bf854f3d-e07e-445c-abc2-6226bf479d5d","ts":"2026-07-10T01:54:50.022-04:00","eventName":"n8n.runner.response.received","message":"n8n.runner.response.received","payload":{"taskId":"-TKLj0iK","nodeId":"628a76f2-f45f-4ab8-bc78-63dff539226c","workflowId":"06NNhzcOqXgXgr47","executionId":"310"}}
{"__type":"$$EventMessageConfirm","confirm":"bf854f3d-e07e-445c-abc2-6226bf479d5d","ts":"2026-07-10T01:54:50.022-04:00","source":{"id":"0","name":"eventBus"}}
{"__type":"$$EventMessageNode","id":"ea269370-8085-48d4-9654-3989c8455386","ts":"2026-07-10T01:54:50.022-04:00","eventName":"n8n.node.finished","message":"n8n.node.finished","payload":{"workflowId":"06NNhzcOqXgXgr47","workflowName":"Daily Report Reminder Workflow (6:00 PM)","executionId":"310","nodeType":"n8n-nodes-base.code","nodeName":"Intelligent Matcher","nodeId":"628a76f2-f45f-4ab8-bc78-63dff539226c"}}
{"__type":"$$EventMessageConfirm","confirm":"ea269370-8085-48d4-9654-3989c8455386","ts":"2026-07-10T01:54:50.022-04:00","source":{"id":"0","name":"eventBus"}}
{"__type":"$$EventMessageNode","id":"e0525799-9a2d-4209-81f2-7232c175fcab","ts":"2026-07-10T01:54:50.023-04:00","eventName":"n8n.node.started","message":"n8n.node.started","payload":{"workflowId":"06NNhzcOqXgXgr47","workflowName":"Daily Report Reminder Workflow (6:00 PM)","executionId":"310","nodeType":"n8n-nodes-base.httpRequest","nodeName":"Send WhatsApp Message","nodeId":"33d2c8cd-41cd-4812-acd7-b3288b69d472"}}
{"__type":"$$EventMessageConfirm","confirm":"e0525799-9a2d-4209-81f2-7232c175fcab","ts":"2026-07-10T01:54:50.023-04:00","source":{"id":"0","name":"eventBus"}}
{"__type":"$$EventMessageNode","id":"9a94e9fc-e275-4d9a-9431-763d4648f27a","ts":"2026-07-10T01:54:53.758-04:00","eventName":"n8n.node.finished","message":"n8n.node.finished","payload":{"workflowId":"06NNhzcOqXgXgr47","workflowName":"Daily Report Reminder Workflow (6:00 PM)","executionId":"310","nodeType":"n8n-nodes-base.httpRequest","nodeName":"Send WhatsApp Message","nodeId":"33d2c8cd-41cd-4812-acd7-b3288b69d472"}}
{"__type":"$$EventMessageConfirm","confirm":"9a94e9fc-e275-4d9a-9431-763d4648f27a","ts":"2026-07-10T01:54:53.759-04:00","source":{"id":"0","name":"eventBus"}}
{"__type":"$$EventMessageNode","id":"6b50afd0-afea-420e-a371-5f8fa500c5b2","ts":"2026-07-10T01:54:53.765-04:00","eventName":"n8n.node.started","message":"n8n.node.started","payload":{"workflowId":"06NNhzcOqXgXgr47","workflowName":"Daily Report Reminder Workflow (6:00 PM)","executionId":"310","nodeType":"n8n-nodes-base.mySql","nodeName":"Fetch Raw Messages","nodeId":"a95e7231-71db-4ef0-a26f-dae7d4c62bfe"}}
{"__type":"$$EventMessageConfirm","confirm":"6b50afd0-afea-420e-a371-5f8fa500c5b2","ts":"2026-07-10T01:54:53.765-04:00","source":{"id":"0","name":"eventBus"}}
{"__type":"$$EventMessageNode","id":"d10b30d7-6d05-4719-be11-292d984230fb","ts":"2026-07-10T01:54:53.842-04:00","eventName":"n8n.node.finished","message":"n8n.node.finished","payload":{"workflowId":"06NNhzcOqXgXgr47","workflowName":"Daily Report Reminder Workflow (6:00 PM)","executionId":"310","nodeType":"n8n-nodes-base.mySql","nodeName":"Fetch Raw Messages","nodeId":"a95e7231-71db-4ef0-a26f-dae7d4c62bfe"}}
{"__type":"$$EventMessageConfirm","confirm":"d10b30d7-6d05-4719-be11-292d984230fb","ts":"2026-07-10T01:54:53.842-04:00","source":{"id":"0","name":"eventBus"}}
{"__type":"$$EventMessageNode","id":"684662c9-cea5-482f-b14c-820872617a19","ts":"2026-07-10T01:54:53.843-04:00","eventName":"n8n.node.started","message":"n8n.node.started","payload":{"workflowId":"06NNhzcOqXgXgr47","workflowName":"Daily Report Reminder Workflow (6:00 PM)","executionId":"310","nodeType":"n8n-nodes-base.code","nodeName":"Intelligent Matcher","nodeId":"628a76f2-f45f-4ab8-bc78-63dff539226c"}}
{"__type":"$$EventMessageConfirm","confirm":"684662c9-cea5-482f-b14c-820872617a19","ts":"2026-07-10T01:54:53.843-04:00","source":{"id":"0","name":"eventBus"}}
{"__type":"$$EventMessageRunner","id":"4d808562-5460-4da9-be97-b06a518d0efd","ts":"2026-07-10T01:54:53.845-04:00","eventName":"n8n.runner.task.requested","message":"n8n.runner.task.requested","payload":{"taskId":"2DNLgU4x","nodeId":"628a76f2-f45f-4ab8-bc78-63dff539226c","workflowId":"06NNhzcOqXgXgr47","executionId":"310"}}
{"__type":"$$EventMessageConfirm","confirm":"4d808562-5460-4da9-be97-b06a518d0efd","ts":"2026-07-10T01:54:53.845-04:00","source":{"id":"0","name":"eventBus"}}
{"__type":"$$EventMessageRunner","id":"5d39d59e-6458-4de9-a3f1-bc43de7cac9d","ts":"2026-07-10T01:54:53.870-04:00","eventName":"n8n.runner.response.received","message":"n8n.runner.response.received","payload":{"taskId":"2DNLgU4x","nodeId":"628a76f2-f45f-4ab8-bc78-63dff539226c","workflowId":"06NNhzcOqXgXgr47","executionId":"310"}}
{"__type":"$$EventMessageConfirm","confirm":"5d39d59e-6458-4de9-a3f1-bc43de7cac9d","ts":"2026-07-10T01:54:53.870-04:00","source":{"id":"0","name":"eventBus"}}
{"__type":"$$EventMessageNode","id":"4f64b6bb-9067-4f48-8911-361e7f9a58ba","ts":"2026-07-10T01:54:53.871-04:00","eventName":"n8n.node.finished","message":"n8n.node.finished","payload":{"workflowId":"06NNhzcOqXgXgr47","workflowName":"Daily Report Reminder Workflow (6:00 PM)","executionId":"310","nodeType":"n8n-nodes-base.code","nodeName":"Intelligent Matcher","nodeId":"628a76f2-f45f-4ab8-bc78-63dff539226c"}}
{"__type":"$$EventMessageConfirm","confirm":"4f64b6bb-9067-4f48-8911-361e7f9a58ba","ts":"2026-07-10T01:54:53.871-04:00","source":{"id":"0","name":"eventBus"}}
{"__type":"$$EventMessageNode","id":"50ac4dc4-b9ae-4d6d-9ce4-3c235497776e","ts":"2026-07-10T01:54:53.871-04:00","eventName":"n8n.node.started","message":"n8n.node.started","payload":{"workflowId":"06NNhzcOqXgXgr47","workflowName":"Daily Report Reminder Workflow (6:00 PM)","executionId":"310","nodeType":"n8n-nodes-base.httpRequest","nodeName":"Send WhatsApp Message","nodeId":"33d2c8cd-41cd-4812-acd7-b3288b69d472"}}
{"__type":"$$EventMessageConfirm","confirm":"50ac4dc4-b9ae-4d6d-9ce4-3c235497776e","ts":"2026-07-10T01:54:53.872-04:00","source":{"id":"0","name":"eventBus"}}
{"__type":"$$EventMessageNode","id":"ba194d35-cd68-445c-81fe-d58b0e79f463","ts":"2026-07-10T01:54:57.602-04:00","eventName":"n8n.node.finished","message":"n8n.node.finished","payload":{"workflowId":"06NNhzcOqXgXgr47","workflowName":"Daily Report Reminder Workflow (6:00 PM)","executionId":"310","nodeType":"n8n-nodes-base.httpRequest","nodeName":"Send WhatsApp Message","nodeId":"33d2c8cd-41cd-4812-acd7-b3288b69d472"}}
{"__type":"$$EventMessageConfirm","confirm":"ba194d35-cd68-445c-81fe-d58b0e79f463","ts":"2026-07-10T01:54:57.602-04:00","source":{"id":"0","name":"eventBus"}}
{"__type":"$$EventMessageWorkflow","id":"c45949eb-ec1c-4671-8d7b-b97dbb222330","ts":"2026-07-10T01:54:57.608-04:00","eventName":"n8n.workflow.success","message":"n8n.workflow.success","payload":{"userId":"7b3e0480-85d1-4351-8a64-bff74bd5f199","executionId":"310","success":true,"isManual":true,"mode":"manual","workflowId":"06NNhzcOqXgXgr47","workflowName":"Daily Report Reminder Workflow (6:00 PM)","projectId":"0hun36oYEh2yNKAD","projectName":"Kusum Pakira <kusumpakira1@gmail.com>"}}
{"__type":"$$EventMessageConfirm","confirm":"c45949eb-ec1c-4671-8d7b-b97dbb222330","ts":"2026-07-10T01:54:57.608-04:00","source":{"id":"0","name":"eventBus"}}
{"__type":"$$EventMessageAudit","id":"74f99dff-233f-4cc0-80b3-a9f4dc5a5a30","ts":"2026-07-10T02:08:22.441-04:00","eventName":"n8n.audit.workflow.updated","message":"n8n.audit.workflow.updated","payload":{"userId":"7b3e0480-85d1-4351-8a64-bff74bd5f199","_email":"kusumpakira1@gmail.com","_firstName":"Kusum","_lastName":"Pakira","globalRole":"global:owner","workflowId":"06NNhzcOqXgXgr47","workflowName":"Daily Report Reminder Workflow (6:00 PM)"}}
{"__type":"$$EventMessageConfirm","confirm":"74f99dff-233f-4cc0-80b3-a9f4dc5a5a30","ts":"2026-07-10T02:08:22.444-04:00","source":{"id":"0","name":"eventBus"}}
